This file contains any messages produced by compilers while
running configure, to aid debugging if configure makes a mistake.

configure:530: checking for gcc
configure:643: checking whether the C compiler (mips-linux-gcc -Os  -Dlinux -D__linux__ -Dunix -D__uClinux__ -DEMBED -I/myviews/xj1_rel2618_1_0_sview/vobs/Ref_Linux_Kernel/src/uclinux-rootfs/lib/uClibc/include -I/myviews/xj1_rel2618_1_0_sview/vobs/Ref_Linux_Kernel/src/uclinux-rootfs -fno-builtin -I/myviews/xj1_rel2618_1_0_sview/vobs/Ref_Linux_Kernel/src/uclinux-rootfs/linux-2.6.x/include -Os  -Dlinux -D__linux__ -Dunix -D__uClinux__ -DEMBED -I/myviews/xj1_rel2618_1_0_sview/vobs/Ref_Linux_Kernel/src/uclinux-rootfs/lib/uClibc/include -I/myviews/xj1_rel2618_1_0_sview/vobs/Ref_Linux_Kernel/src/uclinux-rootfs -fno-builtin -I/myviews/xj1_rel2618_1_0_sview/vobs/Ref_Linux_Kernel/src/uclinux-rootfs/linux-2.6.x/include -Os  -Dlinux -D__linux__ -Dunix -D__uClinux__ -DEMBED -I/myviews/xj1_rel2618_1_0_sview/vobs/Ref_Linux_Kernel/src/uclinux-rootfs/lib/uClibc/include -I/myviews/xj1_rel2618_1_0_sview/vobs/Ref_Linux_Kernel/src/uclinux-rootfs -fno-builtin -I/myviews/xj1_rel2618_1_0_sview/vobs/Ref_Linux_Kernel/src/uclinux-rootfs/linux-2.6.x/include) works
configure:659: mips-linux-gcc -o conftest -Os  -Dlinux -D__linux__ -Dunix -D__uClinux__ -DEMBED -I/myviews/xj1_rel2618_1_0_sview/vobs/Ref_Linux_Kernel/src/uclinux-rootfs/lib/uClibc/include -I/myviews/xj1_rel2618_1_0_sview/vobs/Ref_Linux_Kernel/src/uclinux-rootfs -fno-builtin -I/myviews/xj1_rel2618_1_0_sview/vobs/Ref_Linux_Kernel/src/uclinux-rootfs/linux-2.6.x/include  -Os  -Dlinux -D__linux__ -Dunix -D__uClinux__ -DEMBED -I/myviews/xj1_rel2618_1_0_sview/vobs/Ref_Linux_Kernel/src/uclinux-rootfs/lib/uClibc/include -I/myviews/xj1_rel2618_1_0_sview/vobs/Ref_Linux_Kernel/src/uclinux-rootfs -fno-builtin -I/myviews/xj1_rel2618_1_0_sview/vobs/Ref_Linux_Kernel/src/uclinux-rootfs/linux-2.6.x/include -Os  -Dlinux -D__linux__ -Dunix -D__uClinux__ -DEMBED -I/myviews/xj1_rel2618_1_0_sview/vobs/Ref_Linux_Kernel/src/uclinux-rootfs/lib/uClibc/include -I/myviews/xj1_rel2618_1_0_sview/vobs/Ref_Linux_Kernel/src/uclinux-rootfs -fno-builtin -I/myviews/xj1_rel2618_1_0_sview/vobs/Ref_Linux_Kernel/src/uclinux-rootfs/linux-2.6.x/include conftest.c  1>&5
configure:685: checking whether the C compiler (mips-linux-gcc -Os  -Dlinux -D__linux__ -Dunix -D__uClinux__ -DEMBED -I/myviews/xj1_rel2618_1_0_sview/vobs/Ref_Linux_Kernel/src/uclinux-rootfs/lib/uClibc/include -I/myviews/xj1_rel2618_1_0_sview/vobs/Ref_Linux_Kernel/src/uclinux-rootfs -fno-builtin -I/myviews/xj1_rel2618_1_0_sview/vobs/Ref_Linux_Kernel/src/uclinux-rootfs/linux-2.6.x/include -Os  -Dlinux -D__linux__ -Dunix -D__uClinux__ -DEMBED -I/myviews/xj1_rel2618_1_0_sview/vobs/Ref_Linux_Kernel/src/uclinux-rootfs/lib/uClibc/include -I/myviews/xj1_rel2618_1_0_sview/vobs/Ref_Linux_Kernel/src/uclinux-rootfs -fno-builtin -I/myviews/xj1_rel2618_1_0_sview/vobs/Ref_Linux_Kernel/src/uclinux-rootfs/linux-2.6.x/include -Os  -Dlinux -D__linux__ -Dunix -D__uClinux__ -DEMBED -I/myviews/xj1_rel2618_1_0_sview/vobs/Ref_Linux_Kernel/src/uclinux-rootfs/lib/uClibc/include -I/myviews/xj1_rel2618_1_0_sview/vobs/Ref_Linux_Kernel/src/uclinux-rootfs -fno-builtin -I/myviews/xj1_rel2618_1_0_sview/vobs/Ref_Linux_Kernel/src/uclinux-rootfs/linux-2.6.x/include) is a cross-compiler
configure:690: checking whether we are using GNU C
configure:699: mips-linux-gcc -E conftest.c
configure:718: checking whether mips-linux-gcc accepts -g
configure:797: checking host system type
configure:818: checking target system type
configure:836: checking build system type
configure:871: checking for a BSD compatible install
configure:925: checking how to run the C preprocessor
configure:946: mips-linux-gcc -E  conftest.c >/dev/null 2>conftest.out
configure:1005: checking for ANSI C header files
configure:1018: mips-linux-gcc -E  conftest.c >/dev/null 2>conftest.out
configure:1113: checking for sgtty.h
configure:1123: mips-linux-gcc -E  conftest.c >/dev/null 2>conftest.out
configure:1113: checking for termio.h
configure:1123: mips-linux-gcc -E  conftest.c >/dev/null 2>conftest.out
configure:1113: checking for termios.h
configure:1123: mips-linux-gcc -E  conftest.c >/dev/null 2>conftest.out
configure:1113: checking for sys/reg.h
configure:1123: mips-linux-gcc -E  conftest.c >/dev/null 2>conftest.out
configure:1119:21: sys/reg.h: No such file or directory
configure: failed program was:
#line 1118 "configure"
#include "confdefs.h"
#include <sys/reg.h>
configure:1113: checking for string.h
configure:1123: mips-linux-gcc -E  conftest.c >/dev/null 2>conftest.out
configure:1113: checking for proc_service.h
configure:1123: mips-linux-gcc -E  conftest.c >/dev/null 2>conftest.out
configure:1119:26: proc_service.h: No such file or directory
configure: failed program was:
#line 1118 "configure"
#include "confdefs.h"
#include <proc_service.h>
configure:1113: checking for sys/procfs.h
configure:1123: mips-linux-gcc -E  conftest.c >/dev/null 2>conftest.out
configure:1113: checking for thread_db.h
configure:1123: mips-linux-gcc -E  conftest.c >/dev/null 2>conftest.out
configure:1113: checking for linux/elf.h
configure:1123: mips-linux-gcc -E  conftest.c >/dev/null 2>conftest.out
configure:1113: checking for stdlib.h
configure:1123: mips-linux-gcc -E  conftest.c >/dev/null 2>conftest.out
configure:1113: checking for unistd.h
configure:1123: mips-linux-gcc -E  conftest.c >/dev/null 2>conftest.out
configure:1151: checking whether strerror must be declared
configure:1177: mips-linux-gcc -c -Os  -Dlinux -D__linux__ -Dunix -D__uClinux__ -DEMBED -I/myviews/xj1_rel2618_1_0_sview/vobs/Ref_Linux_Kernel/src/uclinux-rootfs/lib/uClibc/include -I/myviews/xj1_rel2618_1_0_sview/vobs/Ref_Linux_Kernel/src/uclinux-rootfs -fno-builtin -I/myviews/xj1_rel2618_1_0_sview/vobs/Ref_Linux_Kernel/src/uclinux-rootfs/linux-2.6.x/include  conftest.c 1>&5
configure:1277: checking for lwpid_t in sys/procfs.h
configure:1291: mips-linux-gcc -c -Os  -Dlinux -D__linux__ -Dunix -D__uClinux__ -DEMBED -I/myviews/xj1_rel2618_1_0_sview/vobs/Ref_Linux_Kernel/src/uclinux-rootfs/lib/uClibc/include -I/myviews/xj1_rel2618_1_0_sview/vobs/Ref_Linux_Kernel/src/uclinux-rootfs -fno-builtin -I/myviews/xj1_rel2618_1_0_sview/vobs/Ref_Linux_Kernel/src/uclinux-rootfs/linux-2.6.x/include  conftest.c 1>&5
configure:1313: checking for psaddr_t in sys/procfs.h
configure:1327: mips-linux-gcc -c -Os  -Dlinux -D__linux__ -Dunix -D__uClinux__ -DEMBED -I/myviews/xj1_rel2618_1_0_sview/vobs/Ref_Linux_Kernel/src/uclinux-rootfs/lib/uClibc/include -I/myviews/xj1_rel2618_1_0_sview/vobs/Ref_Linux_Kernel/src/uclinux-rootfs -fno-builtin -I/myviews/xj1_rel2618_1_0_sview/vobs/Ref_Linux_Kernel/src/uclinux-rootfs/linux-2.6.x/include  conftest.c 1>&5
configure:1349: checking for prgregset_t in sys/procfs.h
configure:1363: mips-linux-gcc -c -Os  -Dlinux -D__linux__ -Dunix -D__uClinux__ -DEMBED -I/myviews/xj1_rel2618_1_0_sview/vobs/Ref_Linux_Kernel/src/uclinux-rootfs/lib/uClibc/include -I/myviews/xj1_rel2618_1_0_sview/vobs/Ref_Linux_Kernel/src/uclinux-rootfs -fno-builtin -I/myviews/xj1_rel2618_1_0_sview/vobs/Ref_Linux_Kernel/src/uclinux-rootfs/linux-2.6.x/include  conftest.c 1>&5
configure:1385: checking for prfpregset_t in sys/procfs.h
configure:1399: mips-linux-gcc -c -Os  -Dlinux -D__linux__ -Dunix -D__uClinux__ -DEMBED -I/myviews/xj1_rel2618_1_0_sview/vobs/Ref_Linux_Kernel/src/uclinux-rootfs/lib/uClibc/include -I/myviews/xj1_rel2618_1_0_sview/vobs/Ref_Linux_Kernel/src/uclinux-rootfs -fno-builtin -I/myviews/xj1_rel2618_1_0_sview/vobs/Ref_Linux_Kernel/src/uclinux-rootfs/linux-2.6.x/include  conftest.c 1>&5
configure:1425: checking whether prfpregset_t type is broken
configure:1467: checking for elf_fpregset_t in sys/procfs.h
configure:1481: mips-linux-gcc -c -Os  -Dlinux -D__linux__ -Dunix -D__uClinux__ -DEMBED -I/myviews/xj1_rel2618_1_0_sview/vobs/Ref_Linux_Kernel/src/uclinux-rootfs/lib/uClibc/include -I/myviews/xj1_rel2618_1_0_sview/vobs/Ref_Linux_Kernel/src/uclinux-rootfs -fno-builtin -I/myviews/xj1_rel2618_1_0_sview/vobs/Ref_Linux_Kernel/src/uclinux-rootfs/linux-2.6.x/include  conftest.c 1>&5
configure:1510: checking for libthread_db
configure:1531: mips-linux-gcc -o conftest -Os  -Dlinux -D__linux__ -Dunix -D__uClinux__ -DEMBED -I/myviews/xj1_rel2618_1_0_sview/vobs/Ref_Linux_Kernel/src/uclinux-rootfs/lib/uClibc/include -I/myviews/xj1_rel2618_1_0_sview/vobs/Ref_Linux_Kernel/src/uclinux-rootfs -fno-builtin -I/myviews/xj1_rel2618_1_0_sview/vobs/Ref_Linux_Kernel/src/uclinux-rootfs/linux-2.6.x/include  -Os  -Dlinux -D__linux__ -Dunix -D__uClinux__ -DEMBED -I/myviews/xj1_rel2618_1_0_sview/vobs/Ref_Linux_Kernel/src/uclinux-rootfs/lib/uClibc/include -I/myviews/xj1_rel2618_1_0_sview/vobs/Ref_Linux_Kernel/src/uclinux-rootfs -fno-builtin -I/myviews/xj1_rel2618_1_0_sview/vobs/Ref_Linux_Kernel/src/uclinux-rootfs/linux-2.6.x/include -Os  -Dlinux -D__linux__ -Dunix -D__uClinux__ -DEMBED -I/myviews/xj1_rel2618_1_0_sview/vobs/Ref_Linux_Kernel/src/uclinux-rootfs/lib/uClibc/include -I/myviews/xj1_rel2618_1_0_sview/vobs/Ref_Linux_Kernel/src/uclinux-rootfs -fno-builtin -I/myviews/xj1_rel2618_1_0_sview/vobs/Ref_Linux_Kernel/src/uclinux-rootfs/linux-2.6.x/include conftest.c  -lthread_db 1>&5
configure:1596: mips-linux-gcc -o conftest -Os  -Dlinux -D__linux__ -Dunix -D__uClinux__ -DEMBED -I/myviews/xj1_rel2618_1_0_sview/vobs/Ref_Linux_Kernel/src/uclinux-rootfs/lib/uClibc/include -I/myviews/xj1_rel2618_1_0_sview/vobs/Ref_Linux_Kernel/src/uclinux-rootfs -fno-builtin -I/myviews/xj1_rel2618_1_0_sview/vobs/Ref_Linux_Kernel/src/uclinux-rootfs/linux-2.6.x/include  -Os  -Dlinux -D__linux__ -Dunix -D__uClinux__ -DEMBED -I/myviews/xj1_rel2618_1_0_sview/vobs/Ref_Linux_Kernel/src/uclinux-rootfs/lib/uClibc/include -I/myviews/xj1_rel2618_1_0_sview/vobs/Ref_Linux_Kernel/src/uclinux-rootfs -fno-builtin -I/myviews/xj1_rel2618_1_0_sview/vobs/Ref_Linux_Kernel/src/uclinux-rootfs/linux-2.6.x/include -Os  -Dlinux -D__linux__ -Dunix -D__uClinux__ -DEMBED -I/myviews/xj1_rel2618_1_0_sview/vobs/Ref_Linux_Kernel/src/uclinux-rootfs/lib/uClibc/include -I/myviews/xj1_rel2618_1_0_sview/vobs/Ref_Linux_Kernel/src/uclinux-rootfs -fno-builtin -I/myviews/xj1_rel2618_1_0_sview/vobs/Ref_Linux_Kernel/src/uclinux-rootfs/linux-2.6.x/include -rdynamic conftest.c  -lthread_db 1>&5
/opt/toolchains/crosstools_hf-linux-2.6.12.0_gcc-3.4.6-20_uclibc-0.9.28-20050817-20070131/bin/../lib/gcc/mips-linux-uclibc/3.4.6/../../../../mips-linux-uclibc/lib/libthread_db.so: undefined reference to `ps_pglobal_lookup'
/opt/toolchains/crosstools_hf-linux-2.6.12.0_gcc-3.4.6-20_uclibc-0.9.28-20050817-20070131/bin/../lib/gcc/mips-linux-uclibc/3.4.6/../../../../mips-linux-uclibc/lib/libthread_db.so: undefined reference to `ps_pdwrite'
/opt/toolchains/crosstools_hf-linux-2.6.12.0_gcc-3.4.6-20_uclibc-0.9.28-20050817-20070131/bin/../lib/gcc/mips-linux-uclibc/3.4.6/../../../../mips-linux-uclibc/lib/libthread_db.so: undefined reference to `ps_lsetfpregs'
/opt/toolchains/crosstools_hf-linux-2.6.12.0_gcc-3.4.6-20_uclibc-0.9.28-20050817-20070131/bin/../lib/gcc/mips-linux-uclibc/3.4.6/../../../../mips-linux-uclibc/lib/libthread_db.so: undefined reference to `ps_getpid'
/opt/toolchains/crosstools_hf-linux-2.6.12.0_gcc-3.4.6-20_uclibc-0.9.28-20050817-20070131/bin/../lib/gcc/mips-linux-uclibc/3.4.6/../../../../mips-linux-uclibc/lib/libthread_db.so: undefined reference to `ps_lsetregs'
/opt/toolchains/crosstools_hf-linux-2.6.12.0_gcc-3.4.6-20_uclibc-0.9.28-20050817-20070131/bin/../lib/gcc/mips-linux-uclibc/3.4.6/../../../../mips-linux-uclibc/lib/libthread_db.so: undefined reference to `ps_pdread'
/opt/toolchains/crosstools_hf-linux-2.6.12.0_gcc-3.4.6-20_uclibc-0.9.28-20050817-20070131/bin/../lib/gcc/mips-linux-uclibc/3.4.6/../../../../mips-linux-uclibc/lib/libthread_db.so: undefined reference to `ps_lgetfpregs'
/opt/toolchains/crosstools_hf-linux-2.6.12.0_gcc-3.4.6-20_uclibc-0.9.28-20050817-20070131/bin/../lib/gcc/mips-linux-uclibc/3.4.6/../../../../mips-linux-uclibc/lib/libthread_db.so: undefined reference to `ps_lgetregs'
collect2: ld returned 1 exit status
configure: failed program was:
#line 1589 "configure"
#include "confdefs.h"

int main() {

; return 0; }
