This file contains any messages produced by compilers while
running configure, to aid debugging if configure makes a mistake.

It was created by configure, which was
generated by GNU Autoconf 2.59.  Invocation command line was

  $ /myviews/xj1_rel2618_1_0_sview/vobs/Ref_Linux_Kernel/src/uclinux-rootfs/lib/binutils-2.17.50.0.12/opcodes/configure --cache-file=./config.cache --with-gnu-as --with-gnu-ld --with-stabs --enable-multilib --program-transform-name=s,y,y, --build=i386-linux --host=mips-linux --target=mips-linux --srcdir=.././opcodes

## --------- ##
## Platform. ##
## --------- ##

hostname = linux_test.broadcom.com
uname -m = i686
uname -r = 2.6.9-1.667smp
uname -s = Linux
uname -v = #1 SMP Tue Nov 2 14:59:52 EST 2004

/usr/bin/uname -p = unknown
/bin/uname -X     = unknown

/bin/arch              = i686
/usr/bin/arch -k       = unknown
/usr/convex/getsysinfo = unknown
hostinfo               = unknown
/bin/machine           = unknown
/usr/bin/oslevel       = unknown
/bin/universe          = unknown

PATH: /root/bin
PATH: /sbin
PATH: /usr/sbin
PATH: /usr/local/bin
PATH: /root/bin
PATH: /etc
PATH: /usr/bin
PATH: /bin
PATH: /usr/bin/X11
PATH: /opt/toolchains/uclibc-crosstools/bin
PATH: /usr/atria/bin
PATH: /usr/lib
PATH: .
PATH: /myviews/xj1_rel2618_1_0_sview/vobs/Ref_Linux_Kernel/src/uclinux-rootfs/tools


## ----------- ##
## Core tests. ##
## ----------- ##

configure:1242: creating cache ./config.cache
configure:1355: checking build system type
configure:1373: result: i386-pc-linux-gnu
configure:1381: checking host system type
configure:1395: result: mips-unknown-linux-gnu
configure:1403: checking target system type
configure:1417: result: mips-unknown-linux-gnu
configure:1439: checking for mips-linux-gcc
configure:1465: result: mips-linux-gcc
configure:1747: checking for C compiler version
configure:1750: mips-linux-gcc --version </dev/null >&5
mips-linux-gcc (GCC) 3.4.6
Copyright (C) 2006 Free Software Foundation, Inc.
This is free software; see the source for copying conditions.  There is NO
warranty; not even for MERCHANTABILITY or FITNESS FOR A PARTICULAR PURPOSE.

configure:1753: $? = 0
configure:1755: mips-linux-gcc -v </dev/null >&5
Reading specs from /opt/toolchains/crosstools_hf-linux-2.6.12.0_gcc-3.4.6-20_uclibc-0.9.28-20050817-20070131/bin/../lib/gcc/mips-linux-uclibc/3.4.6/specs
Configured with: ../gcc-3.4.6/configure --prefix=/opt/toolchains/crosstools_hf-linux-2.6.12.0_gcc-3.4.6-20_uclibc-0.9.28-20050817-20070131/ --target=mips-linux-uclibc --build=mips-linux --host=mips-linux --enable-target-optspace --disable-nls --with-gnu-ld --enable-shared --enable-languages=c,c++ --enable-threads --infodir=/opt/toolchains/crosstools_hf-linux-2.6.12.0_gcc-3.4.6-20_uclibc-0.9.28-20050817-20070131/info --mandir=/opt/toolchains/crosstools_hf-linux-2.6.12.0_gcc-3.4.6-20_uclibc-0.9.28-20050817-20070131/man --disable-__cxa_atexit --disable-checking --with-arch=mips32
Thread model: posix
gcc version 3.4.6
configure:1758: $? = 0
configure:1760: mips-linux-gcc -V </dev/null >&5
mips-linux-gcc: `-V' option must have argument
configure:1763: $? = 1
configure:1786: checking for C compiler default output file name
configure:1789: mips-linux-gcc    conftest.c  >&5
configure:1792: $? = 0
configure:1838: result: a.out
configure:1843: checking whether the C compiler works
configure:1869: result: yes
configure:1876: checking whether we are cross compiling
configure:1878: result: yes
configure:1881: checking for suffix of executables
configure:1883: mips-linux-gcc -o conftest    conftest.c  >&5
configure:1886: $? = 0
configure:1911: result: 
configure:1917: checking for suffix of object files
configure:1938: mips-linux-gcc -c   conftest.c >&5
configure:1941: $? = 0
configure:1963: result: o
configure:1967: checking whether we are using the GNU C compiler
configure:1991: mips-linux-gcc -c   conftest.c >&5
configure:1997: $? = 0
configure:2001: test -z 
			 || test ! -s conftest.err
configure:2004: $? = 0
configure:2007: test -s conftest.o
configure:2010: $? = 0
configure:2023: result: yes
configure:2029: checking whether mips-linux-gcc accepts -g
configure:2050: mips-linux-gcc -c -g  conftest.c >&5
configure:2056: $? = 0
configure:2060: test -z 
			 || test ! -s conftest.err
configure:2063: $? = 0
configure:2066: test -s conftest.o
configure:2069: $? = 0
configure:2080: result: yes
configure:2097: checking for mips-linux-gcc option to accept ANSI C
configure:2167: mips-linux-gcc  -c   conftest.c >&5
configure:2173: $? = 0
configure:2177: test -z 
			 || test ! -s conftest.err
configure:2180: $? = 0
configure:2183: test -s conftest.o
configure:2186: $? = 0
configure:2204: result: none needed
configure:2222: mips-linux-gcc -c   conftest.c >&5
conftest.c:2: error: syntax error before "me"
configure:2228: $? = 1
configure: failed program was:
| #ifndef __cplusplus
|   choke me
| #endif
configure:2362: checking for library containing strerror
configure:2392: mips-linux-gcc -o conftest    conftest.c  >&5
configure:2398: $? = 0
configure:2402: test -z 
			 || test ! -s conftest.err
configure:2405: $? = 0
configure:2408: test -s conftest
configure:2411: $? = 0
configure:2481: result: none required
configure:2508: checking for a BSD-compatible install
configure:2563: result: /usr/bin/install -c
configure:2574: checking whether build environment is sane
configure:2617: result: yes
configure:2682: checking for gawk
configure:2698: found /usr/bin/gawk
configure:2708: result: gawk
configure:2718: checking whether make sets $(MAKE)
configure:2738: result: yes
configure:2768: checking for style of include used by make
configure:2796: result: GNU
configure:2879: checking for mips-linux-strip
configure:2905: result: mips-linux-strip
configure:2972: checking dependency style of mips-linux-gcc
configure:3062: result: gcc3
configure:3084: checking for mips-linux-ar
configure:3110: result: mips-linux-ar
configure:3163: checking for mips-linux-ranlib
configure:3189: result: mips-linux-ranlib
configure:3319: checking for ld used by GCC
configure:3382: result: mips-linux-ld
configure:3391: checking if the linker (mips-linux-ld) is GNU ld
GNU ld version 2.17.50.0.12 20070128
configure:3403: result: yes
configure:3408: checking for mips-linux-ld option to reload object files
configure:3415: result: -r
configure:3420: checking for BSD-compatible nm
configure:3456: result: mips-linux-nm
configure:3459: checking whether ln -s works
configure:3463: result: yes
configure:3470: checking how to recognise dependant libraries
configure:3633: result: pass_all
configure:3644: checking the maximum length of command line arguments
configure:3699: result: none
configure:3846: checking for mips-linux-ranlib
configure:3872: result: mips-linux-ranlib
configure:3926: checking for mips-linux-strip
configure:3952: result: mips-linux-strip
configure:4294: loading cache ./config.cache
on to produce PIC
ltconfig:687:checking that mips-linux-gcc PIC flag -fPIC -DPIC works.
ltconfig:697: mips-linux-gcc -c  -fPIC -DPIC -DPIC  conftest.c 1>&5
ltconfig:749: checking if mips-linux-gcc static flag -static works
ltconfig:758: mips-linux-gcc -o conftest    -static conftest.c  1>&5
ltconfig:780: finding the maximum length of command line arguments
ltconfig:@lineno@: result: 49153
ltconfig:833: checking if mips-linux-gcc supports -c -o file.o
ltconfig:834: mips-linux-gcc -c  -o out/conftest2.o  conftest.c 1>&5
ltconfig:887: checking if mips-linux-gcc supports -fno-rtti -fno-exceptions
ltconfig:888: mips-linux-gcc -c  -fno-rtti -fno-exceptions -c conftest.c  conftest.c 1>&5
ltconfig:1431: checking if global_symbol_pipe works
ltconfig:1432: mips-linux-gcc -c   conftest.c 1>&5
ltconfig:1435: eval "mips-linux-nm conftest.o | sed -n -e 's/^.*[ 	]\([ABCDGISTW][ABCDGISTW]*\)[ 	][ 	]*\(\)\([_A-Za-z][_A-Za-z0-9]*\)$/\1 \2\3 \3/p' > conftest.nm"
ltconfig:1487: mips-linux-gcc -o conftest  -fno-builtin   conftest.c conftstm.o 1>&5
configure:4409: checking whether to enable maintainer-specific portions of Makefiles
configure:4418: result: no
configure:4448: checking whether to install libbfd
configure:4461: result: yes
configure:4501: checking for mips-linux-gcc
configure:4527: result: mips-linux-gcc
configure:4809: checking for C compiler version
configure:4812: mips-linux-gcc --version </dev/null >&5
mips-linux-gcc (GCC) 3.4.6
Copyright (C) 2006 Free Software Foundation, Inc.
This is free software; see the source for copying conditions.  There is NO
warranty; not even for MERCHANTABILITY or FITNESS FOR A PARTICULAR PURPOSE.

configure:4815: $? = 0
configure:4817: mips-linux-gcc -v </dev/null >&5
Reading specs from /opt/toolchains/crosstools_hf-linux-2.6.12.0_gcc-3.4.6-20_uclibc-0.9.28-20050817-20070131/bin/../lib/gcc/mips-linux-uclibc/3.4.6/specs
Configured with: ../gcc-3.4.6/configure --prefix=/opt/toolchains/crosstools_hf-linux-2.6.12.0_gcc-3.4.6-20_uclibc-0.9.28-20050817-20070131/ --target=mips-linux-uclibc --build=mips-linux --host=mips-linux --enable-target-optspace --disable-nls --with-gnu-ld --enable-shared --enable-languages=c,c++ --enable-threads --infodir=/opt/toolchains/crosstools_hf-linux-2.6.12.0_gcc-3.4.6-20_uclibc-0.9.28-20050817-20070131/info --mandir=/opt/toolchains/crosstools_hf-linux-2.6.12.0_gcc-3.4.6-20_uclibc-0.9.28-20050817-20070131/man --disable-__cxa_atexit --disable-checking --with-arch=mips32
Thread model: posix
gcc version 3.4.6
configure:4820: $? = 0
configure:4822: mips-linux-gcc -V </dev/null >&5
mips-linux-gcc: `-V' option must have argument
configure:4825: $? = 1
configure:4828: checking whether we are using the GNU C compiler
configure:4884: result: yes
configure:4890: checking whether mips-linux-gcc accepts -g
configure:4941: result: yes
configure:4958: checking for mips-linux-gcc option to accept ANSI C
configure:5065: result: none needed
configure:5083: mips-linux-gcc -c   conftest.c >&5
conftest.c:2: error: syntax error before "me"
configure:5089: $? = 1
configure: failed program was:
| #ifndef __cplusplus
|   choke me
| #endif
configure:5237: checking whether NLS is requested
configure:5243: result: yes
configure:5251: checking for catalogs to be installed
configure:5283: result:  da de es fi fr ga id nl pt_BR ro sv tr vi zh_CN da de es fi fr ga id nl pt_BR ro sv tr vi zh_CN
configure:5310: checking whether NLS is requested
configure:5319: result: yes
configure:5357: checking for msgfmt
configure:5388: result: /usr/bin/msgfmt
configure:5397: checking for gmsgfmt
configure:5428: result: /usr/bin/msgfmt
configure:5467: checking for xgettext
configure:5498: result: /usr/bin/xgettext
configure:5538: checking for msgmerge
configure:5568: result: /usr/bin/msgmerge
configure:5619: checking for build system executable suffix
configure:5637: result: no
configure:5658: checking for a BSD-compatible install
configure:5713: result: /usr/bin/install -c
configure:5730: checking how to run the C preprocessor
configure:5765: mips-linux-gcc -E  conftest.c
configure:5771: $? = 0
configure:5803: mips-linux-gcc -E  conftest.c
conftest.c:12:28: ac_nonexistent.h: No such file or directory
configure:5809: $? = 1
configure: failed program was:
| /* confdefs.h.  */
| 
| #define PACKAGE_NAME ""
| #define PACKAGE_TARNAME ""
| #define PACKAGE_VERSION ""
| #define PACKAGE_STRING ""
| #define PACKAGE_BUGREPORT ""
| #define PACKAGE "opcodes"
| #define VERSION "2.17.50.0.12"
| #define ENABLE_NLS 1
| /* end confdefs.h.  */
| #include <ac_nonexistent.h>
configure:5848: result: mips-linux-gcc -E
configure:5872: mips-linux-gcc -E  conftest.c
configure:5878: $? = 0
configure:5910: mips-linux-gcc -E  conftest.c
conftest.c:12:28: ac_nonexistent.h: No such file or directory
configure:5916: $? = 1
configure: failed program was:
| /* confdefs.h.  */
| 
| #define PACKAGE_NAME ""
| #define PACKAGE_TARNAME ""
| #define PACKAGE_VERSION ""
| #define PACKAGE_STRING ""
| #define PACKAGE_BUGREPORT ""
| #define PACKAGE "opcodes"
| #define VERSION "2.17.50.0.12"
| #define ENABLE_NLS 1
| /* end confdefs.h.  */
| #include <ac_nonexistent.h>
configure:5960: checking for egrep
configure:5970: result: grep -E
configure:5975: checking for ANSI C header files
configure:6000: mips-linux-gcc -c   conftest.c >&5
configure:6006: $? = 0
configure:6010: test -z 
			 || test ! -s conftest.err
configure:6013: $? = 0
configure:6016: test -s conftest.o
configure:6019: $? = 0
configure:6131: result: yes
configure:6155: checking for sys/types.h
configure:6171: mips-linux-gcc -c   conftest.c >&5
configure:6177: $? = 0
configure:6181: test -z 
			 || test ! -s conftest.err
configure:6184: $? = 0
configure:6187: test -s conftest.o
configure:6190: $? = 0
configure:6201: result: yes
configure:6155: checking for sys/stat.h
configure:6171: mips-linux-gcc -c   conftest.c >&5
configure:6177: $? = 0
configure:6181: test -z 
			 || test ! -s conftest.err
configure:6184: $? = 0
configure:6187: test -s conftest.o
configure:6190: $? = 0
configure:6201: result: yes
configure:6155: checking for stdlib.h
configure:6171: mips-linux-gcc -c   conftest.c >&5
configure:6177: $? = 0
configure:6181: test -z 
			 || test ! -s conftest.err
configure:6184: $? = 0
configure:6187: test -s conftest.o
configure:6190: $? = 0
configure:6201: result: yes
configure:6155: checking for string.h
configure:6171: mips-linux-gcc -c   conftest.c >&5
configure:6177: $? = 0
configure:6181: test -z 
			 || test ! -s conftest.err
configure:6184: $? = 0
configure:6187: test -s conftest.o
configure:6190: $? = 0
configure:6201: result: yes
configure:6155: checking for memory.h
configure:6171: mips-linux-gcc -c   conftest.c >&5
configure:6177: $? = 0
configure:6181: test -z 
			 || test ! -s conftest.err
configure:6184: $? = 0
configure:6187: test -s conftest.o
configure:6190: $? = 0
configure:6201: result: yes
configure:6155: checking for strings.h
configure:6171: mips-linux-gcc -c   conftest.c >&5
configure:6177: $? = 0
configure:6181: test -z 
			 || test ! -s conftest.err
configure:6184: $? = 0
configure:6187: test -s conftest.o
configure:6190: $? = 0
configure:6201: result: yes
configure:6155: checking for inttypes.h
configure:6171: mips-linux-gcc -c   conftest.c >&5
configure:6177: $? = 0
configure:6181: test -z 
			 || test ! -s conftest.err
configure:6184: $? = 0
configure:6187: test -s conftest.o
configure:6190: $? = 0
configure:6201: result: yes
configure:6155: checking for stdint.h
configure:6171: mips-linux-gcc -c   conftest.c >&5
configure:6177: $? = 0
configure:6181: test -z 
			 || test ! -s conftest.err
configure:6184: $? = 0
configure:6187: test -s conftest.o
configure:6190: $? = 0
configure:6201: result: yes
configure:6155: checking for unistd.h
configure:6171: mips-linux-gcc -c   conftest.c >&5
configure:6177: $? = 0
configure:6181: test -z 
			 || test ! -s conftest.err
configure:6184: $? = 0
configure:6187: test -s conftest.o
configure:6190: $? = 0
configure:6201: result: yes
configure:6220: checking for string.h
configure:6225: result: yes
configure:6220: checking for strings.h
configure:6225: result: yes
configure:6220: checking for stdlib.h
configure:6225: result: yes
configure:6366: checking whether basename is declared
configure:6390: mips-linux-gcc -c   conftest.c >&5
conftest.c: In function `main':
conftest.c:63: error: `basename' undeclared (first use in this function)
conftest.c:63: error: (Each undeclared identifier is reported only once
conftest.c:63: error: for each function it appears in.)
configure:6396: $? = 1
configure: failed program was:
| /* confdefs.h.  */
| 
| #define PACKAGE_NAME ""
| #define PACKAGE_TARNAME ""
| #define PACKAGE_VERSION ""
| #define PACKAGE_STRING ""
| #define PACKAGE_BUGREPORT ""
| #define PACKAGE "opcodes"
| #define VERSION "2.17.50.0.12"
| #define ENABLE_NLS 1
| #define STDC_HEADERS 1
| #define HAVE_SYS_TYPES_H 1
| #define HAVE_SYS_STAT_H 1
| #define HAVE_STDLIB_H 1
| #define HAVE_STRING_H 1
| #define HAVE_MEMORY_H 1
| #define HAVE_STRINGS_H 1
| #define HAVE_INTTYPES_H 1
| #define HAVE_STDINT_H 1
| #define HAVE_UNISTD_H 1
| #define HAVE_STRING_H 1
| #define HAVE_STRINGS_H 1
| #define HAVE_STDLIB_H 1
| /* end confdefs.h.  */
| #include <stdio.h>
| #if HAVE_SYS_TYPES_H
| # include <sys/types.h>
| #endif
| #if HAVE_SYS_STAT_H
| # include <sys/stat.h>
| #endif
| #if STDC_HEADERS
| # include <stdlib.h>
| # include <stddef.h>
| #else
| # if HAVE_STDLIB_H
| #  include <stdlib.h>
| # endif
| #endif
| #if HAVE_STRING_H
| # if !STDC_HEADERS && HAVE_MEMORY_H
| #  include <memory.h>
| # endif
| # include <string.h>
| #endif
| #if HAVE_STRINGS_H
| # include <strings.h>
| #endif
| #if HAVE_INTTYPES_H
| # include <inttypes.h>
| #else
| # if HAVE_STDINT_H
| #  include <stdint.h>
| # endif
| #endif
| #if HAVE_UNISTD_H
| # include <unistd.h>
| #endif
| int
| main ()
| {
| #ifndef basename
|   char *p = (char *) basename;
| #endif
| 
|   ;
|   return 0;
| }
configure:6420: result: no
configure:6783: creating ./config.status

## ---------------------- ##
## Running config.status. ##
## ---------------------- ##

This file was extended by config.status, which was
generated by GNU Autoconf 2.59.  Invocation command line was

  CONFIG_FILES    = 
  CONFIG_HEADERS  = 
  CONFIG_LINKS    = 
  CONFIG_COMMANDS = 
  $ ./config.status 

on linux_test.broadcom.com

config.status:752: creating Makefile
config.status:752: creating po/Makefile.in
config.status:849: creating config.h
config.status:1145: executing depfiles commands
config.status:1145: executing default-1 commands

## ---------------- ##
## Cache variables. ##
## ---------------- ##

ac_cv_archive_cmds_needs_lc=yes
ac_cv_build=i386-pc-linux-gnu
ac_cv_build_alias=i386-linux
ac_cv_c_compiler_gnu=yes
ac_cv_env_CC_set=set
ac_cv_env_CC_value=mips-linux-gcc
ac_cv_env_CFLAGS_set=set
ac_cv_env_CFLAGS_value=
ac_cv_env_CPPFLAGS_set=
ac_cv_env_CPPFLAGS_value=
ac_cv_env_CPP_set=
ac_cv_env_CPP_value=
ac_cv_env_LDFLAGS_set=set
ac_cv_env_LDFLAGS_value=
ac_cv_env_build_alias_set=set
ac_cv_env_build_alias_value=i386-linux
ac_cv_env_host_alias_set=set
ac_cv_env_host_alias_value=mips-linux
ac_cv_env_target_alias_set=set
ac_cv_env_target_alias_value=mips-linux
ac_cv_exeext=
ac_cv_have_decl_basename=no
ac_cv_header_inttypes_h=yes
ac_cv_header_memory_h=yes
ac_cv_header_stdc=yes
ac_cv_header_stdint_h=yes
ac_cv_header_stdlib_h=yes
ac_cv_header_string_h=yes
ac_cv_header_strings_h=yes
ac_cv_header_sys_stat_h=yes
ac_cv_header_sys_types_h=yes
ac_cv_header_unistd_h=yes
ac_cv_host=mips-unknown-linux-gnu
ac_cv_host_alias=mips-linux
ac_cv_objext=o
ac_cv_path_GMSGFMT=/usr/bin/msgfmt
ac_cv_path_MSGFMT=/usr/bin/msgfmt
ac_cv_path_MSGMERGE=/usr/bin/msgmerge
ac_cv_path_XGETTEXT=/usr/bin/xgettext
ac_cv_prog_AR=mips-linux-ar
ac_cv_prog_AWK=gawk
ac_cv_prog_CC=mips-linux-gcc
ac_cv_prog_CPP='mips-linux-gcc -E'
ac_cv_prog_RANLIB=mips-linux-ranlib
ac_cv_prog_STRIP=mips-linux-strip
ac_cv_prog_cc_can_build_shared=yes
ac_cv_prog_cc_g=yes
ac_cv_prog_cc_no_builtin=
ac_cv_prog_cc_pic=' -fPIC -DPIC'
ac_cv_prog_cc_pic_works=yes
ac_cv_prog_cc_shlib=
ac_cv_prog_cc_static=-static
ac_cv_prog_cc_static_works=yes
ac_cv_prog_cc_stdc=
ac_cv_prog_cc_wl=-Wl,
ac_cv_prog_egrep='grep -E'
ac_cv_prog_make_make_set=yes
ac_cv_search_strerror='none required'
ac_cv_target=mips-unknown-linux-gnu
ac_cv_target_alias=mips-linux
am_cv_CC_dependencies_compiler_type=gcc3
bfd_cv_build_exeext=no
lt_cv_compiler_c_o=yes
lt_cv_deplibs_check_method=pass_all
lt_cv_file_magic_cmd='$MAGIC_CMD'
lt_cv_file_magic_test_file=
lt_cv_ld_reload_flag=-r
lt_cv_path_LD=mips-linux-ld
lt_cv_path_NM=mips-linux-nm
lt_cv_prog_gnu_ld=yes
lt_cv_sys_max_cmd_len=49153

## ----------------- ##
## Output variables. ##
## ----------------- ##

ACLOCAL='${SHELL} /myviews/xj1_rel2618_1_0_sview/vobs/Ref_Linux_Kernel/src/uclinux-rootfs/lib/binutils-2.17.50.0.12/missing --run aclocal-1.9'
AMDEPBACKSLASH='\'
AMDEP_FALSE='#'
AMDEP_TRUE=''
AMTAR='${SHELL} /myviews/xj1_rel2618_1_0_sview/vobs/Ref_Linux_Kernel/src/uclinux-rootfs/lib/binutils-2.17.50.0.12/missing --run tar'
AR='mips-linux-ar'
AUTOCONF='${SHELL} /myviews/xj1_rel2618_1_0_sview/vobs/Ref_Linux_Kernel/src/uclinux-rootfs/lib/binutils-2.17.50.0.12/missing --run autoconf'
AUTOHEADER='${SHELL} /myviews/xj1_rel2618_1_0_sview/vobs/Ref_Linux_Kernel/src/uclinux-rootfs/lib/binutils-2.17.50.0.12/missing --run autoheader'
AUTOMAKE='${SHELL} /myviews/xj1_rel2618_1_0_sview/vobs/Ref_Linux_Kernel/src/uclinux-rootfs/lib/binutils-2.17.50.0.12/missing --run automake-1.9'
AWK='gawk'
BFD_MACHINES=' mips-dis.lo mips-opc.lo mips16-opc.lo'
CATALOGS=' da.gmo de.gmo es.gmo fi.gmo fr.gmo ga.gmo id.gmo nl.gmo pt_BR.gmo ro.gmo sv.gmo tr.gmo vi.gmo zh_CN.gmo da.gmo de.gmo es.gmo fi.gmo fr.gmo ga.gmo id.gmo nl.gmo pt_BR.gmo ro.gmo sv.gmo tr.gmo vi.gmo zh_CN.gmo'
CATOBJEXT='.gmo'
CC='mips-linux-gcc'
CCDEPMODE='depmode=gcc3'
CC_FOR_BUILD='gcc'
CFLAGS=''
CGEN_MAINT_FALSE=''
CGEN_MAINT_TRUE='#'
CPP='mips-linux-gcc -E'
CPPFLAGS=''
CYGPATH_W='echo'
DATADIRNAME='share'
DEFS='-DHAVE_CONFIG_H'
DEPDIR='.deps'
ECHO_C=''
ECHO_N='-n'
ECHO_T=''
EGREP='grep -E'
EXEEXT=''
EXEEXT_FOR_BUILD=''
GENCAT='gencat'
GMSGFMT='/usr/bin/msgfmt'
HDEFINES=''
INCINTL='-I${top_builddir}/../intl'
INSTALL_DATA='/usr/bin/install -c -m 644'
INSTALL_LIBBFD_FALSE='#'
INSTALL_LIBBFD_TRUE=''
INSTALL_PROGRAM='/usr/bin/install -c'
INSTALL_SCRIPT='/usr/bin/install -c'
INSTALL_STRIP_PROGRAM='${SHELL} $(install_sh) -c -s'
INSTOBJEXT='.mo'
LDFLAGS=''
LIBINTL='${top_builddir}/../intl/libintl.a'
LIBINTL_DEP='${top_builddir}/../intl/libintl.a'
LIBOBJS=''
LIBS=''
LIBTOOL='$(SHELL) $(top_builddir)/libtool'
LN_S='ln -s'
LTLIBOBJS=''
MAINT='#'
MAINTAINER_MODE_FALSE=''
MAINTAINER_MODE_TRUE='#'
MAKEINFO='makeinfo --split-size=5000000'
MKINSTALLDIRS='$(top_builddir)/.././opcodes/../mkinstalldirs'
MSGFMT='/usr/bin/msgfmt'
MSGMERGE='/usr/bin/msgmerge'
NO_WERROR='-Wno-error'
OBJEXT='o'
PACKAGE='opcodes'
PACKAGE_BUGREPORT=''
PACKAGE_NAME=''
PACKAGE_STRING=''
PACKAGE_TARNAME=''
PACKAGE_VERSION=''
PATH_SEPARATOR=':'
POSUB='po'
RANLIB='mips-linux-ranlib'
SET_MAKE=''
SHELL='/bin/sh'
STRIP='mips-linux-strip'
USE_NLS='yes'
VERSION='2.17.50.0.12'
WARN_CFLAGS='-W -Wall -Wstrict-prototypes -Wmissing-prototypes -Werror'
WIN32LDFLAGS=''
WIN32LIBADD=''
XGETTEXT='/usr/bin/xgettext'
ac_ct_AR=''
ac_ct_CC=''
ac_ct_RANLIB=''
ac_ct_STRIP=''
am__fastdepCC_FALSE='#'
am__fastdepCC_TRUE=''
am__include='include'
am__leading_dot='.'
am__quote=''
am__tar='${AMTAR} chof - "$$tardir"'
am__untar='${AMTAR} xf -'
archdefs=' -DARCH_mips'
bfdincludedir='$(includedir)'
bfdlibdir='$(libdir)'
bindir='${exec_prefix}/bin'
build='i386-pc-linux-gnu'
build_alias='i386-linux'
build_cpu='i386'
build_os='linux-gnu'
build_vendor='pc'
cgendir='$(srcdir)/../cgen'
datadir='${prefix}/share'
exec_prefix='${prefix}'
host='mips-unknown-linux-gnu'
host_alias='mips-linux'
host_cpu='mips'
host_noncanonical='mips-linux'
host_os='linux-gnu'
host_vendor='unknown'
includedir='${prefix}/include'
infodir='${prefix}/info'
install_sh='/myviews/xj1_rel2618_1_0_sview/vobs/Ref_Linux_Kernel/src/uclinux-rootfs/lib/binutils-2.17.50.0.12/install-sh'
libdir='${exec_prefix}/lib'
libexecdir='${exec_prefix}/libexec'
localstatedir='${prefix}/var'
mandir='${prefix}/man'
mkdir_p='mkdir -p --'
oldincludedir='/usr/include'
prefix='/usr/local'
program_transform_name='s,y,y,'
sbindir='${exec_prefix}/sbin'
sharedstatedir='${prefix}/com'
sysconfdir='${prefix}/etc'
target='mips-unknown-linux-gnu'
target_alias='mips-linux'
target_cpu='mips'
target_noncanonical='mips-linux'
target_os='linux-gnu'
target_vendor='unknown'

## ----------- ##
## confdefs.h. ##
## ----------- ##

#define ENABLE_NLS 1
#define HAVE_DECL_BASENAME 0
#define HAVE_INTTYPES_H 1
#define HAVE_MEMORY_H 1
#define HAVE_STDINT_H 1
#define HAVE_STDLIB_H 1
#define HAVE_STDLIB_H 1
#define HAVE_STRINGS_H 1
#define HAVE_STRINGS_H 1
#define HAVE_STRING_H 1
#define HAVE_STRING_H 1
#define HAVE_SYS_STAT_H 1
#define HAVE_SYS_TYPES_H 1
#define HAVE_UNISTD_H 1
#define PACKAGE "opcodes"
#define PACKAGE_BUGREPORT ""
#define PACKAGE_NAME ""
#define PACKAGE_STRING ""
#define PACKAGE_TARNAME ""
#define PACKAGE_VERSION ""
#define STDC_HEADERS 1
#define VERSION "2.17.50.0.12"

configure: exit 0
