This file contains any messages produced by compilers while
running configure, to aid debugging if configure makes a mistake.

It was created by configure, which was
generated by GNU Autoconf 2.59.  Invocation command line was

  $ /myviews/xj1_rel2618_1_0_sview/vobs/Ref_Linux_Kernel/src/uclinux-rootfs/lib/binutils-2.17.50.0.12/intl/configure --cache-file=./config.cache --with-gnu-as --with-gnu-ld --with-stabs --enable-multilib --program-transform-name=s,y,y, --build=i386-linux --host=mips-linux --target=mips-linux --srcdir=.././intl

## --------- ##
## Platform. ##
## --------- ##

hostname = linux_test.broadcom.com
uname -m = i686
uname -r = 2.6.9-1.667smp
uname -s = Linux
uname -v = #1 SMP Tue Nov 2 14:59:52 EST 2004

/usr/bin/uname -p = unknown
/bin/uname -X     = unknown

/bin/arch              = i686
/usr/bin/arch -k       = unknown
/usr/convex/getsysinfo = unknown
hostinfo               = unknown
/bin/machine           = unknown
/usr/bin/oslevel       = unknown
/bin/universe          = unknown

PATH: /root/bin
PATH: /sbin
PATH: /usr/sbin
PATH: /usr/local/bin
PATH: /root/bin
PATH: /etc
PATH: /usr/bin
PATH: /bin
PATH: /usr/bin/X11
PATH: /opt/toolchains/uclibc-crosstools/bin
PATH: /usr/atria/bin
PATH: /usr/lib
PATH: .
PATH: /myviews/xj1_rel2618_1_0_sview/vobs/Ref_Linux_Kernel/src/uclinux-rootfs/tools


## ----------- ##
## Core tests. ##
## ----------- ##

configure:1228: creating cache ./config.cache
configure:1323: checking whether make sets $(MAKE)
configure:1343: result: yes
configure:1390: checking for a BSD-compatible install
configure:1445: result: /usr/bin/install -c
configure:1470: checking whether NLS is requested
configure:1479: result: yes
configure:1517: checking for msgfmt
configure:1548: result: /usr/bin/msgfmt
configure:1557: checking for gmsgfmt
configure:1588: result: /usr/bin/msgfmt
configure:1627: checking for xgettext
configure:1658: result: /usr/bin/xgettext
configure:1698: checking for msgmerge
configure:1728: result: /usr/bin/msgmerge
configure:1771: checking for mips-linux-gcc
configure:1797: result: mips-linux-gcc
configure:2079: checking for C compiler version
configure:2082: mips-linux-gcc --version </dev/null >&5
mips-linux-gcc (GCC) 3.4.6
Copyright (C) 2006 Free Software Foundation, Inc.
This is free software; see the source for copying conditions.  There is NO
warranty; not even for MERCHANTABILITY or FITNESS FOR A PARTICULAR PURPOSE.

configure:2085: $? = 0
configure:2087: mips-linux-gcc -v </dev/null >&5
Reading specs from /opt/toolchains/crosstools_hf-linux-2.6.12.0_gcc-3.4.6-20_uclibc-0.9.28-20050817-20070131/bin/../lib/gcc/mips-linux-uclibc/3.4.6/specs
Configured with: ../gcc-3.4.6/configure --prefix=/opt/toolchains/crosstools_hf-linux-2.6.12.0_gcc-3.4.6-20_uclibc-0.9.28-20050817-20070131/ --target=mips-linux-uclibc --build=mips-linux --host=mips-linux --enable-target-optspace --disable-nls --with-gnu-ld --enable-shared --enable-languages=c,c++ --enable-threads --infodir=/opt/toolchains/crosstools_hf-linux-2.6.12.0_gcc-3.4.6-20_uclibc-0.9.28-20050817-20070131/info --mandir=/opt/toolchains/crosstools_hf-linux-2.6.12.0_gcc-3.4.6-20_uclibc-0.9.28-20050817-20070131/man --disable-__cxa_atexit --disable-checking --with-arch=mips32
Thread model: posix
gcc version 3.4.6
configure:2090: $? = 0
configure:2092: mips-linux-gcc -V </dev/null >&5
mips-linux-gcc: `-V' option must have argument
configure:2095: $? = 1
configure:2118: checking for C compiler default output file name
configure:2121: mips-linux-gcc    conftest.c  >&5
configure:2124: $? = 0
configure:2170: result: a.out
configure:2175: checking whether the C compiler works
configure:2201: result: yes
configure:2208: checking whether we are cross compiling
configure:2210: result: yes
configure:2213: checking for suffix of executables
configure:2215: mips-linux-gcc -o conftest    conftest.c  >&5
configure:2218: $? = 0
configure:2243: result: 
configure:2249: checking for suffix of object files
configure:2270: mips-linux-gcc -c   conftest.c >&5
configure:2273: $? = 0
configure:2295: result: o
configure:2299: checking whether we are using the GNU C compiler
configure:2323: mips-linux-gcc -c   conftest.c >&5
configure:2329: $? = 0
configure:2333: test -z 
			 || test ! -s conftest.err
configure:2336: $? = 0
configure:2339: test -s conftest.o
configure:2342: $? = 0
configure:2355: result: yes
configure:2361: checking whether mips-linux-gcc accepts -g
configure:2382: mips-linux-gcc -c -g  conftest.c >&5
configure:2388: $? = 0
configure:2392: test -z 
			 || test ! -s conftest.err
configure:2395: $? = 0
configure:2398: test -s conftest.o
configure:2401: $? = 0
configure:2412: result: yes
configure:2429: checking for mips-linux-gcc option to accept ANSI C
configure:2499: mips-linux-gcc  -c   conftest.c >&5
configure:2505: $? = 0
configure:2509: test -z 
			 || test ! -s conftest.err
configure:2512: $? = 0
configure:2515: test -s conftest.o
configure:2518: $? = 0
configure:2536: result: none needed
configure:2554: mips-linux-gcc -c   conftest.c >&5
conftest.c:2: error: syntax error before "me"
configure:2560: $? = 1
configure: failed program was:
| #ifndef __cplusplus
|   choke me
| #endif
configure:2699: checking build system type
configure:2717: result: i386-pc-linux-gnu
configure:2725: checking host system type
configure:2739: result: mips-unknown-linux-gnu
configure:2750: checking for mips-linux-ranlib
configure:2776: result: mips-linux-ranlib
configure:2828: checking for library containing strerror
configure:2858: mips-linux-gcc -o conftest    conftest.c  >&5
configure:2864: $? = 0
configure:2868: test -z 
			 || test ! -s conftest.err
configure:2871: $? = 0
configure:2874: test -s conftest
configure:2877: $? = 0
configure:2947: result: none required
configure:2959: checking how to run the C preprocessor
configure:2994: mips-linux-gcc -E  conftest.c
configure:3000: $? = 0
configure:3032: mips-linux-gcc -E  conftest.c
conftest.c:9:28: ac_nonexistent.h: No such file or directory
configure:3038: $? = 1
configure: failed program was:
| /* confdefs.h.  */
| 
| #define PACKAGE_NAME ""
| #define PACKAGE_TARNAME ""
| #define PACKAGE_VERSION ""
| #define PACKAGE_STRING ""
| #define PACKAGE_BUGREPORT ""
| /* end confdefs.h.  */
| #include <ac_nonexistent.h>
configure:3077: result: mips-linux-gcc -E
configure:3101: mips-linux-gcc -E  conftest.c
configure:3107: $? = 0
configure:3139: mips-linux-gcc -E  conftest.c
conftest.c:9:28: ac_nonexistent.h: No such file or directory
configure:3145: $? = 1
configure: failed program was:
| /* confdefs.h.  */
| 
| #define PACKAGE_NAME ""
| #define PACKAGE_TARNAME ""
| #define PACKAGE_VERSION ""
| #define PACKAGE_STRING ""
| #define PACKAGE_BUGREPORT ""
| /* end confdefs.h.  */
| #include <ac_nonexistent.h>
configure:3189: checking for egrep
configure:3199: result: grep -E
configure:3204: checking for ANSI C header files
configure:3229: mips-linux-gcc -c   conftest.c >&5
configure:3235: $? = 0
configure:3239: test -z 
			 || test ! -s conftest.err
configure:3242: $? = 0
configure:3245: test -s conftest.o
configure:3248: $? = 0
configure:3360: result: yes
configure:3370: checking for an ANSI C-conforming const
configure:3437: mips-linux-gcc -c   conftest.c >&5
configure:3443: $? = 0
configure:3447: test -z 
			 || test ! -s conftest.err
configure:3450: $? = 0
configure:3453: test -s conftest.o
configure:3456: $? = 0
configure:3467: result: yes
configure:3477: checking for inline
configure:3498: mips-linux-gcc -c   conftest.c >&5
configure:3504: $? = 0
configure:3508: test -z 
			 || test ! -s conftest.err
configure:3511: $? = 0
configure:3514: test -s conftest.o
configure:3517: $? = 0
configure:3529: result: inline
configure:3562: checking for sys/types.h
configure:3578: mips-linux-gcc -c   conftest.c >&5
configure:3584: $? = 0
configure:3588: test -z 
			 || test ! -s conftest.err
configure:3591: $? = 0
configure:3594: test -s conftest.o
configure:3597: $? = 0
configure:3608: result: yes
configure:3562: checking for sys/stat.h
configure:3578: mips-linux-gcc -c   conftest.c >&5
configure:3584: $? = 0
configure:3588: test -z 
			 || test ! -s conftest.err
configure:3591: $? = 0
configure:3594: test -s conftest.o
configure:3597: $? = 0
configure:3608: result: yes
configure:3562: checking for stdlib.h
configure:3578: mips-linux-gcc -c   conftest.c >&5
configure:3584: $? = 0
configure:3588: test -z 
			 || test ! -s conftest.err
configure:3591: $? = 0
configure:3594: test -s conftest.o
configure:3597: $? = 0
configure:3608: result: yes
configure:3562: checking for string.h
configure:3578: mips-linux-gcc -c   conftest.c >&5
configure:3584: $? = 0
configure:3588: test -z 
			 || test ! -s conftest.err
configure:3591: $? = 0
configure:3594: test -s conftest.o
configure:3597: $? = 0
configure:3608: result: yes
configure:3562: checking for memory.h
configure:3578: mips-linux-gcc -c   conftest.c >&5
configure:3584: $? = 0
configure:3588: test -z 
			 || test ! -s conftest.err
configure:3591: $? = 0
configure:3594: test -s conftest.o
configure:3597: $? = 0
configure:3608: result: yes
configure:3562: checking for strings.h
configure:3578: mips-linux-gcc -c   conftest.c >&5
configure:3584: $? = 0
configure:3588: test -z 
			 || test ! -s conftest.err
configure:3591: $? = 0
configure:3594: test -s conftest.o
configure:3597: $? = 0
configure:3608: result: yes
configure:3562: checking for inttypes.h
configure:3578: mips-linux-gcc -c   conftest.c >&5
configure:3584: $? = 0
configure:3588: test -z 
			 || test ! -s conftest.err
configure:3591: $? = 0
configure:3594: test -s conftest.o
configure:3597: $? = 0
configure:3608: result: yes
configure:3562: checking for stdint.h
configure:3578: mips-linux-gcc -c   conftest.c >&5
configure:3584: $? = 0
configure:3588: test -z 
			 || test ! -s conftest.err
configure:3591: $? = 0
configure:3594: test -s conftest.o
configure:3597: $? = 0
configure:3608: result: yes
configure:3562: checking for unistd.h
configure:3578: mips-linux-gcc -c   conftest.c >&5
configure:3584: $? = 0
configure:3588: test -z 
			 || test ! -s conftest.err
configure:3591: $? = 0
configure:3594: test -s conftest.o
configure:3597: $? = 0
configure:3608: result: yes
configure:3620: checking for off_t
configure:3644: mips-linux-gcc -c   conftest.c >&5
configure:3650: $? = 0
configure:3654: test -z 
			 || test ! -s conftest.err
configure:3657: $? = 0
configure:3660: test -s conftest.o
configure:3663: $? = 0
configure:3674: result: yes
configure:3686: checking for size_t
configure:3710: mips-linux-gcc -c   conftest.c >&5
configure:3716: $? = 0
configure:3720: test -z 
			 || test ! -s conftest.err
configure:3723: $? = 0
configure:3726: test -s conftest.o
configure:3729: $? = 0
configure:3740: result: yes
configure:3754: checking for working alloca.h
configure:3775: mips-linux-gcc -o conftest    conftest.c  >&5
configure:3781: $? = 0
configure:3785: test -z 
			 || test ! -s conftest.err
configure:3788: $? = 0
configure:3791: test -s conftest
configure:3794: $? = 0
configure:3806: result: yes
configure:3816: checking for alloca
configure:3857: mips-linux-gcc -o conftest    conftest.c  >&5
configure:3863: $? = 0
configure:3867: test -z 
			 || test ! -s conftest.err
configure:3870: $? = 0
configure:3873: test -s conftest
configure:3876: $? = 0
configure:3888: result: yes
configure:4117: checking for stdlib.h
configure:4122: result: yes
configure:4117: checking for unistd.h
configure:4122: result: yes
configure:4266: checking for getpagesize
configure:4323: mips-linux-gcc -o conftest    conftest.c  >&5
configure:4329: $? = 0
configure:4333: test -z 
			 || test ! -s conftest.err
configure:4336: $? = 0
configure:4339: test -s conftest
configure:4342: $? = 0
configure:4354: result: yes
configure:4364: checking for working mmap
configure:4528: result: no
configure:4540: checking whether we are using the GNU C Library 2.1 or newer
configure:4571: result: yes
configure:4579: checking whether integer division by zero raises SIGFPE
configure:4664: result: guessing no
configure:4677: checking for inttypes.h
configure:4699: mips-linux-gcc -c   conftest.c >&5
configure:4705: $? = 0
configure:4709: test -z 
			 || test ! -s conftest.err
configure:4712: $? = 0
configure:4715: test -s conftest.o
configure:4718: $? = 0
configure:4729: result: yes
configure:4740: checking for stdint.h
configure:4762: mips-linux-gcc -c   conftest.c >&5
configure:4768: $? = 0
configure:4772: test -z 
			 || test ! -s conftest.err
configure:4775: $? = 0
configure:4778: test -s conftest.o
configure:4781: $? = 0
configure:4792: result: yes
configure:4803: checking for unsigned long long
configure:4825: mips-linux-gcc -o conftest    conftest.c  >&5
configure:4831: $? = 0
configure:4835: test -z 
			 || test ! -s conftest.err
configure:4838: $? = 0
configure:4841: test -s conftest
configure:4844: $? = 0
configure:4856: result: yes
configure:4888: checking for inttypes.h
configure:4911: mips-linux-gcc -c   conftest.c >&5
configure:4917: $? = 0
configure:4921: test -z 
			 || test ! -s conftest.err
configure:4924: $? = 0
configure:4927: test -s conftest.o
configure:4930: $? = 0
configure:4942: result: yes
configure:4955: checking whether the inttypes.h PRIxNN macros are broken
configure:4981: mips-linux-gcc -c   conftest.c >&5
configure:4987: $? = 0
configure:4991: test -z 
			 || test ! -s conftest.err
configure:4994: $? = 0
configure:4997: test -s conftest.o
configure:5000: $? = 0
configure:5012: result: no
configure:5063: checking for ld used by GCC
configure:5126: result: mips-linux-ld
configure:5135: checking if the linker (mips-linux-ld) is GNU ld
GNU ld version 2.17.50.0.12 20070128
configure:5147: result: yes
configure:5153: checking for shared library run path origin
configure:5166: result: done
configure:5592: checking argz.h usability
configure:5604: mips-linux-gcc -c   conftest.c >&5
conftest.c:64:18: argz.h: No such file or directory
configure:5610: $? = 1
configure: failed program was:
| /* confdefs.h.  */
| 
| #define PACKAGE_NAME ""
| #define PACKAGE_TARNAME ""
| #define PACKAGE_VERSION ""
| #define PACKAGE_STRING ""
| #define PACKAGE_BUGREPORT ""
| #define STDC_HEADERS 1
| #define HAVE_SYS_TYPES_H 1
| #define HAVE_SYS_STAT_H 1
| #define HAVE_STDLIB_H 1
| #define HAVE_STRING_H 1
| #define HAVE_MEMORY_H 1
| #define HAVE_STRINGS_H 1
| #define HAVE_INTTYPES_H 1
| #define HAVE_STDINT_H 1
| #define HAVE_UNISTD_H 1
| #define HAVE_ALLOCA_H 1
| #define HAVE_ALLOCA 1
| #define HAVE_STDLIB_H 1
| #define HAVE_UNISTD_H 1
| #define HAVE_GETPAGESIZE 1
| #define INTDIV0_RAISES_SIGFPE 0
| #define HAVE_INTTYPES_H_WITH_UINTMAX 1
| #define HAVE_STDINT_H_WITH_UINTMAX 1
| #define HAVE_UNSIGNED_LONG_LONG 1
| #define HAVE_UINTMAX_T 1
| #define HAVE_INTTYPES_H 1
| /* end confdefs.h.  */
| #include <stdio.h>
| #if HAVE_SYS_TYPES_H
| # include <sys/types.h>
| #endif
| #if HAVE_SYS_STAT_H
| # include <sys/stat.h>
| #endif
| #if STDC_HEADERS
| # include <stdlib.h>
| # include <stddef.h>
| #else
| # if HAVE_STDLIB_H
| #  include <stdlib.h>
| # endif
| #endif
| #if HAVE_STRING_H
| # if !STDC_HEADERS && HAVE_MEMORY_H
| #  include <memory.h>
| # endif
| # include <string.h>
| #endif
| #if HAVE_STRINGS_H
| # include <strings.h>
| #endif
| #if HAVE_INTTYPES_H
| # include <inttypes.h>
| #else
| # if HAVE_STDINT_H
| #  include <stdint.h>
| # endif
| #endif
| #if HAVE_UNISTD_H
| # include <unistd.h>
| #endif
| #include <argz.h>
configure:5633: result: no
configure:5637: checking argz.h presence
configure:5647: mips-linux-gcc -E  conftest.c
conftest.c:30:18: argz.h: No such file or directory
configure:5653: $? = 1
configure: failed program was:
| /* confdefs.h.  */
| 
| #define PACKAGE_NAME ""
| #define PACKAGE_TARNAME ""
| #define PACKAGE_VERSION ""
| #define PACKAGE_STRING ""
| #define PACKAGE_BUGREPORT ""
| #define STDC_HEADERS 1
| #define HAVE_SYS_TYPES_H 1
| #define HAVE_SYS_STAT_H 1
| #define HAVE_STDLIB_H 1
| #define HAVE_STRING_H 1
| #define HAVE_MEMORY_H 1
| #define HAVE_STRINGS_H 1
| #define HAVE_INTTYPES_H 1
| #define HAVE_STDINT_H 1
| #define HAVE_UNISTD_H 1
| #define HAVE_ALLOCA_H 1
| #define HAVE_ALLOCA 1
| #define HAVE_STDLIB_H 1
| #define HAVE_UNISTD_H 1
| #define HAVE_GETPAGESIZE 1
| #define INTDIV0_RAISES_SIGFPE 0
| #define HAVE_INTTYPES_H_WITH_UINTMAX 1
| #define HAVE_STDINT_H_WITH_UINTMAX 1
| #define HAVE_UNSIGNED_LONG_LONG 1
| #define HAVE_UINTMAX_T 1
| #define HAVE_INTTYPES_H 1
| /* end confdefs.h.  */
| #include <argz.h>
configure:5673: result: no
configure:5708: checking for argz.h
configure:5715: result: no
configure:5592: checking limits.h usability
configure:5604: mips-linux-gcc -c   conftest.c >&5
configure:5610: $? = 0
configure:5614: test -z 
			 || test ! -s conftest.err
configure:5617: $? = 0
configure:5620: test -s conftest.o
configure:5623: $? = 0
configure:5633: result: yes
configure:5637: checking limits.h presence
configure:5647: mips-linux-gcc -E  conftest.c
configure:5653: $? = 0
configure:5673: result: yes
configure:5708: checking for limits.h
configure:5715: result: yes
configure:5592: checking locale.h usability
configure:5604: mips-linux-gcc -c   conftest.c >&5
configure:5610: $? = 0
configure:5614: test -z 
			 || test ! -s conftest.err
configure:5617: $? = 0
configure:5620: test -s conftest.o
configure:5623: $? = 0
configure:5633: result: yes
configure:5637: checking locale.h presence
configure:5647: mips-linux-gcc -E  conftest.c
configure:5653: $? = 0
configure:5673: result: yes
configure:5708: checking for locale.h
configure:5715: result: yes
configure:5592: checking nl_types.h usability
configure:5604: mips-linux-gcc -c   conftest.c >&5
configure:5610: $? = 0
configure:5614: test -z 
			 || test ! -s conftest.err
configure:5617: $? = 0
configure:5620: test -s conftest.o
configure:5623: $? = 0
configure:5633: result: yes
configure:5637: checking nl_types.h presence
configure:5647: mips-linux-gcc -E  conftest.c
configure:5653: $? = 0
configure:5673: result: yes
configure:5708: checking for nl_types.h
configure:5715: result: yes
configure:5592: checking malloc.h usability
configure:5604: mips-linux-gcc -c   conftest.c >&5
configure:5610: $? = 0
configure:5614: test -z 
			 || test ! -s conftest.err
configure:5617: $? = 0
configure:5620: test -s conftest.o
configure:5623: $? = 0
configure:5633: result: yes
configure:5637: checking malloc.h presence
configure:5647: mips-linux-gcc -E  conftest.c
configure:5653: $? = 0
configure:5673: result: yes
configure:5708: checking for malloc.h
configure:5715: result: yes
configure:5592: checking stddef.h usability
configure:5604: mips-linux-gcc -c   conftest.c >&5
configure:5610: $? = 0
configure:5614: test -z 
			 || test ! -s conftest.err
configure:5617: $? = 0
configure:5620: test -s conftest.o
configure:5623: $? = 0
configure:5633: result: yes
configure:5637: checking stddef.h presence
configure:5647: mips-linux-gcc -E  conftest.c
configure:5653: $? = 0
configure:5673: result: yes
configure:5708: checking for stddef.h
configure:5715: result: yes
configure:5583: checking for stdlib.h
configure:5588: result: yes
configure:5583: checking for string.h
configure:5588: result: yes
configure:5583: checking for unistd.h
configure:5588: result: yes
configure:5592: checking sys/param.h usability
configure:5604: mips-linux-gcc -c   conftest.c >&5
configure:5610: $? = 0
configure:5614: test -z 
			 || test ! -s conftest.err
configure:5617: $? = 0
configure:5620: test -s conftest.o
configure:5623: $? = 0
configure:5633: result: yes
configure:5637: checking sys/param.h presence
configure:5647: mips-linux-gcc -E  conftest.c
configure:5653: $? = 0
configure:5673: result: yes
configure:5708: checking for sys/param.h
configure:5715: result: yes
configure:5756: checking for feof_unlocked
configure:5813: mips-linux-gcc -o conftest    conftest.c  >&5
configure:5819: $? = 0
configure:5823: test -z 
			 || test ! -s conftest.err
configure:5826: $? = 0
configure:5829: test -s conftest
configure:5832: $? = 0
configure:5844: result: yes
configure:5756: checking for fgets_unlocked
configure:5813: mips-linux-gcc -o conftest    conftest.c  >&5
configure:5819: $? = 0
configure:5823: test -z 
			 || test ! -s conftest.err
configure:5826: $? = 0
configure:5829: test -s conftest
configure:5832: $? = 0
configure:5844: result: yes
configure:5756: checking for getc_unlocked
configure:5813: mips-linux-gcc -o conftest    conftest.c  >&5
configure:5819: $? = 0
configure:5823: test -z 
			 || test ! -s conftest.err
configure:5826: $? = 0
configure:5829: test -s conftest
configure:5832: $? = 0
configure:5844: result: yes
configure:5756: checking for getcwd
configure:5813: mips-linux-gcc -o conftest    conftest.c  >&5
configure:5819: $? = 0
configure:5823: test -z 
			 || test ! -s conftest.err
configure:5826: $? = 0
configure:5829: test -s conftest
configure:5832: $? = 0
configure:5844: result: yes
configure:5756: checking for getegid
configure:5813: mips-linux-gcc -o conftest    conftest.c  >&5
configure:5819: $? = 0
configure:5823: test -z 
			 || test ! -s conftest.err
configure:5826: $? = 0
configure:5829: test -s conftest
configure:5832: $? = 0
configure:5844: result: yes
configure:5756: checking for geteuid
configure:5813: mips-linux-gcc -o conftest    conftest.c  >&5
configure:5819: $? = 0
configure:5823: test -z 
			 || test ! -s conftest.err
configure:5826: $? = 0
configure:5829: test -s conftest
configure:5832: $? = 0
configure:5844: result: yes
configure:5756: checking for getgid
configure:5813: mips-linux-gcc -o conftest    conftest.c  >&5
configure:5819: $? = 0
configure:5823: test -z 
			 || test ! -s conftest.err
configure:5826: $? = 0
configure:5829: test -s conftest
configure:5832: $? = 0
configure:5844: result: yes
configure:5756: checking for getuid
configure:5813: mips-linux-gcc -o conftest    conftest.c  >&5
configure:5819: $? = 0
configure:5823: test -z 
			 || test ! -s conftest.err
configure:5826: $? = 0
configure:5829: test -s conftest
configure:5832: $? = 0
configure:5844: result: yes
configure:5756: checking for mempcpy
configure:5813: mips-linux-gcc -o conftest    conftest.c  >&5
conftest.c:71: warning: conflicting types for built-in function 'mempcpy'
configure:5819: $? = 0
configure:5823: test -z 
			 || test ! -s conftest.err
configure:5826: $? = 0
configure:5829: test -s conftest
configure:5832: $? = 0
configure:5844: result: yes
configure:5756: checking for munmap
configure:5813: mips-linux-gcc -o conftest    conftest.c  >&5
configure:5819: $? = 0
configure:5823: test -z 
			 || test ! -s conftest.err
configure:5826: $? = 0
configure:5829: test -s conftest
configure:5832: $? = 0
configure:5844: result: yes
configure:5756: checking for putenv
configure:5813: mips-linux-gcc -o conftest    conftest.c  >&5
configure:5819: $? = 0
configure:5823: test -z 
			 || test ! -s conftest.err
configure:5826: $? = 0
configure:5829: test -s conftest
configure:5832: $? = 0
configure:5844: result: yes
configure:5756: checking for setenv
configure:5813: mips-linux-gcc -o conftest    conftest.c  >&5
configure:5819: $? = 0
configure:5823: test -z 
			 || test ! -s conftest.err
configure:5826: $? = 0
configure:5829: test -s conftest
configure:5832: $? = 0
configure:5844: result: yes
configure:5756: checking for setlocale
configure:5813: mips-linux-gcc -o conftest    conftest.c  >&5
configure:5819: $? = 0
configure:5823: test -z 
			 || test ! -s conftest.err
configure:5826: $? = 0
configure:5829: test -s conftest
configure:5832: $? = 0
configure:5844: result: yes
configure:5756: checking for stpcpy
configure:5813: mips-linux-gcc -o conftest    conftest.c  >&5
conftest.c:76: warning: conflicting types for built-in function 'stpcpy'
configure:5819: $? = 0
configure:5823: test -z 
			 || test ! -s conftest.err
configure:5826: $? = 0
configure:5829: test -s conftest
configure:5832: $? = 0
configure:5844: result: yes
configure:5756: checking for strcasecmp
configure:5813: mips-linux-gcc -o conftest    conftest.c  >&5
configure:5819: $? = 0
configure:5823: test -z 
			 || test ! -s conftest.err
configure:5826: $? = 0
configure:5829: test -s conftest
configure:5832: $? = 0
configure:5844: result: yes
configure:5756: checking for strdup
configure:5813: mips-linux-gcc -o conftest    conftest.c  >&5
conftest.c:78: warning: conflicting types for built-in function 'strdup'
configure:5819: $? = 0
configure:5823: test -z 
			 || test ! -s conftest.err
configure:5826: $? = 0
configure:5829: test -s conftest
configure:5832: $? = 0
configure:5844: result: yes
configure:5756: checking for strtoul
configure:5813: mips-linux-gcc -o conftest    conftest.c  >&5
configure:5819: $? = 0
configure:5823: test -z 
			 || test ! -s conftest.err
configure:5826: $? = 0
configure:5829: test -s conftest
configure:5832: $? = 0
configure:5844: result: yes
configure:5756: checking for tsearch
configure:5813: mips-linux-gcc -o conftest    conftest.c  >&5
configure:5819: $? = 0
configure:5823: test -z 
			 || test ! -s conftest.err
configure:5826: $? = 0
configure:5829: test -s conftest
configure:5832: $? = 0
configure:5844: result: yes
configure:5756: checking for __argz_count
configure:5813: mips-linux-gcc -o conftest    conftest.c  >&5
/tmp/ccGOTsZU.o: In function `main':
conftest.c:(.text+0x20): undefined reference to `__argz_count'
/tmp/ccGOTsZU.o:(.data.rel+0x0): undefined reference to `__argz_count'
collect2: ld returned 1 exit status
configure:5819: $? = 1
configure: failed program was:
| /* confdefs.h.  */
| 
| #define PACKAGE_NAME ""
| #define PACKAGE_TARNAME ""
| #define PACKAGE_VERSION ""
| #define PACKAGE_STRING ""
| #define PACKAGE_BUGREPORT ""
| #define STDC_HEADERS 1
| #define HAVE_SYS_TYPES_H 1
| #define HAVE_SYS_STAT_H 1
| #define HAVE_STDLIB_H 1
| #define HAVE_STRING_H 1
| #define HAVE_MEMORY_H 1
| #define HAVE_STRINGS_H 1
| #define HAVE_INTTYPES_H 1
| #define HAVE_STDINT_H 1
| #define HAVE_UNISTD_H 1
| #define HAVE_ALLOCA_H 1
| #define HAVE_ALLOCA 1
| #define HAVE_STDLIB_H 1
| #define HAVE_UNISTD_H 1
| #define HAVE_GETPAGESIZE 1
| #define INTDIV0_RAISES_SIGFPE 0
| #define HAVE_INTTYPES_H_WITH_UINTMAX 1
| #define HAVE_STDINT_H_WITH_UINTMAX 1
| #define HAVE_UNSIGNED_LONG_LONG 1
| #define HAVE_UINTMAX_T 1
| #define HAVE_INTTYPES_H 1
| #define HAVE_LIMITS_H 1
| #define HAVE_LOCALE_H 1
| #define HAVE_NL_TYPES_H 1
| #define HAVE_MALLOC_H 1
| #define HAVE_STDDEF_H 1
| #define HAVE_STDLIB_H 1
| #define HAVE_STRING_H 1
| #define HAVE_UNISTD_H 1
| #define HAVE_SYS_PARAM_H 1
| #define HAVE_FEOF_UNLOCKED 1
| #define HAVE_FGETS_UNLOCKED 1
| #define HAVE_GETC_UNLOCKED 1
| #define HAVE_GETCWD 1
| #define HAVE_GETEGID 1
| #define HAVE_GETEUID 1
| #define HAVE_GETGID 1
| #define HAVE_GETUID 1
| #define HAVE_MEMPCPY 1
| #define HAVE_MUNMAP 1
| #define HAVE_PUTENV 1
| #define HAVE_SETENV 1
| #define HAVE_SETLOCALE 1
| #define HAVE_STPCPY 1
| #define HAVE_STRCASECMP 1
| #define HAVE_STRDUP 1
| #define HAVE_STRTOUL 1
| #define HAVE_TSEARCH 1
| /* end confdefs.h.  */
| /* Define __argz_count to an innocuous variant, in case <limits.h> declares __argz_count.
|    For example, HP-UX 11i <limits.h> declares gettimeofday.  */
| #define __argz_count innocuous___argz_count
| 
| /* System header to define __stub macros and hopefully few prototypes,
|     which can conflict with char __argz_count (); below.
|     Prefer <limits.h> to <assert.h> if __STDC__ is defined, since
|     <limits.h> exists even on freestanding compilers.  */
| 
| #ifdef __STDC__
| # include <limits.h>
| #else
| # include <assert.h>
| #endif
| 
| #undef __argz_count
| 
| /* Override any gcc2 internal prototype to avoid an error.  */
| #ifdef __cplusplus
| extern "C"
| {
| #endif
| /* We use char because int might match the return type of a gcc2
|    builtin and then its argument prototype would still apply.  */
| char __argz_count ();
| /* The GNU C library defines this for functions which it implements
|     to always fail with ENOSYS.  Some functions are actually named
|     something starting with __ and the normal name is an alias.  */
| #if defined (__stub___argz_count) || defined (__stub_____argz_count)
| choke me
| #else
| char (*f) () = __argz_count;
| #endif
| #ifdef __cplusplus
| }
| #endif
| 
| int
| main ()
| {
| return f != __argz_count;
|   ;
|   return 0;
| }
configure:5844: result: no
configure:5756: checking for __argz_stringify
configure:5813: mips-linux-gcc -o conftest    conftest.c  >&5
/tmp/cc00YCm2.o: In function `main':
conftest.c:(.text+0x20): undefined reference to `__argz_stringify'
/tmp/cc00YCm2.o:(.data.rel+0x0): undefined reference to `__argz_stringify'
collect2: ld returned 1 exit status
configure:5819: $? = 1
configure: failed program was:
| /* confdefs.h.  */
| 
| #define PACKAGE_NAME ""
| #define PACKAGE_TARNAME ""
| #define PACKAGE_VERSION ""
| #define PACKAGE_STRING ""
| #define PACKAGE_BUGREPORT ""
| #define STDC_HEADERS 1
| #define HAVE_SYS_TYPES_H 1
| #define HAVE_SYS_STAT_H 1
| #define HAVE_STDLIB_H 1
| #define HAVE_STRING_H 1
| #define HAVE_MEMORY_H 1
| #define HAVE_STRINGS_H 1
| #define HAVE_INTTYPES_H 1
| #define HAVE_STDINT_H 1
| #define HAVE_UNISTD_H 1
| #define HAVE_ALLOCA_H 1
| #define HAVE_ALLOCA 1
| #define HAVE_STDLIB_H 1
| #define HAVE_UNISTD_H 1
| #define HAVE_GETPAGESIZE 1
| #define INTDIV0_RAISES_SIGFPE 0
| #define HAVE_INTTYPES_H_WITH_UINTMAX 1
| #define HAVE_STDINT_H_WITH_UINTMAX 1
| #define HAVE_UNSIGNED_LONG_LONG 1
| #define HAVE_UINTMAX_T 1
| #define HAVE_INTTYPES_H 1
| #define HAVE_LIMITS_H 1
| #define HAVE_LOCALE_H 1
| #define HAVE_NL_TYPES_H 1
| #define HAVE_MALLOC_H 1
| #define HAVE_STDDEF_H 1
| #define HAVE_STDLIB_H 1
| #define HAVE_STRING_H 1
| #define HAVE_UNISTD_H 1
| #define HAVE_SYS_PARAM_H 1
| #define HAVE_FEOF_UNLOCKED 1
| #define HAVE_FGETS_UNLOCKED 1
| #define HAVE_GETC_UNLOCKED 1
| #define HAVE_GETCWD 1
| #define HAVE_GETEGID 1
| #define HAVE_GETEUID 1
| #define HAVE_GETGID 1
| #define HAVE_GETUID 1
| #define HAVE_MEMPCPY 1
| #define HAVE_MUNMAP 1
| #define HAVE_PUTENV 1
| #define HAVE_SETENV 1
| #define HAVE_SETLOCALE 1
| #define HAVE_STPCPY 1
| #define HAVE_STRCASECMP 1
| #define HAVE_STRDUP 1
| #define HAVE_STRTOUL 1
| #define HAVE_TSEARCH 1
| /* end confdefs.h.  */
| /* Define __argz_stringify to an innocuous variant, in case <limits.h> declares __argz_stringify.
|    For example, HP-UX 11i <limits.h> declares gettimeofday.  */
| #define __argz_stringify innocuous___argz_stringify
| 
| /* System header to define __stub macros and hopefully few prototypes,
|     which can conflict with char __argz_stringify (); below.
|     Prefer <limits.h> to <assert.h> if __STDC__ is defined, since
|     <limits.h> exists even on freestanding compilers.  */
| 
| #ifdef __STDC__
| # include <limits.h>
| #else
| # include <assert.h>
| #endif
| 
| #undef __argz_stringify
| 
| /* Override any gcc2 internal prototype to avoid an error.  */
| #ifdef __cplusplus
| extern "C"
| {
| #endif
| /* We use char because int might match the return type of a gcc2
|    builtin and then its argument prototype would still apply.  */
| char __argz_stringify ();
| /* The GNU C library defines this for functions which it implements
|     to always fail with ENOSYS.  Some functions are actually named
|     something starting with __ and the normal name is an alias.  */
| #if defined (__stub___argz_stringify) || defined (__stub_____argz_stringify)
| choke me
| #else
| char (*f) () = __argz_stringify;
| #endif
| #ifdef __cplusplus
| }
| #endif
| 
| int
| main ()
| {
| return f != __argz_stringify;
|   ;
|   return 0;
| }
configure:5844: result: no
configure:5756: checking for __argz_next
configure:5813: mips-linux-gcc -o conftest    conftest.c  >&5
/tmp/cc2V7QTg.o: In function `main':
conftest.c:(.text+0x20): undefined reference to `__argz_next'
/tmp/cc2V7QTg.o:(.data.rel+0x0): undefined reference to `__argz_next'
collect2: ld returned 1 exit status
configure:5819: $? = 1
configure: failed program was:
| /* confdefs.h.  */
| 
| #define PACKAGE_NAME ""
| #define PACKAGE_TARNAME ""
| #define PACKAGE_VERSION ""
| #define PACKAGE_STRING ""
| #define PACKAGE_BUGREPORT ""
| #define STDC_HEADERS 1
| #define HAVE_SYS_TYPES_H 1
| #define HAVE_SYS_STAT_H 1
| #define HAVE_STDLIB_H 1
| #define HAVE_STRING_H 1
| #define HAVE_MEMORY_H 1
| #define HAVE_STRINGS_H 1
| #define HAVE_INTTYPES_H 1
| #define HAVE_STDINT_H 1
| #define HAVE_UNISTD_H 1
| #define HAVE_ALLOCA_H 1
| #define HAVE_ALLOCA 1
| #define HAVE_STDLIB_H 1
| #define HAVE_UNISTD_H 1
| #define HAVE_GETPAGESIZE 1
| #define INTDIV0_RAISES_SIGFPE 0
| #define HAVE_INTTYPES_H_WITH_UINTMAX 1
| #define HAVE_STDINT_H_WITH_UINTMAX 1
| #define HAVE_UNSIGNED_LONG_LONG 1
| #define HAVE_UINTMAX_T 1
| #define HAVE_INTTYPES_H 1
| #define HAVE_LIMITS_H 1
| #define HAVE_LOCALE_H 1
| #define HAVE_NL_TYPES_H 1
| #define HAVE_MALLOC_H 1
| #define HAVE_STDDEF_H 1
| #define HAVE_STDLIB_H 1
| #define HAVE_STRING_H 1
| #define HAVE_UNISTD_H 1
| #define HAVE_SYS_PARAM_H 1
| #define HAVE_FEOF_UNLOCKED 1
| #define HAVE_FGETS_UNLOCKED 1
| #define HAVE_GETC_UNLOCKED 1
| #define HAVE_GETCWD 1
| #define HAVE_GETEGID 1
| #define HAVE_GETEUID 1
| #define HAVE_GETGID 1
| #define HAVE_GETUID 1
| #define HAVE_MEMPCPY 1
| #define HAVE_MUNMAP 1
| #define HAVE_PUTENV 1
| #define HAVE_SETENV 1
| #define HAVE_SETLOCALE 1
| #define HAVE_STPCPY 1
| #define HAVE_STRCASECMP 1
| #define HAVE_STRDUP 1
| #define HAVE_STRTOUL 1
| #define HAVE_TSEARCH 1
| /* end confdefs.h.  */
| /* Define __argz_next to an innocuous variant, in case <limits.h> declares __argz_next.
|    For example, HP-UX 11i <limits.h> declares gettimeofday.  */
| #define __argz_next innocuous___argz_next
| 
| /* System header to define __stub macros and hopefully few prototypes,
|     which can conflict with char __argz_next (); below.
|     Prefer <limits.h> to <assert.h> if __STDC__ is defined, since
|     <limits.h> exists even on freestanding compilers.  */
| 
| #ifdef __STDC__
| # include <limits.h>
| #else
| # include <assert.h>
| #endif
| 
| #undef __argz_next
| 
| /* Override any gcc2 internal prototype to avoid an error.  */
| #ifdef __cplusplus
| extern "C"
| {
| #endif
| /* We use char because int might match the return type of a gcc2
|    builtin and then its argument prototype would still apply.  */
| char __argz_next ();
| /* The GNU C library defines this for functions which it implements
|     to always fail with ENOSYS.  Some functions are actually named
|     something starting with __ and the normal name is an alias.  */
| #if defined (__stub___argz_next) || defined (__stub_____argz_next)
| choke me
| #else
| char (*f) () = __argz_next;
| #endif
| #ifdef __cplusplus
| }
| #endif
| 
| int
| main ()
| {
| return f != __argz_next;
|   ;
|   return 0;
| }
configure:5844: result: no
configure:5756: checking for __fsetlocking
configure:5813: mips-linux-gcc -o conftest    conftest.c  >&5
configure:5819: $? = 0
configure:5823: test -z 
			 || test ! -s conftest.err
configure:5826: $? = 0
configure:5829: test -s conftest
configure:5832: $? = 0
configure:5844: result: yes
configure:5885: checking for iconv
configure:5912: mips-linux-gcc -o conftest    conftest.c  >&5
conftest.c:59:19: iconv.h: No such file or directory
conftest.c: In function `main':
conftest.c:63: error: `iconv_t' undeclared (first use in this function)
conftest.c:63: error: (Each undeclared identifier is reported only once
conftest.c:63: error: for each function it appears in.)
conftest.c:63: error: syntax error before "cd"
conftest.c:64: error: `cd' undeclared (first use in this function)
configure:5918: $? = 1
configure: failed program was:
| /* confdefs.h.  */
| 
| #define PACKAGE_NAME ""
| #define PACKAGE_TARNAME ""
| #define PACKAGE_VERSION ""
| #define PACKAGE_STRING ""
| #define PACKAGE_BUGREPORT ""
| #define STDC_HEADERS 1
| #define HAVE_SYS_TYPES_H 1
| #define HAVE_SYS_STAT_H 1
| #define HAVE_STDLIB_H 1
| #define HAVE_STRING_H 1
| #define HAVE_MEMORY_H 1
| #define HAVE_STRINGS_H 1
| #define HAVE_INTTYPES_H 1
| #define HAVE_STDINT_H 1
| #define HAVE_UNISTD_H 1
| #define HAVE_ALLOCA_H 1
| #define HAVE_ALLOCA 1
| #define HAVE_STDLIB_H 1
| #define HAVE_UNISTD_H 1
| #define HAVE_GETPAGESIZE 1
| #define INTDIV0_RAISES_SIGFPE 0
| #define HAVE_INTTYPES_H_WITH_UINTMAX 1
| #define HAVE_STDINT_H_WITH_UINTMAX 1
| #define HAVE_UNSIGNED_LONG_LONG 1
| #define HAVE_UINTMAX_T 1
| #define HAVE_INTTYPES_H 1
| #define HAVE_LIMITS_H 1
| #define HAVE_LOCALE_H 1
| #define HAVE_NL_TYPES_H 1
| #define HAVE_MALLOC_H 1
| #define HAVE_STDDEF_H 1
| #define HAVE_STDLIB_H 1
| #define HAVE_STRING_H 1
| #define HAVE_UNISTD_H 1
| #define HAVE_SYS_PARAM_H 1
| #define HAVE_FEOF_UNLOCKED 1
| #define HAVE_FGETS_UNLOCKED 1
| #define HAVE_GETC_UNLOCKED 1
| #define HAVE_GETCWD 1
| #define HAVE_GETEGID 1
| #define HAVE_GETEUID 1
| #define HAVE_GETGID 1
| #define HAVE_GETUID 1
| #define HAVE_MEMPCPY 1
| #define HAVE_MUNMAP 1
| #define HAVE_PUTENV 1
| #define HAVE_SETENV 1
| #define HAVE_SETLOCALE 1
| #define HAVE_STPCPY 1
| #define HAVE_STRCASECMP 1
| #define HAVE_STRDUP 1
| #define HAVE_STRTOUL 1
| #define HAVE_TSEARCH 1
| #define HAVE___FSETLOCKING 1
| /* end confdefs.h.  */
| #include <stdlib.h>
| #include <iconv.h>
| int
| main ()
| {
| iconv_t cd = iconv_open("","");
|        iconv(cd,NULL,NULL,NULL,NULL);
|        iconv_close(cd);
|   ;
|   return 0;
| }
configure:5963: mips-linux-gcc -o conftest    conftest.c  -liconv >&5
conftest.c:59:19: iconv.h: No such file or directory
conftest.c: In function `main':
conftest.c:63: error: `iconv_t' undeclared (first use in this function)
conftest.c:63: error: (Each undeclared identifier is reported only once
conftest.c:63: error: for each function it appears in.)
conftest.c:63: error: syntax error before "cd"
conftest.c:64: error: `cd' undeclared (first use in this function)
configure:5969: $? = 1
configure: failed program was:
| /* confdefs.h.  */
| 
| #define PACKAGE_NAME ""
| #define PACKAGE_TARNAME ""
| #define PACKAGE_VERSION ""
| #define PACKAGE_STRING ""
| #define PACKAGE_BUGREPORT ""
| #define STDC_HEADERS 1
| #define HAVE_SYS_TYPES_H 1
| #define HAVE_SYS_STAT_H 1
| #define HAVE_STDLIB_H 1
| #define HAVE_STRING_H 1
| #define HAVE_MEMORY_H 1
| #define HAVE_STRINGS_H 1
| #define HAVE_INTTYPES_H 1
| #define HAVE_STDINT_H 1
| #define HAVE_UNISTD_H 1
| #define HAVE_ALLOCA_H 1
| #define HAVE_ALLOCA 1
| #define HAVE_STDLIB_H 1
| #define HAVE_UNISTD_H 1
| #define HAVE_GETPAGESIZE 1
| #define INTDIV0_RAISES_SIGFPE 0
| #define HAVE_INTTYPES_H_WITH_UINTMAX 1
| #define HAVE_STDINT_H_WITH_UINTMAX 1
| #define HAVE_UNSIGNED_LONG_LONG 1
| #define HAVE_UINTMAX_T 1
| #define HAVE_INTTYPES_H 1
| #define HAVE_LIMITS_H 1
| #define HAVE_LOCALE_H 1
| #define HAVE_NL_TYPES_H 1
| #define HAVE_MALLOC_H 1
| #define HAVE_STDDEF_H 1
| #define HAVE_STDLIB_H 1
| #define HAVE_STRING_H 1
| #define HAVE_UNISTD_H 1
| #define HAVE_SYS_PARAM_H 1
| #define HAVE_FEOF_UNLOCKED 1
| #define HAVE_FGETS_UNLOCKED 1
| #define HAVE_GETC_UNLOCKED 1
| #define HAVE_GETCWD 1
| #define HAVE_GETEGID 1
| #define HAVE_GETEUID 1
| #define HAVE_GETGID 1
| #define HAVE_GETUID 1
| #define HAVE_MEMPCPY 1
| #define HAVE_MUNMAP 1
| #define HAVE_PUTENV 1
| #define HAVE_SETENV 1
| #define HAVE_SETLOCALE 1
| #define HAVE_STPCPY 1
| #define HAVE_STRCASECMP 1
| #define HAVE_STRDUP 1
| #define HAVE_STRTOUL 1
| #define HAVE_TSEARCH 1
| #define HAVE___FSETLOCKING 1
| /* end confdefs.h.  */
| #include <stdlib.h>
| #include <iconv.h>
| int
| main ()
| {
| iconv_t cd = iconv_open("","");
|          iconv(cd,NULL,NULL,NULL,NULL);
|          iconv_close(cd);
|   ;
|   return 0;
| }
configure:5997: result: no, consider installing GNU libiconv
configure:6099: checking for nl_langinfo and CODESET
configure:6120: mips-linux-gcc -o conftest    conftest.c  >&5
configure:6126: $? = 0
configure:6130: test -z 
			 || test ! -s conftest.err
configure:6133: $? = 0
configure:6136: test -s conftest
configure:6139: $? = 0
configure:6152: result: yes
configure:6164: checking for LC_MESSAGES
configure:6185: mips-linux-gcc -o conftest    conftest.c  >&5
configure:6191: $? = 0
configure:6195: test -z 
			 || test ! -s conftest.err
configure:6198: $? = 0
configure:6201: test -s conftest
configure:6204: $? = 0
configure:6216: result: yes
configure:6232: checking for bison
configure:6248: found /usr/bin/bison
configure:6258: result: bison
configure:6271: checking version of bison
configure:6280: result: 1.875, ok
configure:6302: checking whether NLS is requested
configure:6311: result: yes
configure:6327: checking whether included gettext is requested
configure:6337: result: no
configure:6348: checking for GNU gettext in libc
configure:6372: mips-linux-gcc -o conftest    conftest.c  >&5
conftest.c:60:21: libintl.h: No such file or directory
configure:6378: $? = 1
configure: failed program was:
| /* confdefs.h.  */
| 
| #define PACKAGE_NAME ""
| #define PACKAGE_TARNAME ""
| #define PACKAGE_VERSION ""
| #define PACKAGE_STRING ""
| #define PACKAGE_BUGREPORT ""
| #define STDC_HEADERS 1
| #define HAVE_SYS_TYPES_H 1
| #define HAVE_SYS_STAT_H 1
| #define HAVE_STDLIB_H 1
| #define HAVE_STRING_H 1
| #define HAVE_MEMORY_H 1
| #define HAVE_STRINGS_H 1
| #define HAVE_INTTYPES_H 1
| #define HAVE_STDINT_H 1
| #define HAVE_UNISTD_H 1
| #define HAVE_ALLOCA_H 1
| #define HAVE_ALLOCA 1
| #define HAVE_STDLIB_H 1
| #define HAVE_UNISTD_H 1
| #define HAVE_GETPAGESIZE 1
| #define INTDIV0_RAISES_SIGFPE 0
| #define HAVE_INTTYPES_H_WITH_UINTMAX 1
| #define HAVE_STDINT_H_WITH_UINTMAX 1
| #define HAVE_UNSIGNED_LONG_LONG 1
| #define HAVE_UINTMAX_T 1
| #define HAVE_INTTYPES_H 1
| #define HAVE_LIMITS_H 1
| #define HAVE_LOCALE_H 1
| #define HAVE_NL_TYPES_H 1
| #define HAVE_MALLOC_H 1
| #define HAVE_STDDEF_H 1
| #define HAVE_STDLIB_H 1
| #define HAVE_STRING_H 1
| #define HAVE_UNISTD_H 1
| #define HAVE_SYS_PARAM_H 1
| #define HAVE_FEOF_UNLOCKED 1
| #define HAVE_FGETS_UNLOCKED 1
| #define HAVE_GETC_UNLOCKED 1
| #define HAVE_GETCWD 1
| #define HAVE_GETEGID 1
| #define HAVE_GETEUID 1
| #define HAVE_GETGID 1
| #define HAVE_GETUID 1
| #define HAVE_MEMPCPY 1
| #define HAVE_MUNMAP 1
| #define HAVE_PUTENV 1
| #define HAVE_SETENV 1
| #define HAVE_SETLOCALE 1
| #define HAVE_STPCPY 1
| #define HAVE_STRCASECMP 1
| #define HAVE_STRDUP 1
| #define HAVE_STRTOUL 1
| #define HAVE_TSEARCH 1
| #define HAVE___FSETLOCKING 1
| #define HAVE_LANGINFO_CODESET 1
| #define HAVE_LC_MESSAGES 1
| /* end confdefs.h.  */
| #include <libintl.h>
| extern int _nl_msg_cat_cntr;
| extern int *_nl_domain_bindings;
| int
| main ()
| {
| bindtextdomain ("", "");
| return (int) gettext ("") + _nl_msg_cat_cntr + *_nl_domain_bindings
|   ;
|   return 0;
| }
configure:6403: result: no
configure:6786: checking for GNU gettext in libintl
configure:6818: mips-linux-gcc -o conftest     conftest.c  -lintl >&5
conftest.c:60:21: libintl.h: No such file or directory
configure:6824: $? = 1
configure: failed program was:
| /* confdefs.h.  */
| 
| #define PACKAGE_NAME ""
| #define PACKAGE_TARNAME ""
| #define PACKAGE_VERSION ""
| #define PACKAGE_STRING ""
| #define PACKAGE_BUGREPORT ""
| #define STDC_HEADERS 1
| #define HAVE_SYS_TYPES_H 1
| #define HAVE_SYS_STAT_H 1
| #define HAVE_STDLIB_H 1
| #define HAVE_STRING_H 1
| #define HAVE_MEMORY_H 1
| #define HAVE_STRINGS_H 1
| #define HAVE_INTTYPES_H 1
| #define HAVE_STDINT_H 1
| #define HAVE_UNISTD_H 1
| #define HAVE_ALLOCA_H 1
| #define HAVE_ALLOCA 1
| #define HAVE_STDLIB_H 1
| #define HAVE_UNISTD_H 1
| #define HAVE_GETPAGESIZE 1
| #define INTDIV0_RAISES_SIGFPE 0
| #define HAVE_INTTYPES_H_WITH_UINTMAX 1
| #define HAVE_STDINT_H_WITH_UINTMAX 1
| #define HAVE_UNSIGNED_LONG_LONG 1
| #define HAVE_UINTMAX_T 1
| #define HAVE_INTTYPES_H 1
| #define HAVE_LIMITS_H 1
| #define HAVE_LOCALE_H 1
| #define HAVE_NL_TYPES_H 1
| #define HAVE_MALLOC_H 1
| #define HAVE_STDDEF_H 1
| #define HAVE_STDLIB_H 1
| #define HAVE_STRING_H 1
| #define HAVE_UNISTD_H 1
| #define HAVE_SYS_PARAM_H 1
| #define HAVE_FEOF_UNLOCKED 1
| #define HAVE_FGETS_UNLOCKED 1
| #define HAVE_GETC_UNLOCKED 1
| #define HAVE_GETCWD 1
| #define HAVE_GETEGID 1
| #define HAVE_GETEUID 1
| #define HAVE_GETGID 1
| #define HAVE_GETUID 1
| #define HAVE_MEMPCPY 1
| #define HAVE_MUNMAP 1
| #define HAVE_PUTENV 1
| #define HAVE_SETENV 1
| #define HAVE_SETLOCALE 1
| #define HAVE_STPCPY 1
| #define HAVE_STRCASECMP 1
| #define HAVE_STRDUP 1
| #define HAVE_STRTOUL 1
| #define HAVE_TSEARCH 1
| #define HAVE___FSETLOCKING 1
| #define HAVE_LANGINFO_CODESET 1
| #define HAVE_LC_MESSAGES 1
| /* end confdefs.h.  */
| #include <libintl.h>
| extern int _nl_msg_cat_cntr;
| extern
| #ifdef __cplusplus
| "C"
| #endif
| const char *_nl_expand_alias ();
| int
| main ()
| {
| bindtextdomain ("", "");
| return (int) gettext ("") + _nl_msg_cat_cntr + *_nl_expand_alias (0)
|   ;
|   return 0;
| }
configure:6909: result: no
configure:6956: checking whether to use NLS
configure:6958: result: yes
configure:6961: checking where the gettext function comes from
configure:6972: result: included intl directory
configure:7104: checking for aclocal
configure:7120: found /usr/bin/aclocal
configure:7130: result: aclocal
configure:7145: checking for autoconf
configure:7161: found /usr/bin/autoconf
configure:7171: result: autoconf
configure:7186: checking for autoheader
configure:7202: found /usr/bin/autoheader
configure:7212: result: autoheader
configure:7350: creating ./config.status

## ---------------------- ##
## Running config.status. ##
## ---------------------- ##

This file was extended by config.status, which was
generated by GNU Autoconf 2.59.  Invocation command line was

  CONFIG_FILES    = 
  CONFIG_HEADERS  = 
  CONFIG_LINKS    = 
  CONFIG_COMMANDS = 
  $ ./config.status 

on linux_test.broadcom.com

config.status:708: creating Makefile
config.status:708: creating config.intl
config.status:805: creating config.h
config.status:1181: executing default-1 commands

## ---------------- ##
## Cache variables. ##
## ---------------- ##

ac_cv_build=i386-pc-linux-gnu
ac_cv_build_alias=i386-linux
ac_cv_c_compiler_gnu=yes
ac_cv_c_const=yes
ac_cv_c_inline=inline
ac_cv_env_CC_set=set
ac_cv_env_CC_value=mips-linux-gcc
ac_cv_env_CFLAGS_set=set
ac_cv_env_CFLAGS_value=
ac_cv_env_CPPFLAGS_set=
ac_cv_env_CPPFLAGS_value=
ac_cv_env_CPP_set=
ac_cv_env_CPP_value=
ac_cv_env_LDFLAGS_set=set
ac_cv_env_LDFLAGS_value=
ac_cv_env_build_alias_set=set
ac_cv_env_build_alias_value=i386-linux
ac_cv_env_host_alias_set=set
ac_cv_env_host_alias_value=mips-linux
ac_cv_env_target_alias_set=set
ac_cv_env_target_alias_value=mips-linux
ac_cv_exeext=
ac_cv_func___argz_count=no
ac_cv_func___argz_next=no
ac_cv_func___argz_stringify=no
ac_cv_func___fsetlocking=yes
ac_cv_func_alloca_works=yes
ac_cv_func_feof_unlocked=yes
ac_cv_func_fgets_unlocked=yes
ac_cv_func_getc_unlocked=yes
ac_cv_func_getcwd=yes
ac_cv_func_getegid=yes
ac_cv_func_geteuid=yes
ac_cv_func_getgid=yes
ac_cv_func_getpagesize=yes
ac_cv_func_getuid=yes
ac_cv_func_mempcpy=yes
ac_cv_func_mmap_fixed_mapped=no
ac_cv_func_munmap=yes
ac_cv_func_putenv=yes
ac_cv_func_setenv=yes
ac_cv_func_setlocale=yes
ac_cv_func_stpcpy=yes
ac_cv_func_strcasecmp=yes
ac_cv_func_strdup=yes
ac_cv_func_strtoul=yes
ac_cv_func_tsearch=yes
ac_cv_gnu_library_2_1=yes
ac_cv_header_argz_h=no
ac_cv_header_inttypes_h=yes
ac_cv_header_limits_h=yes
ac_cv_header_locale_h=yes
ac_cv_header_malloc_h=yes
ac_cv_header_memory_h=yes
ac_cv_header_nl_types_h=yes
ac_cv_header_stdc=yes
ac_cv_header_stddef_h=yes
ac_cv_header_stdint_h=yes
ac_cv_header_stdlib_h=yes
ac_cv_header_string_h=yes
ac_cv_header_strings_h=yes
ac_cv_header_sys_param_h=yes
ac_cv_header_sys_stat_h=yes
ac_cv_header_sys_types_h=yes
ac_cv_header_unistd_h=yes
ac_cv_host=mips-unknown-linux-gnu
ac_cv_host_alias=mips-linux
ac_cv_objext=o
ac_cv_path_GMSGFMT=/usr/bin/msgfmt
ac_cv_path_MSGFMT=/usr/bin/msgfmt
ac_cv_path_MSGMERGE=/usr/bin/msgmerge
ac_cv_path_XGETTEXT=/usr/bin/xgettext
ac_cv_prog_ACLOCAL=aclocal
ac_cv_prog_AUTOCONF=autoconf
ac_cv_prog_AUTOHEADER=autoheader
ac_cv_prog_CC=mips-linux-gcc
ac_cv_prog_CPP='mips-linux-gcc -E'
ac_cv_prog_INTLBISON=bison
ac_cv_prog_RANLIB=mips-linux-ranlib
ac_cv_prog_cc_g=yes
ac_cv_prog_cc_stdc=
ac_cv_prog_egrep='grep -E'
ac_cv_prog_make_make_set=yes
ac_cv_search_strerror='none required'
ac_cv_type_off_t=yes
ac_cv_type_size_t=yes
ac_cv_type_unsigned_long_long=yes
ac_cv_working_alloca_h=yes
acl_cv_hardcode_direct=no
acl_cv_hardcode_libdir_flag_spec='${wl}-rpath ${wl}$libdir'
acl_cv_hardcode_libdir_separator=
acl_cv_hardcode_minus_L=no
acl_cv_libext=a
acl_cv_path_LD=mips-linux-ld
acl_cv_prog_gnu_ld=yes
acl_cv_rpath=done
acl_cv_shlibext=so
acl_cv_wl=-Wl,
am_cv_func_iconv='no, consider installing GNU libiconv'
am_cv_langinfo_codeset=yes
am_cv_lib_iconv=no
am_cv_val_LC_MESSAGES=yes
gt_cv_func_gnugettext1_libc=no
gt_cv_func_gnugettext1_libintl=no
gt_cv_header_inttypes_h=yes
gt_cv_int_divbyzero_sigfpe='guessing no'
gt_cv_inttypes_pri_broken=no
jm_ac_cv_header_inttypes_h=yes
jm_ac_cv_header_stdint_h=yes
nls_cv_force_use_gnu_gettext=no
nls_cv_header_intl=
nls_cv_header_libgt=
nls_cv_use_gnu_gettext=yes

## ----------------- ##
## Output variables. ##
## ----------------- ##

ACLOCAL='aclocal'
ALLOCA=''
AUTOCONF='autoconf'
AUTOHEADER='autoheader'
BUILD_INCLUDED_LIBINTL='yes'
CATOBJEXT='.gmo'
CC='mips-linux-gcc'
CFLAGS=''
CPP='mips-linux-gcc -E'
CPPFLAGS=''
DATADIRNAME='share'
DEFS='-DHAVE_CONFIG_H'
ECHO_C=''
ECHO_N='-n'
ECHO_T=''
EGREP='grep -E'
EXEEXT=''
GENCAT='gencat'
GLIBC21='yes'
GMSGFMT='/usr/bin/msgfmt'
INCINTL='-I${top_builddir}/../intl'
INSTALL_DATA='/usr/bin/install -c -m 644'
INSTALL_PROGRAM='/usr/bin/install -c'
INSTALL_SCRIPT='/usr/bin/install -c'
INSTOBJEXT='.mo'
INTLBISON='bison'
INTLLIBS='${top_builddir}/intl/libintl.a '
INTLOBJS='$(GETTOBJS)'
INTL_LIBTOOL_SUFFIX_PREFIX=''
LDFLAGS=''
LIBICONV=''
LIBINTL='${top_builddir}/../intl/libintl.a'
LIBINTL_DEP='${top_builddir}/../intl/libintl.a'
LIBOBJS=''
LIBS=''
LTLIBICONV=''
LTLIBINTL='${top_builddir}/../intl/libintl.a'
LTLIBOBJS=''
MAINT='#'
MKINSTALLDIRS='$(top_builddir)/.././intl/../mkinstalldirs'
MSGFMT='/usr/bin/msgfmt'
MSGMERGE='/usr/bin/msgmerge'
OBJEXT='o'
PACKAGE_BUGREPORT=''
PACKAGE_NAME=''
PACKAGE_STRING=''
PACKAGE_TARNAME=''
PACKAGE_VERSION=''
PATH_SEPARATOR=':'
POSUB='po'
RANLIB='mips-linux-ranlib'
SET_MAKE=''
SHELL='/bin/sh'
USE_INCLUDED_LIBINTL='yes'
USE_NLS='yes'
XGETTEXT='/usr/bin/xgettext'
ac_ct_CC=''
ac_ct_RANLIB=''
bindir='${exec_prefix}/bin'
build='i386-pc-linux-gnu'
build_alias='i386-linux'
build_cpu='i386'
build_os='linux-gnu'
build_vendor='pc'
datadir='${prefix}/share'
exec_prefix='${prefix}'
host='mips-unknown-linux-gnu'
host_alias='mips-linux'
host_cpu='mips'
host_os='linux-gnu'
host_vendor='unknown'
includedir='${prefix}/include'
infodir='${prefix}/info'
libdir='${exec_prefix}/lib'
libexecdir='${exec_prefix}/libexec'
localstatedir='${prefix}/var'
mandir='${prefix}/man'
oldincludedir='/usr/include'
prefix='/usr/local'
program_transform_name='s,y,y,'
sbindir='${exec_prefix}/sbin'
sharedstatedir='${prefix}/com'
sysconfdir='${prefix}/etc'
target_alias='mips-linux'

## ----------- ##
## confdefs.h. ##
## ----------- ##

#define DEPENDS_ON_LIBICONV 1
#define ENABLE_NLS 1
#define ENABLE_RELOCATABLE 1
#define HAVE_ALLOCA 1
#define HAVE_ALLOCA_H 1
#define HAVE_FEOF_UNLOCKED 1
#define HAVE_FGETS_UNLOCKED 1
#define HAVE_GETCWD 1
#define HAVE_GETC_UNLOCKED 1
#define HAVE_GETEGID 1
#define HAVE_GETEUID 1
#define HAVE_GETGID 1
#define HAVE_GETPAGESIZE 1
#define HAVE_GETUID 1
#define HAVE_INTTYPES_H 1
#define HAVE_INTTYPES_H 1
#define HAVE_INTTYPES_H_WITH_UINTMAX 1
#define HAVE_LANGINFO_CODESET 1
#define HAVE_LC_MESSAGES 1
#define HAVE_LIMITS_H 1
#define HAVE_LOCALE_H 1
#define HAVE_MALLOC_H 1
#define HAVE_MEMORY_H 1
#define HAVE_MEMPCPY 1
#define HAVE_MUNMAP 1
#define HAVE_NL_TYPES_H 1
#define HAVE_PUTENV 1
#define HAVE_SETENV 1
#define HAVE_SETLOCALE 1
#define HAVE_STDDEF_H 1
#define HAVE_STDINT_H 1
#define HAVE_STDINT_H_WITH_UINTMAX 1
#define HAVE_STDLIB_H 1
#define HAVE_STDLIB_H 1
#define HAVE_STDLIB_H 1
#define HAVE_STPCPY 1
#define HAVE_STRCASECMP 1
#define HAVE_STRDUP 1
#define HAVE_STRINGS_H 1
#define HAVE_STRING_H 1
#define HAVE_STRING_H 1
#define HAVE_STRTOUL 1
#define HAVE_SYS_PARAM_H 1
#define HAVE_SYS_STAT_H 1
#define HAVE_SYS_TYPES_H 1
#define HAVE_TSEARCH 1
#define HAVE_UINTMAX_T 1
#define HAVE_UNISTD_H 1
#define HAVE_UNISTD_H 1
#define HAVE_UNISTD_H 1
#define HAVE_UNSIGNED_LONG_LONG 1
#define HAVE___FSETLOCKING 1
#define INTDIV0_RAISES_SIGFPE 0
#define IN_LIBINTL 1
#define IN_LIBRARY 1
#define NO_XMALLOC 1
#define PACKAGE_BUGREPORT ""
#define PACKAGE_NAME ""
#define PACKAGE_STRING ""
#define PACKAGE_TARNAME ""
#define PACKAGE_VERSION ""
#define STDC_HEADERS 1
#define relocate libintl_relocate
#define set_relocation_prefix libintl_set_relocation_prefix

configure: exit 0

## ---------------------- ##
## Running config.status. ##
## ---------------------- ##

This file was extended by config.status, which was
generated by GNU Autoconf 2.59.  Invocation command line was

  CONFIG_FILES    = 
  CONFIG_HEADERS  = 
  CONFIG_LINKS    = 
  CONFIG_COMMANDS = 
  $ ./config.status config.h

on linux_test.broadcom.com

config.status:805: creating config.h
config.status:1023: config.h is unchanged
