This file contains any messages produced by compilers while
running configure, to aid debugging if configure makes a mistake.

It was created by configure, which was
generated by GNU Autoconf 2.59.  Invocation command line was

  $ /myviews/xj1_rel2618_1_0_sview/vobs/Ref_Linux_Kernel/src/uclinux-rootfs/lib/binutils-2.17.50.0.12/gprof/configure --cache-file=./config.cache --with-gnu-as --with-gnu-ld --with-stabs --enable-multilib --program-transform-name=s,y,y, --build=i386-linux --host=mips-linux --target=mips-linux --srcdir=.././gprof

## --------- ##
## Platform. ##
## --------- ##

hostname = linux_test.broadcom.com
uname -m = i686
uname -r = 2.6.9-1.667smp
uname -s = Linux
uname -v = #1 SMP Tue Nov 2 14:59:52 EST 2004

/usr/bin/uname -p = unknown
/bin/uname -X     = unknown

/bin/arch              = i686
/usr/bin/arch -k       = unknown
/usr/convex/getsysinfo = unknown
hostinfo               = unknown
/bin/machine           = unknown
/usr/bin/oslevel       = unknown
/bin/universe          = unknown

PATH: /root/bin
PATH: /sbin
PATH: /usr/sbin
PATH: /usr/local/bin
PATH: /root/bin
PATH: /etc
PATH: /usr/bin
PATH: /bin
PATH: /usr/bin/X11
PATH: /opt/toolchains/uclibc-crosstools/bin
PATH: /usr/atria/bin
PATH: /usr/lib
PATH: .
PATH: /myviews/xj1_rel2618_1_0_sview/vobs/Ref_Linux_Kernel/src/uclinux-rootfs/tools


## ----------- ##
## Core tests. ##
## ----------- ##

configure:1238: creating cache ./config.cache
configure:1351: checking build system type
configure:1369: result: i386-pc-linux-gnu
configure:1377: checking host system type
configure:1391: result: mips-unknown-linux-gnu
configure:1399: checking target system type
configure:1413: result: mips-unknown-linux-gnu
configure:1435: checking for mips-linux-gcc
configure:1461: result: mips-linux-gcc
configure:1743: checking for C compiler version
configure:1746: mips-linux-gcc --version </dev/null >&5
mips-linux-gcc (GCC) 3.4.6
Copyright (C) 2006 Free Software Foundation, Inc.
This is free software; see the source for copying conditions.  There is NO
warranty; not even for MERCHANTABILITY or FITNESS FOR A PARTICULAR PURPOSE.

configure:1749: $? = 0
configure:1751: mips-linux-gcc -v </dev/null >&5
Reading specs from /opt/toolchains/crosstools_hf-linux-2.6.12.0_gcc-3.4.6-20_uclibc-0.9.28-20050817-20070131/bin/../lib/gcc/mips-linux-uclibc/3.4.6/specs
Configured with: ../gcc-3.4.6/configure --prefix=/opt/toolchains/crosstools_hf-linux-2.6.12.0_gcc-3.4.6-20_uclibc-0.9.28-20050817-20070131/ --target=mips-linux-uclibc --build=mips-linux --host=mips-linux --enable-target-optspace --disable-nls --with-gnu-ld --enable-shared --enable-languages=c,c++ --enable-threads --infodir=/opt/toolchains/crosstools_hf-linux-2.6.12.0_gcc-3.4.6-20_uclibc-0.9.28-20050817-20070131/info --mandir=/opt/toolchains/crosstools_hf-linux-2.6.12.0_gcc-3.4.6-20_uclibc-0.9.28-20050817-20070131/man --disable-__cxa_atexit --disable-checking --with-arch=mips32
Thread model: posix
gcc version 3.4.6
configure:1754: $? = 0
configure:1756: mips-linux-gcc -V </dev/null >&5
mips-linux-gcc: `-V' option must have argument
configure:1759: $? = 1
configure:1782: checking for C compiler default output file name
configure:1785: mips-linux-gcc    conftest.c  >&5
configure:1788: $? = 0
configure:1834: result: a.out
configure:1839: checking whether the C compiler works
configure:1865: result: yes
configure:1872: checking whether we are cross compiling
configure:1874: result: yes
configure:1877: checking for suffix of executables
configure:1879: mips-linux-gcc -o conftest    conftest.c  >&5
configure:1882: $? = 0
configure:1907: result: 
configure:1913: checking for suffix of object files
configure:1934: mips-linux-gcc -c   conftest.c >&5
configure:1937: $? = 0
configure:1959: result: o
configure:1963: checking whether we are using the GNU C compiler
configure:1987: mips-linux-gcc -c   conftest.c >&5
configure:1993: $? = 0
configure:1997: test -z 
			 || test ! -s conftest.err
configure:2000: $? = 0
configure:2003: test -s conftest.o
configure:2006: $? = 0
configure:2019: result: yes
configure:2025: checking whether mips-linux-gcc accepts -g
configure:2046: mips-linux-gcc -c -g  conftest.c >&5
configure:2052: $? = 0
configure:2056: test -z 
			 || test ! -s conftest.err
configure:2059: $? = 0
configure:2062: test -s conftest.o
configure:2065: $? = 0
configure:2076: result: yes
configure:2093: checking for mips-linux-gcc option to accept ANSI C
configure:2163: mips-linux-gcc  -c   conftest.c >&5
configure:2169: $? = 0
configure:2173: test -z 
			 || test ! -s conftest.err
configure:2176: $? = 0
configure:2179: test -s conftest.o
configure:2182: $? = 0
configure:2200: result: none needed
configure:2218: mips-linux-gcc -c   conftest.c >&5
conftest.c:2: error: syntax error before "me"
configure:2224: $? = 1
configure: failed program was:
| #ifndef __cplusplus
|   choke me
| #endif
configure:2358: checking for library containing strerror
configure:2388: mips-linux-gcc -o conftest    conftest.c  >&5
configure:2394: $? = 0
configure:2398: test -z 
			 || test ! -s conftest.err
configure:2401: $? = 0
configure:2404: test -s conftest
configure:2407: $? = 0
configure:2477: result: none required
configure:2500: checking for a BSD-compatible install
configure:2555: result: /usr/bin/install -c
configure:2566: checking whether build environment is sane
configure:2609: result: yes
configure:2674: checking for gawk
configure:2690: found /usr/bin/gawk
configure:2700: result: gawk
configure:2710: checking whether make sets $(MAKE)
configure:2730: result: yes
configure:2760: checking for style of include used by make
configure:2788: result: GNU
configure:2871: checking for mips-linux-strip
configure:2897: result: mips-linux-strip
configure:2964: checking dependency style of mips-linux-gcc
configure:3054: result: gcc3
configure:3150: checking for ld used by GCC
configure:3213: result: mips-linux-ld
configure:3222: checking if the linker (mips-linux-ld) is GNU ld
GNU ld version 2.17.50.0.12 20070128
configure:3234: result: yes
configure:3239: checking for mips-linux-ld option to reload object files
configure:3246: result: -r
configure:3251: checking for BSD-compatible nm
configure:3287: result: mips-linux-nm
configure:3290: checking whether ln -s works
configure:3294: result: yes
configure:3301: checking how to recognise dependant libraries
configure:3464: result: pass_all
configure:3475: checking the maximum length of command line arguments
configure:3530: result: none
configure:3677: checking for mips-linux-ranlib
configure:3703: result: mips-linux-ranlib
configure:3757: checking for mips-linux-strip
configure:3783: result: mips-linux-strip
configure:4125: loading cache ./config.cache
st.c 1>&5
ltcf-c.sh:need_lc: mips-linux-gcc -shared conftest.o  -v -Wl,-soname -Wl,conftest -o conftest
 /opt/toolchains/crosstools_hf-linux-2.6.12.0_gcc-3.4.6-20_uclibc-0.9.28-20050817-20070131/bin/../libexec/gcc/mips-linux-uclibc/3.4.6/collect2 --eh-frame-hdr -EB -shared -o conftest /opt/toolchains/crosstools_hf-linux-2.6.12.0_gcc-3.4.6-20_uclibc-0.9.28-20050817-20070131/bin/../lib/gcc/mips-linux-uclibc/3.4.6/../../../../mips-linux-uclibc/lib/crti.o /opt/toolchains/crosstools_hf-linux-2.6.12.0_gcc-3.4.6-20_uclibc-0.9.28-20050817-20070131/bin/../lib/gcc/mips-linux-uclibc/3.4.6/crtbeginS.o -L/opt/toolchains/crosstools_hf-linux-2.6.12.0_gcc-3.4.6-20_uclibc-0.9.28-20050817-20070131/bin/../lib/gcc/mips-linux-uclibc/3.4.6 -L/opt/toolchains/crosstools_hf-linux-2.6.12.0_gcc-3.4.6-20_uclibc-0.9.28-20050817-20070131/bin/../lib/gcc -L/opt/toolchains/crosstools_hf-linux-2.6.12.0_gcc-3.4.6-20_uclibc-0.9.28-20050817-20070131//lib/gcc/mips-linux-uclibc/3.4.6 -L/opt/toolchains/crosstools_hf-linux-2.6.12.0_gcc-3.4.6-20_uclibc-0.9.28-20050817-20070131/bin/../lib/gcc/mips-linux-uclibc/3.4.6/../../../../mips-linux-uclibc/lib -L/opt/toolchains/crosstools_hf-linux-2.6.12.0_gcc-3.4.6-20_uclibc-0.9.28-20050817-20070131//lib/gcc/mips-linux-uclibc/3.4.6/../../../../mips-linux-uclibc/lib conftest.o -soname conftest -lgcc -lc -rpath-link /lib:/usr/lib -lgcc /opt/toolchains/crosstools_hf-linux-2.6.12.0_gcc-3.4.6-20_uclibc-0.9.28-20050817-20070131/bin/../lib/gcc/mips-linux-uclibc/3.4.6/crtendS.o /opt/toolchains/crosstools_hf-linux-2.6.12.0_gcc-3.4.6-20_uclibc-0.9.28-20050817-20070131/bin/../lib/gcc/mips-linux-uclibc/3.4.6/../../../../mips-linux-uclibc/lib/crtn.o
ltconfig:678:checking for mips-linux-gcc option to produce PIC
ltconfig:687:checking that mips-linux-gcc PIC flag -fPIC -DPIC works.
ltconfig:697: mips-linux-gcc -c  -fPIC -DPIC -DPIC  conftest.c 1>&5
ltconfig:749: checking if mips-linux-gcc static flag -static works
ltconfig:758: mips-linux-gcc -o conftest    -static conftest.c  1>&5
ltconfig:780: finding the maximum length of command line arguments
ltconfig:@lineno@: result: 49153
ltconfig:833: checking if mips-linux-gcc supports -c -o file.o
ltconfig:834: mips-linux-gcc -c  -o out/conftest2.o  conftest.c 1>&5
ltconfig:887: checking if mips-linux-gcc supports -fno-rtti -fno-exceptions
ltconfig:888: mips-linux-gcc -c  -fno-rtti -fno-exceptions -c conftest.c  conftest.c 1>&5
ltconfig:1431: checking if global_symbol_pipe works
ltconfig:1432: mips-linux-gcc -c   conftest.c 1>&5
ltconfig:1435: eval "mips-linux-nm conftest.o | sed -n -e 's/^.*[ 	]\([ABCDGISTW][ABCDGISTW]*\)[ 	][ 	]*\(\)\([_A-Za-z][_A-Za-z0-9]*\)$/\1 \2\3 \3/p' > conftest.nm"
ltconfig:1487: mips-linux-gcc -o conftest  -fno-builtin   conftest.c conftstm.o 1>&5
configure:4166: checking for mips-linux-gcc
configure:4192: result: mips-linux-gcc
configure:4474: checking for C compiler version
configure:4477: mips-linux-gcc --version </dev/null >&5
mips-linux-gcc (GCC) 3.4.6
Copyright (C) 2006 Free Software Foundation, Inc.
This is free software; see the source for copying conditions.  There is NO
warranty; not even for MERCHANTABILITY or FITNESS FOR A PARTICULAR PURPOSE.

configure:4480: $? = 0
configure:4482: mips-linux-gcc -v </dev/null >&5
Reading specs from /opt/toolchains/crosstools_hf-linux-2.6.12.0_gcc-3.4.6-20_uclibc-0.9.28-20050817-20070131/bin/../lib/gcc/mips-linux-uclibc/3.4.6/specs
Configured with: ../gcc-3.4.6/configure --prefix=/opt/toolchains/crosstools_hf-linux-2.6.12.0_gcc-3.4.6-20_uclibc-0.9.28-20050817-20070131/ --target=mips-linux-uclibc --build=mips-linux --host=mips-linux --enable-target-optspace --disable-nls --with-gnu-ld --enable-shared --enable-languages=c,c++ --enable-threads --infodir=/opt/toolchains/crosstools_hf-linux-2.6.12.0_gcc-3.4.6-20_uclibc-0.9.28-20050817-20070131/info --mandir=/opt/toolchains/crosstools_hf-linux-2.6.12.0_gcc-3.4.6-20_uclibc-0.9.28-20050817-20070131/man --disable-__cxa_atexit --disable-checking --with-arch=mips32
Thread model: posix
gcc version 3.4.6
configure:4485: $? = 0
configure:4487: mips-linux-gcc -V </dev/null >&5
mips-linux-gcc: `-V' option must have argument
configure:4490: $? = 1
configure:4493: checking whether we are using the GNU C compiler
configure:4549: result: yes
configure:4555: checking whether mips-linux-gcc accepts -g
configure:4606: result: yes
configure:4623: checking for mips-linux-gcc option to accept ANSI C
configure:4730: result: none needed
configure:4748: mips-linux-gcc -c   conftest.c >&5
conftest.c:2: error: syntax error before "me"
configure:4754: $? = 1
configure: failed program was:
| #ifndef __cplusplus
|   choke me
| #endif
configure:4900: checking for a BSD-compatible install
configure:4955: result: /usr/bin/install -c
configure:4971: checking for setmode
configure:5028: mips-linux-gcc -o conftest    conftest.c  >&5
/tmp/ccMJ0kgr.o: In function `main':
conftest.c:(.text+0x20): undefined reference to `setmode'
/tmp/ccMJ0kgr.o:(.data.rel+0x0): undefined reference to `setmode'
collect2: ld returned 1 exit status
configure:5034: $? = 1
configure: failed program was:
| /* confdefs.h.  */
| 
| #define PACKAGE_NAME ""
| #define PACKAGE_TARNAME ""
| #define PACKAGE_VERSION ""
| #define PACKAGE_STRING ""
| #define PACKAGE_BUGREPORT ""
| #define PACKAGE "gprof"
| #define VERSION "2.17.50.0.12"
| /* end confdefs.h.  */
| /* Define setmode to an innocuous variant, in case <limits.h> declares setmode.
|    For example, HP-UX 11i <limits.h> declares gettimeofday.  */
| #define setmode innocuous_setmode
| 
| /* System header to define __stub macros and hopefully few prototypes,
|     which can conflict with char setmode (); below.
|     Prefer <limits.h> to <assert.h> if __STDC__ is defined, since
|     <limits.h> exists even on freestanding compilers.  */
| 
| #ifdef __STDC__
| # include <limits.h>
| #else
| # include <assert.h>
| #endif
| 
| #undef setmode
| 
| /* Override any gcc2 internal prototype to avoid an error.  */
| #ifdef __cplusplus
| extern "C"
| {
| #endif
| /* We use char because int might match the return type of a gcc2
|    builtin and then its argument prototype would still apply.  */
| char setmode ();
| /* The GNU C library defines this for functions which it implements
|     to always fail with ENOSYS.  Some functions are actually named
|     something starting with __ and the normal name is an alias.  */
| #if defined (__stub_setmode) || defined (__stub___setmode)
| choke me
| #else
| char (*f) () = setmode;
| #endif
| #ifdef __cplusplus
| }
| #endif
| 
| int
| main ()
| {
| return f != setmode;
|   ;
|   return 0;
| }
configure:5059: result: no
configure:5084: checking whether NLS is requested
configure:5090: result: yes
configure:5098: checking for catalogs to be installed
configure:5130: result:  da de es fr ga id ms pt_BR rw sv tr vi da de es fr ga id ms pt_BR rw sv tr vi
configure:5157: checking whether NLS is requested
configure:5166: result: yes
configure:5204: checking for msgfmt
configure:5235: result: /usr/bin/msgfmt
configure:5244: checking for gmsgfmt
configure:5275: result: /usr/bin/msgfmt
configure:5314: checking for xgettext
configure:5345: result: /usr/bin/xgettext
configure:5385: checking for msgmerge
configure:5415: result: /usr/bin/msgmerge
configure:5451: checking whether to enable maintainer-specific portions of Makefiles
configure:5460: result: no
configure:5492: checking how to run the C preprocessor
configure:5527: mips-linux-gcc -E  conftest.c
configure:5533: $? = 0
configure:5565: mips-linux-gcc -E  conftest.c
conftest.c:12:28: ac_nonexistent.h: No such file or directory
configure:5571: $? = 1
configure: failed program was:
| /* confdefs.h.  */
| 
| #define PACKAGE_NAME ""
| #define PACKAGE_TARNAME ""
| #define PACKAGE_VERSION ""
| #define PACKAGE_STRING ""
| #define PACKAGE_BUGREPORT ""
| #define PACKAGE "gprof"
| #define VERSION "2.17.50.0.12"
| #define ENABLE_NLS 1
| /* end confdefs.h.  */
| #include <ac_nonexistent.h>
configure:5610: result: mips-linux-gcc -E
configure:5634: mips-linux-gcc -E  conftest.c
configure:5640: $? = 0
configure:5672: mips-linux-gcc -E  conftest.c
conftest.c:12:28: ac_nonexistent.h: No such file or directory
configure:5678: $? = 1
configure: failed program was:
| /* confdefs.h.  */
| 
| #define PACKAGE_NAME ""
| #define PACKAGE_TARNAME ""
| #define PACKAGE_VERSION ""
| #define PACKAGE_STRING ""
| #define PACKAGE_BUGREPORT ""
| #define PACKAGE "gprof"
| #define VERSION "2.17.50.0.12"
| #define ENABLE_NLS 1
| /* end confdefs.h.  */
| #include <ac_nonexistent.h>
configure:5722: checking for egrep
configure:5732: result: grep -E
configure:5737: checking for ANSI C header files
configure:5762: mips-linux-gcc -c   conftest.c >&5
configure:5768: $? = 0
configure:5772: test -z 
			 || test ! -s conftest.err
configure:5775: $? = 0
configure:5778: test -s conftest.o
configure:5781: $? = 0
configure:5893: result: yes
configure:5917: checking for sys/types.h
configure:5933: mips-linux-gcc -c   conftest.c >&5
configure:5939: $? = 0
configure:5943: test -z 
			 || test ! -s conftest.err
configure:5946: $? = 0
configure:5949: test -s conftest.o
configure:5952: $? = 0
configure:5963: result: yes
configure:5917: checking for sys/stat.h
configure:5933: mips-linux-gcc -c   conftest.c >&5
configure:5939: $? = 0
configure:5943: test -z 
			 || test ! -s conftest.err
configure:5946: $? = 0
configure:5949: test -s conftest.o
configure:5952: $? = 0
configure:5963: result: yes
configure:5917: checking for stdlib.h
configure:5933: mips-linux-gcc -c   conftest.c >&5
configure:5939: $? = 0
configure:5943: test -z 
			 || test ! -s conftest.err
configure:5946: $? = 0
configure:5949: test -s conftest.o
configure:5952: $? = 0
configure:5963: result: yes
configure:5917: checking for string.h
configure:5933: mips-linux-gcc -c   conftest.c >&5
configure:5939: $? = 0
configure:5943: test -z 
			 || test ! -s conftest.err
configure:5946: $? = 0
configure:5949: test -s conftest.o
configure:5952: $? = 0
configure:5963: result: yes
configure:5917: checking for memory.h
configure:5933: mips-linux-gcc -c   conftest.c >&5
configure:5939: $? = 0
configure:5943: test -z 
			 || test ! -s conftest.err
configure:5946: $? = 0
configure:5949: test -s conftest.o
configure:5952: $? = 0
configure:5963: result: yes
configure:5917: checking for strings.h
configure:5933: mips-linux-gcc -c   conftest.c >&5
configure:5939: $? = 0
configure:5943: test -z 
			 || test ! -s conftest.err
configure:5946: $? = 0
configure:5949: test -s conftest.o
configure:5952: $? = 0
configure:5963: result: yes
configure:5917: checking for inttypes.h
configure:5933: mips-linux-gcc -c   conftest.c >&5
configure:5939: $? = 0
configure:5943: test -z 
			 || test ! -s conftest.err
configure:5946: $? = 0
configure:5949: test -s conftest.o
configure:5952: $? = 0
configure:5963: result: yes
configure:5917: checking for stdint.h
configure:5933: mips-linux-gcc -c   conftest.c >&5
configure:5939: $? = 0
configure:5943: test -z 
			 || test ! -s conftest.err
configure:5946: $? = 0
configure:5949: test -s conftest.o
configure:5952: $? = 0
configure:5963: result: yes
configure:5917: checking for unistd.h
configure:5933: mips-linux-gcc -c   conftest.c >&5
configure:5939: $? = 0
configure:5943: test -z 
			 || test ! -s conftest.err
configure:5946: $? = 0
configure:5949: test -s conftest.o
configure:5952: $? = 0
configure:5963: result: yes
configure:5989: checking sys/gmon_out.h usability
configure:6001: mips-linux-gcc -c   conftest.c >&5
configure:6007: $? = 0
configure:6011: test -z 
			 || test ! -s conftest.err
configure:6014: $? = 0
configure:6017: test -s conftest.o
configure:6020: $? = 0
configure:6030: result: yes
configure:6034: checking sys/gmon_out.h presence
configure:6044: mips-linux-gcc -E  conftest.c
configure:6050: $? = 0
configure:6070: result: yes
configure:6105: checking for sys/gmon_out.h
configure:6112: result: yes
configure:6126: checking for a known getopt prototype in unistd.h
configure:6147: mips-linux-gcc -c   conftest.c >&5
configure:6153: $? = 0
configure:6157: test -z 
			 || test ! -s conftest.err
configure:6160: $? = 0
configure:6163: test -s conftest.o
configure:6166: $? = 0
configure:6178: result: yes
configure:6371: creating ./config.status

## ---------------------- ##
## Running config.status. ##
## ---------------------- ##

This file was extended by config.status, which was
generated by GNU Autoconf 2.59.  Invocation command line was

  CONFIG_FILES    = 
  CONFIG_HEADERS  = 
  CONFIG_LINKS    = 
  CONFIG_COMMANDS = 
  $ ./config.status 

on linux_test.broadcom.com

config.status:739: creating Makefile
config.status:739: creating po/Makefile.in
config.status:836: creating gconfig.h
config.status:1128: executing depfiles commands
config.status:1128: executing default-1 commands

## ---------------- ##
## Cache variables. ##
## ---------------- ##

ac_cv_archive_cmds_needs_lc=no
ac_cv_build=i386-pc-linux-gnu
ac_cv_build_alias=i386-linux
ac_cv_c_compiler_gnu=yes
ac_cv_env_CC_set=set
ac_cv_env_CC_value=mips-linux-gcc
ac_cv_env_CFLAGS_set=set
ac_cv_env_CFLAGS_value=
ac_cv_env_CPPFLAGS_set=
ac_cv_env_CPPFLAGS_value=
ac_cv_env_CPP_set=
ac_cv_env_CPP_value=
ac_cv_env_LDFLAGS_set=set
ac_cv_env_LDFLAGS_value=
ac_cv_env_build_alias_set=set
ac_cv_env_build_alias_value=i386-linux
ac_cv_env_host_alias_set=set
ac_cv_env_host_alias_value=mips-linux
ac_cv_env_target_alias_set=set
ac_cv_env_target_alias_value=mips-linux
ac_cv_exeext=
ac_cv_func_setmode=no
ac_cv_header_inttypes_h=yes
ac_cv_header_memory_h=yes
ac_cv_header_stdc=yes
ac_cv_header_stdint_h=yes
ac_cv_header_stdlib_h=yes
ac_cv_header_string_h=yes
ac_cv_header_strings_h=yes
ac_cv_header_sys_gmon_out_h=yes
ac_cv_header_sys_stat_h=yes
ac_cv_header_sys_types_h=yes
ac_cv_header_unistd_h=yes
ac_cv_host=mips-unknown-linux-gnu
ac_cv_host_alias=mips-linux
ac_cv_objext=o
ac_cv_path_GMSGFMT=/usr/bin/msgfmt
ac_cv_path_MSGFMT=/usr/bin/msgfmt
ac_cv_path_MSGMERGE=/usr/bin/msgmerge
ac_cv_path_XGETTEXT=/usr/bin/xgettext
ac_cv_prog_AWK=gawk
ac_cv_prog_CC=mips-linux-gcc
ac_cv_prog_CPP='mips-linux-gcc -E'
ac_cv_prog_RANLIB=mips-linux-ranlib
ac_cv_prog_STRIP=mips-linux-strip
ac_cv_prog_cc_can_build_shared=yes
ac_cv_prog_cc_g=yes
ac_cv_prog_cc_no_builtin=
ac_cv_prog_cc_pic=' -fPIC -DPIC'
ac_cv_prog_cc_pic_works=yes
ac_cv_prog_cc_shlib=
ac_cv_prog_cc_static=-static
ac_cv_prog_cc_static_works=yes
ac_cv_prog_cc_stdc=
ac_cv_prog_cc_wl=-Wl,
ac_cv_prog_egrep='grep -E'
ac_cv_prog_make_make_set=yes
ac_cv_search_strerror='none required'
ac_cv_target=mips-unknown-linux-gnu
ac_cv_target_alias=mips-linux
am_cv_CC_dependencies_compiler_type=gcc3
gprof_cv_decl_getopt_unistd_h=yes
lt_cv_compiler_c_o=yes
lt_cv_deplibs_check_method=pass_all
lt_cv_file_magic_cmd='$MAGIC_CMD'
lt_cv_file_magic_test_file=
lt_cv_ld_reload_flag=-r
lt_cv_path_LD=mips-linux-ld
lt_cv_path_NM=mips-linux-nm
lt_cv_prog_gnu_ld=yes
lt_cv_sys_max_cmd_len=49153

## ----------------- ##
## Output variables. ##
## ----------------- ##

ACLOCAL='${SHELL} /myviews/xj1_rel2618_1_0_sview/vobs/Ref_Linux_Kernel/src/uclinux-rootfs/lib/binutils-2.17.50.0.12/missing --run aclocal-1.9'
AMDEPBACKSLASH='\'
AMDEP_FALSE='#'
AMDEP_TRUE=''
AMTAR='${SHELL} /myviews/xj1_rel2618_1_0_sview/vobs/Ref_Linux_Kernel/src/uclinux-rootfs/lib/binutils-2.17.50.0.12/missing --run tar'
AUTOCONF='${SHELL} /myviews/xj1_rel2618_1_0_sview/vobs/Ref_Linux_Kernel/src/uclinux-rootfs/lib/binutils-2.17.50.0.12/missing --run autoconf'
AUTOHEADER='${SHELL} /myviews/xj1_rel2618_1_0_sview/vobs/Ref_Linux_Kernel/src/uclinux-rootfs/lib/binutils-2.17.50.0.12/missing --run autoheader'
AUTOMAKE='${SHELL} /myviews/xj1_rel2618_1_0_sview/vobs/Ref_Linux_Kernel/src/uclinux-rootfs/lib/binutils-2.17.50.0.12/missing --run automake-1.9'
AWK='gawk'
CATALOGS=' da.gmo de.gmo es.gmo fr.gmo ga.gmo id.gmo ms.gmo pt_BR.gmo rw.gmo sv.gmo tr.gmo vi.gmo da.gmo de.gmo es.gmo fr.gmo ga.gmo id.gmo ms.gmo pt_BR.gmo rw.gmo sv.gmo tr.gmo vi.gmo'
CATOBJEXT='.gmo'
CC='mips-linux-gcc'
CCDEPMODE='depmode=gcc3'
CFLAGS=''
CPP='mips-linux-gcc -E'
CPPFLAGS=''
CYGPATH_W='echo'
DATADIRNAME='share'
DEFS='-DHAVE_CONFIG_H'
DEPDIR='.deps'
ECHO_C=''
ECHO_N='-n'
ECHO_T=''
EGREP='grep -E'
EXEEXT=''
GENCAT='gencat'
GENINSRC_NEVER_FALSE=''
GENINSRC_NEVER_TRUE='#'
GMSGFMT='/usr/bin/msgfmt'
INCINTL='-I${top_builddir}/../intl'
INSTALL_DATA='/usr/bin/install -c -m 644'
INSTALL_PROGRAM='/usr/bin/install -c'
INSTALL_SCRIPT='/usr/bin/install -c'
INSTALL_STRIP_PROGRAM='${SHELL} $(install_sh) -c -s'
INSTOBJEXT='.mo'
LDFLAGS=''
LIBINTL='${top_builddir}/../intl/libintl.a'
LIBINTL_DEP='${top_builddir}/../intl/libintl.a'
LIBOBJS=''
LIBS=''
LIBTOOL='$(SHELL) $(top_builddir)/libtool'
LN_S='ln -s'
LTLIBOBJS=''
MAINT='#'
MAINTAINER_MODE_FALSE=''
MAINTAINER_MODE_TRUE='#'
MAKEINFO='makeinfo --split-size=5000000'
MKINSTALLDIRS='$(top_builddir)/.././gprof/../mkinstalldirs'
MSGFMT='/usr/bin/msgfmt'
MSGMERGE='/usr/bin/msgmerge'
NO_WERROR='-Wno-error'
OBJEXT='o'
PACKAGE='gprof'
PACKAGE_BUGREPORT=''
PACKAGE_NAME=''
PACKAGE_STRING=''
PACKAGE_TARNAME=''
PACKAGE_VERSION=''
PATH_SEPARATOR=':'
POSUB='po'
RANLIB='mips-linux-ranlib'
SET_MAKE=''
SHELL='/bin/sh'
STRIP='mips-linux-strip'
USE_NLS='yes'
VERSION='2.17.50.0.12'
WARN_CFLAGS='-W -Wall -Wstrict-prototypes -Wmissing-prototypes -Werror'
XGETTEXT='/usr/bin/xgettext'
ac_ct_CC=''
ac_ct_RANLIB=''
ac_ct_STRIP=''
am__fastdepCC_FALSE='#'
am__fastdepCC_TRUE=''
am__include='include'
am__leading_dot='.'
am__quote=''
am__tar='${AMTAR} chof - "$$tardir"'
am__untar='${AMTAR} xf -'
bindir='${exec_prefix}/bin'
build='i386-pc-linux-gnu'
build_alias='i386-linux'
build_cpu='i386'
build_os='linux-gnu'
build_vendor='pc'
datadir='${prefix}/share'
datarootdir='/usr/local/share'
docdir='/usr/local/share/doc'
exec_prefix='${prefix}'
host='mips-unknown-linux-gnu'
host_alias='mips-linux'
host_cpu='mips'
host_os='linux-gnu'
host_vendor='unknown'
htmldir='/usr/local/share/doc'
includedir='${prefix}/include'
infodir='${prefix}/info'
install_sh='/myviews/xj1_rel2618_1_0_sview/vobs/Ref_Linux_Kernel/src/uclinux-rootfs/lib/binutils-2.17.50.0.12/install-sh'
libdir='${exec_prefix}/lib'
libexecdir='${exec_prefix}/libexec'
localstatedir='${prefix}/var'
mandir='${prefix}/man'
mkdir_p='mkdir -p --'
oldincludedir='/usr/include'
prefix='/usr/local'
program_transform_name='s,y,y,'
sbindir='${exec_prefix}/sbin'
sharedstatedir='${prefix}/com'
sysconfdir='${prefix}/etc'
target='mips-unknown-linux-gnu'
target_alias='mips-linux'
target_cpu='mips'
target_os='linux-gnu'
target_vendor='unknown'

## ----------- ##
## confdefs.h. ##
## ----------- ##

#define ENABLE_NLS 1
#define HAVE_DECL_GETOPT 1
#define HAVE_INTTYPES_H 1
#define HAVE_MEMORY_H 1
#define HAVE_STDINT_H 1
#define HAVE_STDLIB_H 1
#define HAVE_STRINGS_H 1
#define HAVE_STRING_H 1
#define HAVE_SYS_GMON_OUT_H 1
#define HAVE_SYS_STAT_H 1
#define HAVE_SYS_TYPES_H 1
#define HAVE_UNISTD_H 1
#define PACKAGE "gprof"
#define PACKAGE_BUGREPORT ""
#define PACKAGE_NAME ""
#define PACKAGE_STRING ""
#define PACKAGE_TARNAME ""
#define PACKAGE_VERSION ""
#define STDC_HEADERS 1
#define VERSION "2.17.50.0.12"

configure: exit 0
