This file contains any messages produced by compilers while
running configure, to aid debugging if configure makes a mistake.

configure:633: checking host system type
configure:654: checking target system type
configure:672: checking build system type
configure:727: checking for a BSD compatible install
configure:780: checking whether ln works
configure:804: checking whether ln -s works
configure:2137: checking for mips-linux-gnatbind
configure:2169: checking for gnatbind
configure:2202: checking whether compiler driver understands Ada
configure:2234: checking how to compare bootstrapped objects
configure:3608: checking for bison
configure:3648: checking for bison
configure:3687: checking for gm4
configure:3687: checking for gnum4
configure:3687: checking for m4
configure:3726: checking for flex
configure:3766: checking for flex
configure:3805: checking for makeinfo
configure:3858: checking for expect
configure:3899: checking for runtest
configure:3947: checking for mips-linux-ar
configure:4022: checking for mips-linux-as
configure:4097: checking for mips-linux-dlltool
configure:4172: checking for mips-linux-ld
configure:4247: checking for mips-linux-lipo
configure:4322: checking for mips-linux-nm
configure:4397: checking for mips-linux-ranlib
configure:4467: checking for mips-linux-strip
configure:4537: checking for mips-linux-windres
configure:4612: checking for mips-linux-objcopy
configure:4687: checking for mips-linux-objdump
configure:4799: checking for mips-linux-cc
configure:4799: checking for mips-linux-gcc
configure:4890: checking for mips-linux-c++
configure:4981: checking for mips-linux-gcc
configure:5067: checking for mips-linux-gcj
configure:5158: checking for mips-linux-gfortran
configure:5314: checking for ar
configure:5368: checking for mips-linux-ar
configure:5467: checking for as
configure:5521: checking for mips-linux-as
configure:5620: checking for dlltool
configure:5674: checking for mips-linux-dlltool
configure:5773: checking for ld
configure:5827: checking for mips-linux-ld
configure:5926: checking for lipo
configure:5980: checking for mips-linux-lipo
configure:6079: checking for nm
configure:6133: checking for mips-linux-nm
configure:6232: checking for objdump
configure:6286: checking for mips-linux-objdump
configure:6385: checking for ranlib
configure:6439: checking for mips-linux-ranlib
configure:6538: checking for strip
configure:6592: checking for mips-linux-strip
configure:6691: checking for windres
configure:6745: checking for mips-linux-windres
configure:6824: checking where to find the target ar
configure:6858: checking where to find the target as
configure:6892: checking where to find the target cc
configure:6926: checking where to find the target c++
configure:6963: checking where to find the target c++ for libstdc++
configure:7000: checking where to find the target dlltool
configure:7034: checking where to find the target gcc
configure:7068: checking where to find the target gcj
configure:7105: checking where to find the target gfortran
configure:7142: checking where to find the target ld
configure:7176: checking where to find the target lipo
configure:7200: checking where to find the target nm
configure:7234: checking where to find the target objdump
configure:7268: checking where to find the target ranlib
configure:7302: checking where to find the target strip
configure:7336: checking where to find the target windres
configure:7398: checking whether to enable maintainer-specific portions of Makefiles
