This file contains any messages produced by compilers while
running configure, to aid debugging if configure makes a mistake.

It was created by configure, which was
generated by GNU Autoconf 2.59.  Invocation command line was

  $ /myviews/xj1_rel2618_1_0_sview/vobs/Ref_Linux_Kernel/src/uclinux-rootfs/lib/binutils-2.17.50.0.12/bfd/configure --cache-file=./config.cache --with-gnu-as --with-gnu-ld --with-stabs --enable-multilib --program-transform-name=s,y,y, --build=i386-linux --host=mips-linux --target=mips-linux --srcdir=.././bfd

## --------- ##
## Platform. ##
## --------- ##

hostname = linux_test.broadcom.com
uname -m = i686
uname -r = 2.6.9-1.667smp
uname -s = Linux
uname -v = #1 SMP Tue Nov 2 14:59:52 EST 2004

/usr/bin/uname -p = unknown
/bin/uname -X     = unknown

/bin/arch              = i686
/usr/bin/arch -k       = unknown
/usr/convex/getsysinfo = unknown
hostinfo               = unknown
/bin/machine           = unknown
/usr/bin/oslevel       = unknown
/bin/universe          = unknown

PATH: /root/bin
PATH: /sbin
PATH: /usr/sbin
PATH: /usr/local/bin
PATH: /root/bin
PATH: /etc
PATH: /usr/bin
PATH: /bin
PATH: /usr/bin/X11
PATH: /opt/toolchains/uclibc-crosstools/bin
PATH: /usr/atria/bin
PATH: /usr/lib
PATH: .
PATH: /myviews/xj1_rel2618_1_0_sview/vobs/Ref_Linux_Kernel/src/uclinux-rootfs/tools


## ----------- ##
## Core tests. ##
## ----------- ##

configure:1244: creating cache ./config.cache
configure:1357: checking build system type
configure:1375: result: i386-pc-linux-gnu
configure:1383: checking host system type
configure:1397: result: mips-unknown-linux-gnu
configure:1405: checking target system type
configure:1419: result: mips-unknown-linux-gnu
configure:1441: checking for mips-linux-gcc
configure:1467: result: mips-linux-gcc
configure:1749: checking for C compiler version
configure:1752: mips-linux-gcc --version </dev/null >&5
mips-linux-gcc (GCC) 3.4.6
Copyright (C) 2006 Free Software Foundation, Inc.
This is free software; see the source for copying conditions.  There is NO
warranty; not even for MERCHANTABILITY or FITNESS FOR A PARTICULAR PURPOSE.

configure:1755: $? = 0
configure:1757: mips-linux-gcc -v </dev/null >&5
Reading specs from /opt/toolchains/crosstools_hf-linux-2.6.12.0_gcc-3.4.6-20_uclibc-0.9.28-20050817-20070131/bin/../lib/gcc/mips-linux-uclibc/3.4.6/specs
Configured with: ../gcc-3.4.6/configure --prefix=/opt/toolchains/crosstools_hf-linux-2.6.12.0_gcc-3.4.6-20_uclibc-0.9.28-20050817-20070131/ --target=mips-linux-uclibc --build=mips-linux --host=mips-linux --enable-target-optspace --disable-nls --with-gnu-ld --enable-shared --enable-languages=c,c++ --enable-threads --infodir=/opt/toolchains/crosstools_hf-linux-2.6.12.0_gcc-3.4.6-20_uclibc-0.9.28-20050817-20070131/info --mandir=/opt/toolchains/crosstools_hf-linux-2.6.12.0_gcc-3.4.6-20_uclibc-0.9.28-20050817-20070131/man --disable-__cxa_atexit --disable-checking --with-arch=mips32
Thread model: posix
gcc version 3.4.6
configure:1760: $? = 0
configure:1762: mips-linux-gcc -V </dev/null >&5
mips-linux-gcc: `-V' option must have argument
configure:1765: $? = 1
configure:1788: checking for C compiler default output file name
configure:1791: mips-linux-gcc    conftest.c  >&5
configure:1794: $? = 0
configure:1840: result: a.out
configure:1845: checking whether the C compiler works
configure:1871: result: yes
configure:1878: checking whether we are cross compiling
configure:1880: result: yes
configure:1883: checking for suffix of executables
configure:1885: mips-linux-gcc -o conftest    conftest.c  >&5
configure:1888: $? = 0
configure:1913: result: 
configure:1919: checking for suffix of object files
configure:1940: mips-linux-gcc -c   conftest.c >&5
configure:1943: $? = 0
configure:1965: result: o
configure:1969: checking whether we are using the GNU C compiler
configure:1993: mips-linux-gcc -c   conftest.c >&5
configure:1999: $? = 0
configure:2003: test -z 
			 || test ! -s conftest.err
configure:2006: $? = 0
configure:2009: test -s conftest.o
configure:2012: $? = 0
configure:2025: result: yes
configure:2031: checking whether mips-linux-gcc accepts -g
configure:2052: mips-linux-gcc -c -g  conftest.c >&5
configure:2058: $? = 0
configure:2062: test -z 
			 || test ! -s conftest.err
configure:2065: $? = 0
configure:2068: test -s conftest.o
configure:2071: $? = 0
configure:2082: result: yes
configure:2099: checking for mips-linux-gcc option to accept ANSI C
configure:2169: mips-linux-gcc  -c   conftest.c >&5
configure:2175: $? = 0
configure:2179: test -z 
			 || test ! -s conftest.err
configure:2182: $? = 0
configure:2185: test -s conftest.o
configure:2188: $? = 0
configure:2206: result: none needed
configure:2224: mips-linux-gcc -c   conftest.c >&5
conftest.c:2: error: syntax error before "me"
configure:2230: $? = 1
configure: failed program was:
| #ifndef __cplusplus
|   choke me
| #endif
configure:2364: checking for library containing strerror
configure:2394: mips-linux-gcc -o conftest    conftest.c  >&5
configure:2400: $? = 0
configure:2404: test -z 
			 || test ! -s conftest.err
configure:2407: $? = 0
configure:2410: test -s conftest
configure:2413: $? = 0
configure:2483: result: none required
configure:2505: checking for a BSD-compatible install
configure:2560: result: /usr/bin/install -c
configure:2571: checking whether build environment is sane
configure:2614: result: yes
configure:2679: checking for gawk
configure:2695: found /usr/bin/gawk
configure:2705: result: gawk
configure:2715: checking whether make sets $(MAKE)
configure:2735: result: yes
configure:2765: checking for style of include used by make
configure:2793: result: GNU
configure:2876: checking for mips-linux-strip
configure:2902: result: mips-linux-strip
configure:2969: checking dependency style of mips-linux-gcc
configure:3059: result: gcc3
configure:3081: checking for mips-linux-ar
configure:3107: result: mips-linux-ar
configure:3160: checking for mips-linux-ranlib
configure:3186: result: mips-linux-ranlib
configure:3316: checking for ld used by GCC
configure:3379: result: mips-linux-ld
configure:3388: checking if the linker (mips-linux-ld) is GNU ld
GNU ld version 2.17.50.0.12 20070128
configure:3400: result: yes
configure:3405: checking for mips-linux-ld option to reload object files
configure:3412: result: -r
configure:3417: checking for BSD-compatible nm
configure:3453: result: mips-linux-nm
configure:3456: checking whether ln -s works
configure:3460: result: yes
configure:3467: checking how to recognise dependant libraries
configure:3630: result: pass_all
configure:3641: checking the maximum length of command line arguments
configure:3696: result: none
configure:3843: checking for mips-linux-ranlib
configure:3869: result: mips-linux-ranlib
configure:3923: checking for mips-linux-strip
configure:3949: result: mips-linux-strip
configure:4291: loading cache ./config.cache
on to produce PIC
ltconfig:687:checking that mips-linux-gcc PIC flag -fPIC -DPIC works.
ltconfig:697: mips-linux-gcc -c  -fPIC -DPIC -DPIC  conftest.c 1>&5
ltconfig:749: checking if mips-linux-gcc static flag -static works
ltconfig:758: mips-linux-gcc -o conftest    -static conftest.c  1>&5
ltconfig:780: finding the maximum length of command line arguments
ltconfig:@lineno@: result: 49153
ltconfig:833: checking if mips-linux-gcc supports -c -o file.o
ltconfig:834: mips-linux-gcc -c  -o out/conftest2.o  conftest.c 1>&5
ltconfig:887: checking if mips-linux-gcc supports -fno-rtti -fno-exceptions
ltconfig:888: mips-linux-gcc -c  -fno-rtti -fno-exceptions -c conftest.c  conftest.c 1>&5
ltconfig:1431: checking if global_symbol_pipe works
ltconfig:1432: mips-linux-gcc -c   conftest.c 1>&5
ltconfig:1435: eval "mips-linux-nm conftest.o | sed -n -e 's/^.*[ 	]\([ABCDGISTW][ABCDGISTW]*\)[ 	][ 	]*\(\)\([_A-Za-z][_A-Za-z0-9]*\)$/\1 \2\3 \3/p' > conftest.nm"
ltconfig:1487: mips-linux-gcc -o conftest  -fno-builtin   conftest.c conftstm.o 1>&5
configure:4451: checking whether to enable maintainer-specific portions of Makefiles
configure:4460: result: no
configure:4500: checking whether to install libbfd
configure:4513: result: yes
configure:4557: checking for mips-linux-gcc
configure:4583: result: mips-linux-gcc
configure:4865: checking for C compiler version
configure:4868: mips-linux-gcc --version </dev/null >&5
mips-linux-gcc (GCC) 3.4.6
Copyright (C) 2006 Free Software Foundation, Inc.
This is free software; see the source for copying conditions.  There is NO
warranty; not even for MERCHANTABILITY or FITNESS FOR A PARTICULAR PURPOSE.

configure:4871: $? = 0
configure:4873: mips-linux-gcc -v </dev/null >&5
Reading specs from /opt/toolchains/crosstools_hf-linux-2.6.12.0_gcc-3.4.6-20_uclibc-0.9.28-20050817-20070131/bin/../lib/gcc/mips-linux-uclibc/3.4.6/specs
Configured with: ../gcc-3.4.6/configure --prefix=/opt/toolchains/crosstools_hf-linux-2.6.12.0_gcc-3.4.6-20_uclibc-0.9.28-20050817-20070131/ --target=mips-linux-uclibc --build=mips-linux --host=mips-linux --enable-target-optspace --disable-nls --with-gnu-ld --enable-shared --enable-languages=c,c++ --enable-threads --infodir=/opt/toolchains/crosstools_hf-linux-2.6.12.0_gcc-3.4.6-20_uclibc-0.9.28-20050817-20070131/info --mandir=/opt/toolchains/crosstools_hf-linux-2.6.12.0_gcc-3.4.6-20_uclibc-0.9.28-20050817-20070131/man --disable-__cxa_atexit --disable-checking --with-arch=mips32
Thread model: posix
gcc version 3.4.6
configure:4876: $? = 0
configure:4878: mips-linux-gcc -V </dev/null >&5
mips-linux-gcc: `-V' option must have argument
configure:4881: $? = 1
configure:4884: checking whether we are using the GNU C compiler
configure:4940: result: yes
configure:4946: checking whether mips-linux-gcc accepts -g
configure:4997: result: yes
configure:5014: checking for mips-linux-gcc option to accept ANSI C
configure:5121: result: none needed
configure:5139: mips-linux-gcc -c   conftest.c >&5
conftest.c:2: error: syntax error before "me"
configure:5145: $? = 1
configure: failed program was:
| #ifndef __cplusplus
|   choke me
| #endif
configure:5299: checking whether NLS is requested
configure:5305: result: yes
configure:5313: checking for catalogs to be installed
configure:5345: result:  da es fr ja ro rw sv tr vi zh_CN da es fr ja ro rw sv tr vi zh_CN
configure:5372: checking whether NLS is requested
configure:5381: result: yes
configure:5419: checking for msgfmt
configure:5450: result: /usr/bin/msgfmt
configure:5459: checking for gmsgfmt
configure:5490: result: /usr/bin/msgfmt
configure:5529: checking for xgettext
configure:5560: result: /usr/bin/xgettext
configure:5600: checking for msgmerge
configure:5630: result: /usr/bin/msgmerge
configure:5683: checking for a BSD-compatible install
configure:5738: result: /usr/bin/install -c
configure:5756: checking for long long
configure:5777: mips-linux-gcc -c   conftest.c >&5
configure:5783: $? = 0
configure:5787: test -z 
			 || test ! -s conftest.err
configure:5790: $? = 0
configure:5793: test -s conftest.o
configure:5796: $? = 0
configure:5808: result: yes
configure:5817: checking how to run the C preprocessor
configure:5852: mips-linux-gcc -E  conftest.c
configure:5858: $? = 0
configure:5890: mips-linux-gcc -E  conftest.c
conftest.c:13:28: ac_nonexistent.h: No such file or directory
configure:5896: $? = 1
configure: failed program was:
| /* confdefs.h.  */
| 
| #define PACKAGE_NAME ""
| #define PACKAGE_TARNAME ""
| #define PACKAGE_VERSION ""
| #define PACKAGE_STRING ""
| #define PACKAGE_BUGREPORT ""
| #define PACKAGE "bfd"
| #define VERSION "2.17.50.0.12"
| #define _GNU_SOURCE 1
| #define ENABLE_NLS 1
| /* end confdefs.h.  */
| #include <ac_nonexistent.h>
configure:5935: result: mips-linux-gcc -E
configure:5959: mips-linux-gcc -E  conftest.c
configure:5965: $? = 0
configure:5997: mips-linux-gcc -E  conftest.c
conftest.c:13:28: ac_nonexistent.h: No such file or directory
configure:6003: $? = 1
configure: failed program was:
| /* confdefs.h.  */
| 
| #define PACKAGE_NAME ""
| #define PACKAGE_TARNAME ""
| #define PACKAGE_VERSION ""
| #define PACKAGE_STRING ""
| #define PACKAGE_BUGREPORT ""
| #define PACKAGE "bfd"
| #define VERSION "2.17.50.0.12"
| #define _GNU_SOURCE 1
| #define ENABLE_NLS 1
| /* end confdefs.h.  */
| #include <ac_nonexistent.h>
configure:6047: checking for egrep
configure:6057: result: grep -E
configure:6062: checking for ANSI C header files
configure:6087: mips-linux-gcc -c   conftest.c >&5
configure:6093: $? = 0
configure:6097: test -z 
			 || test ! -s conftest.err
configure:6100: $? = 0
configure:6103: test -s conftest.o
configure:6106: $? = 0
configure:6218: result: yes
configure:6242: checking for sys/types.h
configure:6258: mips-linux-gcc -c   conftest.c >&5
configure:6264: $? = 0
configure:6268: test -z 
			 || test ! -s conftest.err
configure:6271: $? = 0
configure:6274: test -s conftest.o
configure:6277: $? = 0
configure:6288: result: yes
configure:6242: checking for sys/stat.h
configure:6258: mips-linux-gcc -c   conftest.c >&5
configure:6264: $? = 0
configure:6268: test -z 
			 || test ! -s conftest.err
configure:6271: $? = 0
configure:6274: test -s conftest.o
configure:6277: $? = 0
configure:6288: result: yes
configure:6242: checking for stdlib.h
configure:6258: mips-linux-gcc -c   conftest.c >&5
configure:6264: $? = 0
configure:6268: test -z 
			 || test ! -s conftest.err
configure:6271: $? = 0
configure:6274: test -s conftest.o
configure:6277: $? = 0
configure:6288: result: yes
configure:6242: checking for string.h
configure:6258: mips-linux-gcc -c   conftest.c >&5
configure:6264: $? = 0
configure:6268: test -z 
			 || test ! -s conftest.err
configure:6271: $? = 0
configure:6274: test -s conftest.o
configure:6277: $? = 0
configure:6288: result: yes
configure:6242: checking for memory.h
configure:6258: mips-linux-gcc -c   conftest.c >&5
configure:6264: $? = 0
configure:6268: test -z 
			 || test ! -s conftest.err
configure:6271: $? = 0
configure:6274: test -s conftest.o
configure:6277: $? = 0
configure:6288: result: yes
configure:6242: checking for strings.h
configure:6258: mips-linux-gcc -c   conftest.c >&5
configure:6264: $? = 0
configure:6268: test -z 
			 || test ! -s conftest.err
configure:6271: $? = 0
configure:6274: test -s conftest.o
configure:6277: $? = 0
configure:6288: result: yes
configure:6242: checking for inttypes.h
configure:6258: mips-linux-gcc -c   conftest.c >&5
configure:6264: $? = 0
configure:6268: test -z 
			 || test ! -s conftest.err
configure:6271: $? = 0
configure:6274: test -s conftest.o
configure:6277: $? = 0
configure:6288: result: yes
configure:6242: checking for stdint.h
configure:6258: mips-linux-gcc -c   conftest.c >&5
configure:6264: $? = 0
configure:6268: test -z 
			 || test ! -s conftest.err
configure:6271: $? = 0
configure:6274: test -s conftest.o
configure:6277: $? = 0
configure:6288: result: yes
configure:6242: checking for unistd.h
configure:6258: mips-linux-gcc -c   conftest.c >&5
configure:6264: $? = 0
configure:6268: test -z 
			 || test ! -s conftest.err
configure:6271: $? = 0
configure:6274: test -s conftest.o
configure:6277: $? = 0
configure:6288: result: yes
configure:6300: checking for long long
configure:6324: mips-linux-gcc -c   conftest.c >&5
configure:6330: $? = 0
configure:6334: test -z 
			 || test ! -s conftest.err
configure:6337: $? = 0
configure:6340: test -s conftest.o
configure:6343: $? = 0
configure:6354: result: yes
configure:6357: checking size of long long
configure:6387: mips-linux-gcc -c   conftest.c >&5
configure:6393: $? = 0
configure:6397: test -z 
			 || test ! -s conftest.err
configure:6400: $? = 0
configure:6403: test -s conftest.o
configure:6406: $? = 0
configure:6428: mips-linux-gcc -c   conftest.c >&5
conftest.c: In function `main':
conftest.c:60: error: size of array `test_array' is negative
configure:6434: $? = 1
configure: failed program was:
| /* confdefs.h.  */
| 
| #define PACKAGE_NAME ""
| #define PACKAGE_TARNAME ""
| #define PACKAGE_VERSION ""
| #define PACKAGE_STRING ""
| #define PACKAGE_BUGREPORT ""
| #define PACKAGE "bfd"
| #define VERSION "2.17.50.0.12"
| #define _GNU_SOURCE 1
| #define ENABLE_NLS 1
| #define STDC_HEADERS 1
| #define HAVE_SYS_TYPES_H 1
| #define HAVE_SYS_STAT_H 1
| #define HAVE_STDLIB_H 1
| #define HAVE_STRING_H 1
| #define HAVE_MEMORY_H 1
| #define HAVE_STRINGS_H 1
| #define HAVE_INTTYPES_H 1
| #define HAVE_STDINT_H 1
| #define HAVE_UNISTD_H 1
| /* end confdefs.h.  */
| #include <stdio.h>
| #if HAVE_SYS_TYPES_H
| # include <sys/types.h>
| #endif
| #if HAVE_SYS_STAT_H
| # include <sys/stat.h>
| #endif
| #if STDC_HEADERS
| # include <stdlib.h>
| # include <stddef.h>
| #else
| # if HAVE_STDLIB_H
| #  include <stdlib.h>
| # endif
| #endif
| #if HAVE_STRING_H
| # if !STDC_HEADERS && HAVE_MEMORY_H
| #  include <memory.h>
| # endif
| # include <string.h>
| #endif
| #if HAVE_STRINGS_H
| # include <strings.h>
| #endif
| #if HAVE_INTTYPES_H
| # include <inttypes.h>
| #else
| # if HAVE_STDINT_H
| #  include <stdint.h>
| # endif
| #endif
| #if HAVE_UNISTD_H
| # include <unistd.h>
| #endif
| int
| main ()
| {
| static int test_array [1 - 2 * !(((long) (sizeof (long long))) <= 0)];
| test_array [0] = 0
| 
|   ;
|   return 0;
| }
configure:6428: mips-linux-gcc -c   conftest.c >&5
conftest.c: In function `main':
conftest.c:60: error: size of array `test_array' is negative
configure:6434: $? = 1
configure: failed program was:
| /* confdefs.h.  */
| 
| #define PACKAGE_NAME ""
| #define PACKAGE_TARNAME ""
| #define PACKAGE_VERSION ""
| #define PACKAGE_STRING ""
| #define PACKAGE_BUGREPORT ""
| #define PACKAGE "bfd"
| #define VERSION "2.17.50.0.12"
| #define _GNU_SOURCE 1
| #define ENABLE_NLS 1
| #define STDC_HEADERS 1
| #define HAVE_SYS_TYPES_H 1
| #define HAVE_SYS_STAT_H 1
| #define HAVE_STDLIB_H 1
| #define HAVE_STRING_H 1
| #define HAVE_MEMORY_H 1
| #define HAVE_STRINGS_H 1
| #define HAVE_INTTYPES_H 1
| #define HAVE_STDINT_H 1
| #define HAVE_UNISTD_H 1
| /* end confdefs.h.  */
| #include <stdio.h>
| #if HAVE_SYS_TYPES_H
| # include <sys/types.h>
| #endif
| #if HAVE_SYS_STAT_H
| # include <sys/stat.h>
| #endif
| #if STDC_HEADERS
| # include <stdlib.h>
| # include <stddef.h>
| #else
| # if HAVE_STDLIB_H
| #  include <stdlib.h>
| # endif
| #endif
| #if HAVE_STRING_H
| # if !STDC_HEADERS && HAVE_MEMORY_H
| #  include <memory.h>
| # endif
| # include <string.h>
| #endif
| #if HAVE_STRINGS_H
| # include <strings.h>
| #endif
| #if HAVE_INTTYPES_H
| # include <inttypes.h>
| #else
| # if HAVE_STDINT_H
| #  include <stdint.h>
| # endif
| #endif
| #if HAVE_UNISTD_H
| # include <unistd.h>
| #endif
| int
| main ()
| {
| static int test_array [1 - 2 * !(((long) (sizeof (long long))) <= 1)];
| test_array [0] = 0
| 
|   ;
|   return 0;
| }
configure:6428: mips-linux-gcc -c   conftest.c >&5
conftest.c: In function `main':
conftest.c:60: error: size of array `test_array' is negative
configure:6434: $? = 1
configure: failed program was:
| /* confdefs.h.  */
| 
| #define PACKAGE_NAME ""
| #define PACKAGE_TARNAME ""
| #define PACKAGE_VERSION ""
| #define PACKAGE_STRING ""
| #define PACKAGE_BUGREPORT ""
| #define PACKAGE "bfd"
| #define VERSION "2.17.50.0.12"
| #define _GNU_SOURCE 1
| #define ENABLE_NLS 1
| #define STDC_HEADERS 1
| #define HAVE_SYS_TYPES_H 1
| #define HAVE_SYS_STAT_H 1
| #define HAVE_STDLIB_H 1
| #define HAVE_STRING_H 1
| #define HAVE_MEMORY_H 1
| #define HAVE_STRINGS_H 1
| #define HAVE_INTTYPES_H 1
| #define HAVE_STDINT_H 1
| #define HAVE_UNISTD_H 1
| /* end confdefs.h.  */
| #include <stdio.h>
| #if HAVE_SYS_TYPES_H
| # include <sys/types.h>
| #endif
| #if HAVE_SYS_STAT_H
| # include <sys/stat.h>
| #endif
| #if STDC_HEADERS
| # include <stdlib.h>
| # include <stddef.h>
| #else
| # if HAVE_STDLIB_H
| #  include <stdlib.h>
| # endif
| #endif
| #if HAVE_STRING_H
| # if !STDC_HEADERS && HAVE_MEMORY_H
| #  include <memory.h>
| # endif
| # include <string.h>
| #endif
| #if HAVE_STRINGS_H
| # include <strings.h>
| #endif
| #if HAVE_INTTYPES_H
| # include <inttypes.h>
| #else
| # if HAVE_STDINT_H
| #  include <stdint.h>
| # endif
| #endif
| #if HAVE_UNISTD_H
| # include <unistd.h>
| #endif
| int
| main ()
| {
| static int test_array [1 - 2 * !(((long) (sizeof (long long))) <= 3)];
| test_array [0] = 0
| 
|   ;
|   return 0;
| }
configure:6428: mips-linux-gcc -c   conftest.c >&5
conftest.c: In function `main':
conftest.c:60: error: size of array `test_array' is negative
configure:6434: $? = 1
configure: failed program was:
| /* confdefs.h.  */
| 
| #define PACKAGE_NAME ""
| #define PACKAGE_TARNAME ""
| #define PACKAGE_VERSION ""
| #define PACKAGE_STRING ""
| #define PACKAGE_BUGREPORT ""
| #define PACKAGE "bfd"
| #define VERSION "2.17.50.0.12"
| #define _GNU_SOURCE 1
| #define ENABLE_NLS 1
| #define STDC_HEADERS 1
| #define HAVE_SYS_TYPES_H 1
| #define HAVE_SYS_STAT_H 1
| #define HAVE_STDLIB_H 1
| #define HAVE_STRING_H 1
| #define HAVE_MEMORY_H 1
| #define HAVE_STRINGS_H 1
| #define HAVE_INTTYPES_H 1
| #define HAVE_STDINT_H 1
| #define HAVE_UNISTD_H 1
| /* end confdefs.h.  */
| #include <stdio.h>
| #if HAVE_SYS_TYPES_H
| # include <sys/types.h>
| #endif
| #if HAVE_SYS_STAT_H
| # include <sys/stat.h>
| #endif
| #if STDC_HEADERS
| # include <stdlib.h>
| # include <stddef.h>
| #else
| # if HAVE_STDLIB_H
| #  include <stdlib.h>
| # endif
| #endif
| #if HAVE_STRING_H
| # if !STDC_HEADERS && HAVE_MEMORY_H
| #  include <memory.h>
| # endif
| # include <string.h>
| #endif
| #if HAVE_STRINGS_H
| # include <strings.h>
| #endif
| #if HAVE_INTTYPES_H
| # include <inttypes.h>
| #else
| # if HAVE_STDINT_H
| #  include <stdint.h>
| # endif
| #endif
| #if HAVE_UNISTD_H
| # include <unistd.h>
| #endif
| int
| main ()
| {
| static int test_array [1 - 2 * !(((long) (sizeof (long long))) <= 7)];
| test_array [0] = 0
| 
|   ;
|   return 0;
| }
configure:6428: mips-linux-gcc -c   conftest.c >&5
configure:6434: $? = 0
configure:6438: test -z 
			 || test ! -s conftest.err
configure:6441: $? = 0
configure:6444: test -s conftest.o
configure:6447: $? = 0
configure:6591: mips-linux-gcc -c   conftest.c >&5
configure:6597: $? = 0
configure:6601: test -z 
			 || test ! -s conftest.err
configure:6604: $? = 0
configure:6607: test -s conftest.o
configure:6610: $? = 0
configure:6591: mips-linux-gcc -c   conftest.c >&5
configure:6597: $? = 0
configure:6601: test -z 
			 || test ! -s conftest.err
configure:6604: $? = 0
configure:6607: test -s conftest.o
configure:6610: $? = 0
configure:6591: mips-linux-gcc -c   conftest.c >&5
configure:6597: $? = 0
configure:6601: test -z 
			 || test ! -s conftest.err
configure:6604: $? = 0
configure:6607: test -s conftest.o
configure:6610: $? = 0
configure:6707: result: 8
configure:6716: checking for long
configure:6740: mips-linux-gcc -c   conftest.c >&5
configure:6746: $? = 0
configure:6750: test -z 
			 || test ! -s conftest.err
configure:6753: $? = 0
configure:6756: test -s conftest.o
configure:6759: $? = 0
configure:6770: result: yes
configure:6773: checking size of long
configure:6803: mips-linux-gcc -c   conftest.c >&5
configure:6809: $? = 0
configure:6813: test -z 
			 || test ! -s conftest.err
configure:6816: $? = 0
configure:6819: test -s conftest.o
configure:6822: $? = 0
configure:6844: mips-linux-gcc -c   conftest.c >&5
conftest.c: In function `main':
conftest.c:61: error: size of array `test_array' is negative
configure:6850: $? = 1
configure: failed program was:
| /* confdefs.h.  */
| 
| #define PACKAGE_NAME ""
| #define PACKAGE_TARNAME ""
| #define PACKAGE_VERSION ""
| #define PACKAGE_STRING ""
| #define PACKAGE_BUGREPORT ""
| #define PACKAGE "bfd"
| #define VERSION "2.17.50.0.12"
| #define _GNU_SOURCE 1
| #define ENABLE_NLS 1
| #define STDC_HEADERS 1
| #define HAVE_SYS_TYPES_H 1
| #define HAVE_SYS_STAT_H 1
| #define HAVE_STDLIB_H 1
| #define HAVE_STRING_H 1
| #define HAVE_MEMORY_H 1
| #define HAVE_STRINGS_H 1
| #define HAVE_INTTYPES_H 1
| #define HAVE_STDINT_H 1
| #define HAVE_UNISTD_H 1
| #define SIZEOF_LONG_LONG 8
| /* end confdefs.h.  */
| #include <stdio.h>
| #if HAVE_SYS_TYPES_H
| # include <sys/types.h>
| #endif
| #if HAVE_SYS_STAT_H
| # include <sys/stat.h>
| #endif
| #if STDC_HEADERS
| # include <stdlib.h>
| # include <stddef.h>
| #else
| # if HAVE_STDLIB_H
| #  include <stdlib.h>
| # endif
| #endif
| #if HAVE_STRING_H
| # if !STDC_HEADERS && HAVE_MEMORY_H
| #  include <memory.h>
| # endif
| # include <string.h>
| #endif
| #if HAVE_STRINGS_H
| # include <strings.h>
| #endif
| #if HAVE_INTTYPES_H
| # include <inttypes.h>
| #else
| # if HAVE_STDINT_H
| #  include <stdint.h>
| # endif
| #endif
| #if HAVE_UNISTD_H
| # include <unistd.h>
| #endif
| int
| main ()
| {
| static int test_array [1 - 2 * !(((long) (sizeof (long))) <= 0)];
| test_array [0] = 0
| 
|   ;
|   return 0;
| }
configure:6844: mips-linux-gcc -c   conftest.c >&5
conftest.c: In function `main':
conftest.c:61: error: size of array `test_array' is negative
configure:6850: $? = 1
configure: failed program was:
| /* confdefs.h.  */
| 
| #define PACKAGE_NAME ""
| #define PACKAGE_TARNAME ""
| #define PACKAGE_VERSION ""
| #define PACKAGE_STRING ""
| #define PACKAGE_BUGREPORT ""
| #define PACKAGE "bfd"
| #define VERSION "2.17.50.0.12"
| #define _GNU_SOURCE 1
| #define ENABLE_NLS 1
| #define STDC_HEADERS 1
| #define HAVE_SYS_TYPES_H 1
| #define HAVE_SYS_STAT_H 1
| #define HAVE_STDLIB_H 1
| #define HAVE_STRING_H 1
| #define HAVE_MEMORY_H 1
| #define HAVE_STRINGS_H 1
| #define HAVE_INTTYPES_H 1
| #define HAVE_STDINT_H 1
| #define HAVE_UNISTD_H 1
| #define SIZEOF_LONG_LONG 8
| /* end confdefs.h.  */
| #include <stdio.h>
| #if HAVE_SYS_TYPES_H
| # include <sys/types.h>
| #endif
| #if HAVE_SYS_STAT_H
| # include <sys/stat.h>
| #endif
| #if STDC_HEADERS
| # include <stdlib.h>
| # include <stddef.h>
| #else
| # if HAVE_STDLIB_H
| #  include <stdlib.h>
| # endif
| #endif
| #if HAVE_STRING_H
| # if !STDC_HEADERS && HAVE_MEMORY_H
| #  include <memory.h>
| # endif
| # include <string.h>
| #endif
| #if HAVE_STRINGS_H
| # include <strings.h>
| #endif
| #if HAVE_INTTYPES_H
| # include <inttypes.h>
| #else
| # if HAVE_STDINT_H
| #  include <stdint.h>
| # endif
| #endif
| #if HAVE_UNISTD_H
| # include <unistd.h>
| #endif
| int
| main ()
| {
| static int test_array [1 - 2 * !(((long) (sizeof (long))) <= 1)];
| test_array [0] = 0
| 
|   ;
|   return 0;
| }
configure:6844: mips-linux-gcc -c   conftest.c >&5
conftest.c: In function `main':
conftest.c:61: error: size of array `test_array' is negative
configure:6850: $? = 1
configure: failed program was:
| /* confdefs.h.  */
| 
| #define PACKAGE_NAME ""
| #define PACKAGE_TARNAME ""
| #define PACKAGE_VERSION ""
| #define PACKAGE_STRING ""
| #define PACKAGE_BUGREPORT ""
| #define PACKAGE "bfd"
| #define VERSION "2.17.50.0.12"
| #define _GNU_SOURCE 1
| #define ENABLE_NLS 1
| #define STDC_HEADERS 1
| #define HAVE_SYS_TYPES_H 1
| #define HAVE_SYS_STAT_H 1
| #define HAVE_STDLIB_H 1
| #define HAVE_STRING_H 1
| #define HAVE_MEMORY_H 1
| #define HAVE_STRINGS_H 1
| #define HAVE_INTTYPES_H 1
| #define HAVE_STDINT_H 1
| #define HAVE_UNISTD_H 1
| #define SIZEOF_LONG_LONG 8
| /* end confdefs.h.  */
| #include <stdio.h>
| #if HAVE_SYS_TYPES_H
| # include <sys/types.h>
| #endif
| #if HAVE_SYS_STAT_H
| # include <sys/stat.h>
| #endif
| #if STDC_HEADERS
| # include <stdlib.h>
| # include <stddef.h>
| #else
| # if HAVE_STDLIB_H
| #  include <stdlib.h>
| # endif
| #endif
| #if HAVE_STRING_H
| # if !STDC_HEADERS && HAVE_MEMORY_H
| #  include <memory.h>
| # endif
| # include <string.h>
| #endif
| #if HAVE_STRINGS_H
| # include <strings.h>
| #endif
| #if HAVE_INTTYPES_H
| # include <inttypes.h>
| #else
| # if HAVE_STDINT_H
| #  include <stdint.h>
| # endif
| #endif
| #if HAVE_UNISTD_H
| # include <unistd.h>
| #endif
| int
| main ()
| {
| static int test_array [1 - 2 * !(((long) (sizeof (long))) <= 3)];
| test_array [0] = 0
| 
|   ;
|   return 0;
| }
configure:6844: mips-linux-gcc -c   conftest.c >&5
configure:6850: $? = 0
configure:6854: test -z 
			 || test ! -s conftest.err
configure:6857: $? = 0
configure:6860: test -s conftest.o
configure:6863: $? = 0
configure:7007: mips-linux-gcc -c   conftest.c >&5
configure:7013: $? = 0
configure:7017: test -z 
			 || test ! -s conftest.err
configure:7020: $? = 0
configure:7023: test -s conftest.o
configure:7026: $? = 0
configure:7007: mips-linux-gcc -c   conftest.c >&5
configure:7013: $? = 0
configure:7017: test -z 
			 || test ! -s conftest.err
configure:7020: $? = 0
configure:7023: test -s conftest.o
configure:7026: $? = 0
configure:7123: result: 4
configure:7165: checking for build system executable suffix
configure:7183: result: no
configure:7209: checking stddef.h usability
configure:7221: mips-linux-gcc -c   conftest.c >&5
configure:7227: $? = 0
configure:7231: test -z 
			 || test ! -s conftest.err
configure:7234: $? = 0
configure:7237: test -s conftest.o
configure:7240: $? = 0
configure:7250: result: yes
configure:7254: checking stddef.h presence
configure:7264: mips-linux-gcc -E  conftest.c
configure:7270: $? = 0
configure:7290: result: yes
configure:7325: checking for stddef.h
configure:7332: result: yes
configure:7200: checking for string.h
configure:7205: result: yes
configure:7200: checking for strings.h
configure:7205: result: yes
configure:7200: checking for stdlib.h
configure:7205: result: yes
configure:7209: checking time.h usability
configure:7221: mips-linux-gcc -c   conftest.c >&5
configure:7227: $? = 0
configure:7231: test -z 
			 || test ! -s conftest.err
configure:7234: $? = 0
configure:7237: test -s conftest.o
configure:7240: $? = 0
configure:7250: result: yes
configure:7254: checking time.h presence
configure:7264: mips-linux-gcc -E  conftest.c
configure:7270: $? = 0
configure:7290: result: yes
configure:7325: checking for time.h
configure:7332: result: yes
configure:7200: checking for unistd.h
configure:7205: result: yes
configure:7361: checking fcntl.h usability
configure:7373: mips-linux-gcc -c   conftest.c >&5
configure:7379: $? = 0
configure:7383: test -z 
			 || test ! -s conftest.err
configure:7386: $? = 0
configure:7389: test -s conftest.o
configure:7392: $? = 0
configure:7402: result: yes
configure:7406: checking fcntl.h presence
configure:7416: mips-linux-gcc -E  conftest.c
configure:7422: $? = 0
configure:7442: result: yes
configure:7477: checking for fcntl.h
configure:7484: result: yes
configure:7361: checking sys/file.h usability
configure:7373: mips-linux-gcc -c   conftest.c >&5
configure:7379: $? = 0
configure:7383: test -z 
			 || test ! -s conftest.err
configure:7386: $? = 0
configure:7389: test -s conftest.o
configure:7392: $? = 0
configure:7402: result: yes
configure:7406: checking sys/file.h presence
configure:7416: mips-linux-gcc -E  conftest.c
configure:7422: $? = 0
configure:7442: result: yes
configure:7477: checking for sys/file.h
configure:7484: result: yes
configure:7361: checking sys/time.h usability
configure:7373: mips-linux-gcc -c   conftest.c >&5
configure:7379: $? = 0
configure:7383: test -z 
			 || test ! -s conftest.err
configure:7386: $? = 0
configure:7389: test -s conftest.o
configure:7392: $? = 0
configure:7402: result: yes
configure:7406: checking sys/time.h presence
configure:7416: mips-linux-gcc -E  conftest.c
configure:7422: $? = 0
configure:7442: result: yes
configure:7477: checking for sys/time.h
configure:7484: result: yes
configure:7497: checking whether time.h and sys/time.h may both be included
configure:7522: mips-linux-gcc -c   conftest.c >&5
configure:7528: $? = 0
configure:7532: test -z 
			 || test ! -s conftest.err
configure:7535: $? = 0
configure:7538: test -s conftest.o
configure:7541: $? = 0
configure:7552: result: yes
configure:7570: checking for dirent.h that defines DIR
configure:7594: mips-linux-gcc -c   conftest.c >&5
configure:7600: $? = 0
configure:7604: test -z 
			 || test ! -s conftest.err
configure:7607: $? = 0
configure:7610: test -s conftest.o
configure:7613: $? = 0
configure:7624: result: yes
configure:7637: checking for library containing opendir
configure:7667: mips-linux-gcc -o conftest    conftest.c  >&5
configure:7673: $? = 0
configure:7677: test -z 
			 || test ! -s conftest.err
configure:7680: $? = 0
configure:7683: test -s conftest
configure:7686: $? = 0
configure:7756: result: none required
configure:7892: checking whether string.h and strings.h may both be included
configure:7914: mips-linux-gcc -c   conftest.c >&5
configure:7920: $? = 0
configure:7924: test -z 
			 || test ! -s conftest.err
configure:7927: $? = 0
configure:7930: test -s conftest.o
configure:7933: $? = 0
configure:7944: result: yes
configure:7964: checking for fcntl
configure:8021: mips-linux-gcc -o conftest    conftest.c  >&5
configure:8027: $? = 0
configure:8031: test -z 
			 || test ! -s conftest.err
configure:8034: $? = 0
configure:8037: test -s conftest
configure:8040: $? = 0
configure:8052: result: yes
configure:7964: checking for getpagesize
configure:8021: mips-linux-gcc -o conftest    conftest.c  >&5
configure:8027: $? = 0
configure:8031: test -z 
			 || test ! -s conftest.err
configure:8034: $? = 0
configure:8037: test -s conftest
configure:8040: $? = 0
configure:8052: result: yes
configure:7964: checking for setitimer
configure:8021: mips-linux-gcc -o conftest    conftest.c  >&5
configure:8027: $? = 0
configure:8031: test -z 
			 || test ! -s conftest.err
configure:8034: $? = 0
configure:8037: test -s conftest
configure:8040: $? = 0
configure:8052: result: yes
configure:7964: checking for sysconf
configure:8021: mips-linux-gcc -o conftest    conftest.c  >&5
configure:8027: $? = 0
configure:8031: test -z 
			 || test ! -s conftest.err
configure:8034: $? = 0
configure:8037: test -s conftest
configure:8040: $? = 0
configure:8052: result: yes
configure:7964: checking for fdopen
configure:8021: mips-linux-gcc -o conftest    conftest.c  >&5
configure:8027: $? = 0
configure:8031: test -z 
			 || test ! -s conftest.err
configure:8034: $? = 0
configure:8037: test -s conftest
configure:8040: $? = 0
configure:8052: result: yes
configure:7964: checking for getuid
configure:8021: mips-linux-gcc -o conftest    conftest.c  >&5
configure:8027: $? = 0
configure:8031: test -z 
			 || test ! -s conftest.err
configure:8034: $? = 0
configure:8037: test -s conftest
configure:8040: $? = 0
configure:8052: result: yes
configure:7964: checking for getgid
configure:8021: mips-linux-gcc -o conftest    conftest.c  >&5
configure:8027: $? = 0
configure:8031: test -z 
			 || test ! -s conftest.err
configure:8034: $? = 0
configure:8037: test -s conftest
configure:8040: $? = 0
configure:8052: result: yes
configure:8066: checking for strtoull
configure:8123: mips-linux-gcc -o conftest    conftest.c  >&5
configure:8129: $? = 0
configure:8133: test -z 
			 || test ! -s conftest.err
configure:8136: $? = 0
configure:8139: test -s conftest
configure:8142: $? = 0
configure:8154: result: yes
configure:8165: checking whether basename is declared
configure:8189: mips-linux-gcc -c   conftest.c >&5
configure:8195: $? = 0
configure:8199: test -z 
			 || test ! -s conftest.err
configure:8202: $? = 0
configure:8205: test -s conftest.o
configure:8208: $? = 0
configure:8219: result: yes
configure:8237: checking whether ftello is declared
configure:8261: mips-linux-gcc -c   conftest.c >&5
configure:8267: $? = 0
configure:8271: test -z 
			 || test ! -s conftest.err
configure:8274: $? = 0
configure:8277: test -s conftest.o
configure:8280: $? = 0
configure:8291: result: yes
configure:8309: checking whether ftello64 is declared
configure:8333: mips-linux-gcc -c   conftest.c >&5
configure:8339: $? = 0
configure:8343: test -z 
			 || test ! -s conftest.err
configure:8346: $? = 0
configure:8349: test -s conftest.o
configure:8352: $? = 0
configure:8363: result: yes
configure:8381: checking whether fseeko is declared
configure:8405: mips-linux-gcc -c   conftest.c >&5
configure:8411: $? = 0
configure:8415: test -z 
			 || test ! -s conftest.err
configure:8418: $? = 0
configure:8421: test -s conftest.o
configure:8424: $? = 0
configure:8435: result: yes
configure:8453: checking whether fseeko64 is declared
configure:8477: mips-linux-gcc -c   conftest.c >&5
configure:8483: $? = 0
configure:8487: test -z 
			 || test ! -s conftest.err
configure:8490: $? = 0
configure:8493: test -s conftest.o
configure:8496: $? = 0
configure:8507: result: yes
configure:8536: checking whether ffs is declared
configure:8560: mips-linux-gcc -c   conftest.c >&5
configure:8566: $? = 0
configure:8570: test -z 
			 || test ! -s conftest.err
configure:8573: $? = 0
configure:8576: test -s conftest.o
configure:8579: $? = 0
configure:8590: result: yes
configure:8608: checking whether free is declared
configure:8632: mips-linux-gcc -c   conftest.c >&5
configure:8638: $? = 0
configure:8642: test -z 
			 || test ! -s conftest.err
configure:8645: $? = 0
configure:8648: test -s conftest.o
configure:8651: $? = 0
configure:8662: result: yes
configure:8680: checking whether getenv is declared
configure:8704: mips-linux-gcc -c   conftest.c >&5
configure:8710: $? = 0
configure:8714: test -z 
			 || test ! -s conftest.err
configure:8717: $? = 0
configure:8720: test -s conftest.o
configure:8723: $? = 0
configure:8734: result: yes
configure:8752: checking whether malloc is declared
configure:8776: mips-linux-gcc -c   conftest.c >&5
configure:8782: $? = 0
configure:8786: test -z 
			 || test ! -s conftest.err
configure:8789: $? = 0
configure:8792: test -s conftest.o
configure:8795: $? = 0
configure:8806: result: yes
configure:8824: checking whether realloc is declared
configure:8848: mips-linux-gcc -c   conftest.c >&5
configure:8854: $? = 0
configure:8858: test -z 
			 || test ! -s conftest.err
configure:8861: $? = 0
configure:8864: test -s conftest.o
configure:8867: $? = 0
configure:8878: result: yes
configure:8896: checking whether stpcpy is declared
configure:8920: mips-linux-gcc -c   conftest.c >&5
configure:8926: $? = 0
configure:8930: test -z 
			 || test ! -s conftest.err
configure:8933: $? = 0
configure:8936: test -s conftest.o
configure:8939: $? = 0
configure:8950: result: yes
configure:8968: checking whether strstr is declared
configure:8992: mips-linux-gcc -c   conftest.c >&5
configure:8998: $? = 0
configure:9002: test -z 
			 || test ! -s conftest.err
configure:9005: $? = 0
configure:9008: test -s conftest.o
configure:9011: $? = 0
configure:9022: result: yes
configure:9040: checking whether snprintf is declared
configure:9064: mips-linux-gcc -c   conftest.c >&5
configure:9070: $? = 0
configure:9074: test -z 
			 || test ! -s conftest.err
configure:9077: $? = 0
configure:9080: test -s conftest.o
configure:9083: $? = 0
configure:9094: result: yes
configure:9112: checking whether vsnprintf is declared
configure:9136: mips-linux-gcc -c   conftest.c >&5
configure:9142: $? = 0
configure:9146: test -z 
			 || test ! -s conftest.err
configure:9149: $? = 0
configure:9152: test -s conftest.o
configure:9155: $? = 0
configure:9166: result: yes
configure:9477: checking sys/procfs.h usability
configure:9489: mips-linux-gcc -c   conftest.c >&5
configure:9495: $? = 0
configure:9499: test -z 
			 || test ! -s conftest.err
configure:9502: $? = 0
configure:9505: test -s conftest.o
configure:9508: $? = 0
configure:9518: result: yes
configure:9522: checking sys/procfs.h presence
configure:9532: mips-linux-gcc -E  conftest.c
configure:9538: $? = 0
configure:9558: result: yes
configure:9593: checking for sys/procfs.h
configure:9600: result: yes
configure:9614: checking for prstatus_t in sys/procfs.h
configure:9637: mips-linux-gcc -c   conftest.c >&5
configure:9643: $? = 0
configure:9647: test -z 
			 || test ! -s conftest.err
configure:9650: $? = 0
configure:9653: test -s conftest.o
configure:9656: $? = 0
configure:9676: result: yes
configure:9679: checking for prstatus32_t in sys/procfs.h
configure:9702: mips-linux-gcc -c   conftest.c >&5
conftest.c: In function `main':
conftest.c:67: error: `prstatus32_t' undeclared (first use in this function)
conftest.c:67: error: (Each undeclared identifier is reported only once
conftest.c:67: error: for each function it appears in.)
conftest.c:67: error: syntax error before "avar"
configure:9708: $? = 1
configure: failed program was:
| /* confdefs.h.  */
| 
| #define PACKAGE_NAME ""
| #define PACKAGE_TARNAME ""
| #define PACKAGE_VERSION ""
| #define PACKAGE_STRING ""
| #define PACKAGE_BUGREPORT ""
| #define PACKAGE "bfd"
| #define VERSION "2.17.50.0.12"
| #define _GNU_SOURCE 1
| #define ENABLE_NLS 1
| #define STDC_HEADERS 1
| #define HAVE_SYS_TYPES_H 1
| #define HAVE_SYS_STAT_H 1
| #define HAVE_STDLIB_H 1
| #define HAVE_STRING_H 1
| #define HAVE_MEMORY_H 1
| #define HAVE_STRINGS_H 1
| #define HAVE_INTTYPES_H 1
| #define HAVE_STDINT_H 1
| #define HAVE_UNISTD_H 1
| #define SIZEOF_LONG_LONG 8
| #define SIZEOF_LONG 4
| #define HAVE_STDDEF_H 1
| #define HAVE_STRING_H 1
| #define HAVE_STRINGS_H 1
| #define HAVE_STDLIB_H 1
| #define HAVE_TIME_H 1
| #define HAVE_UNISTD_H 1
| #define HAVE_FCNTL_H 1
| #define HAVE_SYS_FILE_H 1
| #define HAVE_SYS_TIME_H 1
| #define TIME_WITH_SYS_TIME 1
| #define HAVE_DIRENT_H 1
| #define STRING_WITH_STRINGS 1
| #define HAVE_FCNTL 1
| #define HAVE_GETPAGESIZE 1
| #define HAVE_SETITIMER 1
| #define HAVE_SYSCONF 1
| #define HAVE_FDOPEN 1
| #define HAVE_GETUID 1
| #define HAVE_GETGID 1
| #define HAVE_STRTOULL 1
| #define HAVE_DECL_BASENAME 1
| #define HAVE_DECL_FTELLO 1
| #define HAVE_DECL_FTELLO64 1
| #define HAVE_DECL_FSEEKO 1
| #define HAVE_DECL_FSEEKO64 1
| #define HAVE_DECL_FFS 1
| #define HAVE_DECL_FREE 1
| #define HAVE_DECL_GETENV 1
| #define HAVE_DECL_MALLOC 1
| #define HAVE_DECL_REALLOC 1
| #define HAVE_DECL_STPCPY 1
| #define HAVE_DECL_STRSTR 1
| #define HAVE_DECL_SNPRINTF 1
| #define HAVE_DECL_VSNPRINTF 1
| #define HAVE_SYS_PROCFS_H 1
| #define HAVE_PRSTATUS_T 1
| /* end confdefs.h.  */
| 
| #define _SYSCALL32
| #include <sys/procfs.h>
| int
| main ()
| {
| prstatus32_t avar
|   ;
|   return 0;
| }
configure:9741: result: no
configure:9744: checking for prstatus_t.pr_who in sys/procfs.h
configure:9767: mips-linux-gcc -c   conftest.c >&5
conftest.c: In function `main':
conftest.c:67: error: structure has no member named `pr_who'
configure:9773: $? = 1
configure: failed program was:
| /* confdefs.h.  */
| 
| #define PACKAGE_NAME ""
| #define PACKAGE_TARNAME ""
| #define PACKAGE_VERSION ""
| #define PACKAGE_STRING ""
| #define PACKAGE_BUGREPORT ""
| #define PACKAGE "bfd"
| #define VERSION "2.17.50.0.12"
| #define _GNU_SOURCE 1
| #define ENABLE_NLS 1
| #define STDC_HEADERS 1
| #define HAVE_SYS_TYPES_H 1
| #define HAVE_SYS_STAT_H 1
| #define HAVE_STDLIB_H 1
| #define HAVE_STRING_H 1
| #define HAVE_MEMORY_H 1
| #define HAVE_STRINGS_H 1
| #define HAVE_INTTYPES_H 1
| #define HAVE_STDINT_H 1
| #define HAVE_UNISTD_H 1
| #define SIZEOF_LONG_LONG 8
| #define SIZEOF_LONG 4
| #define HAVE_STDDEF_H 1
| #define HAVE_STRING_H 1
| #define HAVE_STRINGS_H 1
| #define HAVE_STDLIB_H 1
| #define HAVE_TIME_H 1
| #define HAVE_UNISTD_H 1
| #define HAVE_FCNTL_H 1
| #define HAVE_SYS_FILE_H 1
| #define HAVE_SYS_TIME_H 1
| #define TIME_WITH_SYS_TIME 1
| #define HAVE_DIRENT_H 1
| #define STRING_WITH_STRINGS 1
| #define HAVE_FCNTL 1
| #define HAVE_GETPAGESIZE 1
| #define HAVE_SETITIMER 1
| #define HAVE_SYSCONF 1
| #define HAVE_FDOPEN 1
| #define HAVE_GETUID 1
| #define HAVE_GETGID 1
| #define HAVE_STRTOULL 1
| #define HAVE_DECL_BASENAME 1
| #define HAVE_DECL_FTELLO 1
| #define HAVE_DECL_FTELLO64 1
| #define HAVE_DECL_FSEEKO 1
| #define HAVE_DECL_FSEEKO64 1
| #define HAVE_DECL_FFS 1
| #define HAVE_DECL_FREE 1
| #define HAVE_DECL_GETENV 1
| #define HAVE_DECL_MALLOC 1
| #define HAVE_DECL_REALLOC 1
| #define HAVE_DECL_STPCPY 1
| #define HAVE_DECL_STRSTR 1
| #define HAVE_DECL_SNPRINTF 1
| #define HAVE_DECL_VSNPRINTF 1
| #define HAVE_SYS_PROCFS_H 1
| #define HAVE_PRSTATUS_T 1
| /* end confdefs.h.  */
| 
| #define _SYSCALL32
| #include <sys/procfs.h>
| int
| main ()
| {
| prstatus_t avar; void* aref = (void*) &avar.pr_who
|   ;
|   return 0;
| }
configure:9806: result: no
configure:9809: checking for prstatus32_t.pr_who in sys/procfs.h
configure:9832: mips-linux-gcc -c   conftest.c >&5
conftest.c: In function `main':
conftest.c:67: error: `prstatus32_t' undeclared (first use in this function)
conftest.c:67: error: (Each undeclared identifier is reported only once
conftest.c:67: error: for each function it appears in.)
conftest.c:67: error: syntax error before "avar"
conftest.c:67: error: `avar' undeclared (first use in this function)
configure:9838: $? = 1
configure: failed program was:
| /* confdefs.h.  */
| 
| #define PACKAGE_NAME ""
| #define PACKAGE_TARNAME ""
| #define PACKAGE_VERSION ""
| #define PACKAGE_STRING ""
| #define PACKAGE_BUGREPORT ""
| #define PACKAGE "bfd"
| #define VERSION "2.17.50.0.12"
| #define _GNU_SOURCE 1
| #define ENABLE_NLS 1
| #define STDC_HEADERS 1
| #define HAVE_SYS_TYPES_H 1
| #define HAVE_SYS_STAT_H 1
| #define HAVE_STDLIB_H 1
| #define HAVE_STRING_H 1
| #define HAVE_MEMORY_H 1
| #define HAVE_STRINGS_H 1
| #define HAVE_INTTYPES_H 1
| #define HAVE_STDINT_H 1
| #define HAVE_UNISTD_H 1
| #define SIZEOF_LONG_LONG 8
| #define SIZEOF_LONG 4
| #define HAVE_STDDEF_H 1
| #define HAVE_STRING_H 1
| #define HAVE_STRINGS_H 1
| #define HAVE_STDLIB_H 1
| #define HAVE_TIME_H 1
| #define HAVE_UNISTD_H 1
| #define HAVE_FCNTL_H 1
| #define HAVE_SYS_FILE_H 1
| #define HAVE_SYS_TIME_H 1
| #define TIME_WITH_SYS_TIME 1
| #define HAVE_DIRENT_H 1
| #define STRING_WITH_STRINGS 1
| #define HAVE_FCNTL 1
| #define HAVE_GETPAGESIZE 1
| #define HAVE_SETITIMER 1
| #define HAVE_SYSCONF 1
| #define HAVE_FDOPEN 1
| #define HAVE_GETUID 1
| #define HAVE_GETGID 1
| #define HAVE_STRTOULL 1
| #define HAVE_DECL_BASENAME 1
| #define HAVE_DECL_FTELLO 1
| #define HAVE_DECL_FTELLO64 1
| #define HAVE_DECL_FSEEKO 1
| #define HAVE_DECL_FSEEKO64 1
| #define HAVE_DECL_FFS 1
| #define HAVE_DECL_FREE 1
| #define HAVE_DECL_GETENV 1
| #define HAVE_DECL_MALLOC 1
| #define HAVE_DECL_REALLOC 1
| #define HAVE_DECL_STPCPY 1
| #define HAVE_DECL_STRSTR 1
| #define HAVE_DECL_SNPRINTF 1
| #define HAVE_DECL_VSNPRINTF 1
| #define HAVE_SYS_PROCFS_H 1
| #define HAVE_PRSTATUS_T 1
| /* end confdefs.h.  */
| 
| #define _SYSCALL32
| #include <sys/procfs.h>
| int
| main ()
| {
| prstatus32_t avar; void* aref = (void*) &avar.pr_who
|   ;
|   return 0;
| }
configure:9871: result: no
configure:9874: checking for pstatus_t in sys/procfs.h
configure:9897: mips-linux-gcc -c   conftest.c >&5
conftest.c: In function `main':
conftest.c:67: error: `pstatus_t' undeclared (first use in this function)
conftest.c:67: error: (Each undeclared identifier is reported only once
conftest.c:67: error: for each function it appears in.)
conftest.c:67: error: syntax error before "avar"
configure:9903: $? = 1
configure: failed program was:
| /* confdefs.h.  */
| 
| #define PACKAGE_NAME ""
| #define PACKAGE_TARNAME ""
| #define PACKAGE_VERSION ""
| #define PACKAGE_STRING ""
| #define PACKAGE_BUGREPORT ""
| #define PACKAGE "bfd"
| #define VERSION "2.17.50.0.12"
| #define _GNU_SOURCE 1
| #define ENABLE_NLS 1
| #define STDC_HEADERS 1
| #define HAVE_SYS_TYPES_H 1
| #define HAVE_SYS_STAT_H 1
| #define HAVE_STDLIB_H 1
| #define HAVE_STRING_H 1
| #define HAVE_MEMORY_H 1
| #define HAVE_STRINGS_H 1
| #define HAVE_INTTYPES_H 1
| #define HAVE_STDINT_H 1
| #define HAVE_UNISTD_H 1
| #define SIZEOF_LONG_LONG 8
| #define SIZEOF_LONG 4
| #define HAVE_STDDEF_H 1
| #define HAVE_STRING_H 1
| #define HAVE_STRINGS_H 1
| #define HAVE_STDLIB_H 1
| #define HAVE_TIME_H 1
| #define HAVE_UNISTD_H 1
| #define HAVE_FCNTL_H 1
| #define HAVE_SYS_FILE_H 1
| #define HAVE_SYS_TIME_H 1
| #define TIME_WITH_SYS_TIME 1
| #define HAVE_DIRENT_H 1
| #define STRING_WITH_STRINGS 1
| #define HAVE_FCNTL 1
| #define HAVE_GETPAGESIZE 1
| #define HAVE_SETITIMER 1
| #define HAVE_SYSCONF 1
| #define HAVE_FDOPEN 1
| #define HAVE_GETUID 1
| #define HAVE_GETGID 1
| #define HAVE_STRTOULL 1
| #define HAVE_DECL_BASENAME 1
| #define HAVE_DECL_FTELLO 1
| #define HAVE_DECL_FTELLO64 1
| #define HAVE_DECL_FSEEKO 1
| #define HAVE_DECL_FSEEKO64 1
| #define HAVE_DECL_FFS 1
| #define HAVE_DECL_FREE 1
| #define HAVE_DECL_GETENV 1
| #define HAVE_DECL_MALLOC 1
| #define HAVE_DECL_REALLOC 1
| #define HAVE_DECL_STPCPY 1
| #define HAVE_DECL_STRSTR 1
| #define HAVE_DECL_SNPRINTF 1
| #define HAVE_DECL_VSNPRINTF 1
| #define HAVE_SYS_PROCFS_H 1
| #define HAVE_PRSTATUS_T 1
| /* end confdefs.h.  */
| 
| #define _SYSCALL32
| #include <sys/procfs.h>
| int
| main ()
| {
| pstatus_t avar
|   ;
|   return 0;
| }
configure:9936: result: no
configure:9939: checking for pxstatus_t in sys/procfs.h
configure:9962: mips-linux-gcc -c   conftest.c >&5
conftest.c: In function `main':
conftest.c:67: error: `pxstatus_t' undeclared (first use in this function)
conftest.c:67: error: (Each undeclared identifier is reported only once
conftest.c:67: error: for each function it appears in.)
conftest.c:67: error: syntax error before "avar"
configure:9968: $? = 1
configure: failed program was:
| /* confdefs.h.  */
| 
| #define PACKAGE_NAME ""
| #define PACKAGE_TARNAME ""
| #define PACKAGE_VERSION ""
| #define PACKAGE_STRING ""
| #define PACKAGE_BUGREPORT ""
| #define PACKAGE "bfd"
| #define VERSION "2.17.50.0.12"
| #define _GNU_SOURCE 1
| #define ENABLE_NLS 1
| #define STDC_HEADERS 1
| #define HAVE_SYS_TYPES_H 1
| #define HAVE_SYS_STAT_H 1
| #define HAVE_STDLIB_H 1
| #define HAVE_STRING_H 1
| #define HAVE_MEMORY_H 1
| #define HAVE_STRINGS_H 1
| #define HAVE_INTTYPES_H 1
| #define HAVE_STDINT_H 1
| #define HAVE_UNISTD_H 1
| #define SIZEOF_LONG_LONG 8
| #define SIZEOF_LONG 4
| #define HAVE_STDDEF_H 1
| #define HAVE_STRING_H 1
| #define HAVE_STRINGS_H 1
| #define HAVE_STDLIB_H 1
| #define HAVE_TIME_H 1
| #define HAVE_UNISTD_H 1
| #define HAVE_FCNTL_H 1
| #define HAVE_SYS_FILE_H 1
| #define HAVE_SYS_TIME_H 1
| #define TIME_WITH_SYS_TIME 1
| #define HAVE_DIRENT_H 1
| #define STRING_WITH_STRINGS 1
| #define HAVE_FCNTL 1
| #define HAVE_GETPAGESIZE 1
| #define HAVE_SETITIMER 1
| #define HAVE_SYSCONF 1
| #define HAVE_FDOPEN 1
| #define HAVE_GETUID 1
| #define HAVE_GETGID 1
| #define HAVE_STRTOULL 1
| #define HAVE_DECL_BASENAME 1
| #define HAVE_DECL_FTELLO 1
| #define HAVE_DECL_FTELLO64 1
| #define HAVE_DECL_FSEEKO 1
| #define HAVE_DECL_FSEEKO64 1
| #define HAVE_DECL_FFS 1
| #define HAVE_DECL_FREE 1
| #define HAVE_DECL_GETENV 1
| #define HAVE_DECL_MALLOC 1
| #define HAVE_DECL_REALLOC 1
| #define HAVE_DECL_STPCPY 1
| #define HAVE_DECL_STRSTR 1
| #define HAVE_DECL_SNPRINTF 1
| #define HAVE_DECL_VSNPRINTF 1
| #define HAVE_SYS_PROCFS_H 1
| #define HAVE_PRSTATUS_T 1
| /* end confdefs.h.  */
| 
| #define _SYSCALL32
| #include <sys/procfs.h>
| int
| main ()
| {
| pxstatus_t avar
|   ;
|   return 0;
| }
configure:10001: result: no
configure:10004: checking for pstatus32_t in sys/procfs.h
configure:10027: mips-linux-gcc -c   conftest.c >&5
conftest.c: In function `main':
conftest.c:67: error: `pstatus32_t' undeclared (first use in this function)
conftest.c:67: error: (Each undeclared identifier is reported only once
conftest.c:67: error: for each function it appears in.)
conftest.c:67: error: syntax error before "avar"
configure:10033: $? = 1
configure: failed program was:
| /* confdefs.h.  */
| 
| #define PACKAGE_NAME ""
| #define PACKAGE_TARNAME ""
| #define PACKAGE_VERSION ""
| #define PACKAGE_STRING ""
| #define PACKAGE_BUGREPORT ""
| #define PACKAGE "bfd"
| #define VERSION "2.17.50.0.12"
| #define _GNU_SOURCE 1
| #define ENABLE_NLS 1
| #define STDC_HEADERS 1
| #define HAVE_SYS_TYPES_H 1
| #define HAVE_SYS_STAT_H 1
| #define HAVE_STDLIB_H 1
| #define HAVE_STRING_H 1
| #define HAVE_MEMORY_H 1
| #define HAVE_STRINGS_H 1
| #define HAVE_INTTYPES_H 1
| #define HAVE_STDINT_H 1
| #define HAVE_UNISTD_H 1
| #define SIZEOF_LONG_LONG 8
| #define SIZEOF_LONG 4
| #define HAVE_STDDEF_H 1
| #define HAVE_STRING_H 1
| #define HAVE_STRINGS_H 1
| #define HAVE_STDLIB_H 1
| #define HAVE_TIME_H 1
| #define HAVE_UNISTD_H 1
| #define HAVE_FCNTL_H 1
| #define HAVE_SYS_FILE_H 1
| #define HAVE_SYS_TIME_H 1
| #define TIME_WITH_SYS_TIME 1
| #define HAVE_DIRENT_H 1
| #define STRING_WITH_STRINGS 1
| #define HAVE_FCNTL 1
| #define HAVE_GETPAGESIZE 1
| #define HAVE_SETITIMER 1
| #define HAVE_SYSCONF 1
| #define HAVE_FDOPEN 1
| #define HAVE_GETUID 1
| #define HAVE_GETGID 1
| #define HAVE_STRTOULL 1
| #define HAVE_DECL_BASENAME 1
| #define HAVE_DECL_FTELLO 1
| #define HAVE_DECL_FTELLO64 1
| #define HAVE_DECL_FSEEKO 1
| #define HAVE_DECL_FSEEKO64 1
| #define HAVE_DECL_FFS 1
| #define HAVE_DECL_FREE 1
| #define HAVE_DECL_GETENV 1
| #define HAVE_DECL_MALLOC 1
| #define HAVE_DECL_REALLOC 1
| #define HAVE_DECL_STPCPY 1
| #define HAVE_DECL_STRSTR 1
| #define HAVE_DECL_SNPRINTF 1
| #define HAVE_DECL_VSNPRINTF 1
| #define HAVE_SYS_PROCFS_H 1
| #define HAVE_PRSTATUS_T 1
| /* end confdefs.h.  */
| 
| #define _SYSCALL32
| #include <sys/procfs.h>
| int
| main ()
| {
| pstatus32_t avar
|   ;
|   return 0;
| }
configure:10066: result: no
configure:10069: checking for prpsinfo_t in sys/procfs.h
configure:10092: mips-linux-gcc -c   conftest.c >&5
configure:10098: $? = 0
configure:10102: test -z 
			 || test ! -s conftest.err
configure:10105: $? = 0
configure:10108: test -s conftest.o
configure:10111: $? = 0
configure:10131: result: yes
configure:10134: checking for prpsinfo32_t in sys/procfs.h
configure:10157: mips-linux-gcc -c   conftest.c >&5
conftest.c: In function `main':
conftest.c:68: error: `prpsinfo32_t' undeclared (first use in this function)
conftest.c:68: error: (Each undeclared identifier is reported only once
conftest.c:68: error: for each function it appears in.)
conftest.c:68: error: syntax error before "avar"
configure:10163: $? = 1
configure: failed program was:
| /* confdefs.h.  */
| 
| #define PACKAGE_NAME ""
| #define PACKAGE_TARNAME ""
| #define PACKAGE_VERSION ""
| #define PACKAGE_STRING ""
| #define PACKAGE_BUGREPORT ""
| #define PACKAGE "bfd"
| #define VERSION "2.17.50.0.12"
| #define _GNU_SOURCE 1
| #define ENABLE_NLS 1
| #define STDC_HEADERS 1
| #define HAVE_SYS_TYPES_H 1
| #define HAVE_SYS_STAT_H 1
| #define HAVE_STDLIB_H 1
| #define HAVE_STRING_H 1
| #define HAVE_MEMORY_H 1
| #define HAVE_STRINGS_H 1
| #define HAVE_INTTYPES_H 1
| #define HAVE_STDINT_H 1
| #define HAVE_UNISTD_H 1
| #define SIZEOF_LONG_LONG 8
| #define SIZEOF_LONG 4
| #define HAVE_STDDEF_H 1
| #define HAVE_STRING_H 1
| #define HAVE_STRINGS_H 1
| #define HAVE_STDLIB_H 1
| #define HAVE_TIME_H 1
| #define HAVE_UNISTD_H 1
| #define HAVE_FCNTL_H 1
| #define HAVE_SYS_FILE_H 1
| #define HAVE_SYS_TIME_H 1
| #define TIME_WITH_SYS_TIME 1
| #define HAVE_DIRENT_H 1
| #define STRING_WITH_STRINGS 1
| #define HAVE_FCNTL 1
| #define HAVE_GETPAGESIZE 1
| #define HAVE_SETITIMER 1
| #define HAVE_SYSCONF 1
| #define HAVE_FDOPEN 1
| #define HAVE_GETUID 1
| #define HAVE_GETGID 1
| #define HAVE_STRTOULL 1
| #define HAVE_DECL_BASENAME 1
| #define HAVE_DECL_FTELLO 1
| #define HAVE_DECL_FTELLO64 1
| #define HAVE_DECL_FSEEKO 1
| #define HAVE_DECL_FSEEKO64 1
| #define HAVE_DECL_FFS 1
| #define HAVE_DECL_FREE 1
| #define HAVE_DECL_GETENV 1
| #define HAVE_DECL_MALLOC 1
| #define HAVE_DECL_REALLOC 1
| #define HAVE_DECL_STPCPY 1
| #define HAVE_DECL_STRSTR 1
| #define HAVE_DECL_SNPRINTF 1
| #define HAVE_DECL_VSNPRINTF 1
| #define HAVE_SYS_PROCFS_H 1
| #define HAVE_PRSTATUS_T 1
| #define HAVE_PRPSINFO_T 1
| /* end confdefs.h.  */
| 
| #define _SYSCALL32
| #include <sys/procfs.h>
| int
| main ()
| {
| prpsinfo32_t avar
|   ;
|   return 0;
| }
configure:10196: result: no
configure:10199: checking for psinfo_t in sys/procfs.h
configure:10222: mips-linux-gcc -c   conftest.c >&5
conftest.c: In function `main':
conftest.c:68: error: `psinfo_t' undeclared (first use in this function)
conftest.c:68: error: (Each undeclared identifier is reported only once
conftest.c:68: error: for each function it appears in.)
conftest.c:68: error: syntax error before "avar"
configure:10228: $? = 1
configure: failed program was:
| /* confdefs.h.  */
| 
| #define PACKAGE_NAME ""
| #define PACKAGE_TARNAME ""
| #define PACKAGE_VERSION ""
| #define PACKAGE_STRING ""
| #define PACKAGE_BUGREPORT ""
| #define PACKAGE "bfd"
| #define VERSION "2.17.50.0.12"
| #define _GNU_SOURCE 1
| #define ENABLE_NLS 1
| #define STDC_HEADERS 1
| #define HAVE_SYS_TYPES_H 1
| #define HAVE_SYS_STAT_H 1
| #define HAVE_STDLIB_H 1
| #define HAVE_STRING_H 1
| #define HAVE_MEMORY_H 1
| #define HAVE_STRINGS_H 1
| #define HAVE_INTTYPES_H 1
| #define HAVE_STDINT_H 1
| #define HAVE_UNISTD_H 1
| #define SIZEOF_LONG_LONG 8
| #define SIZEOF_LONG 4
| #define HAVE_STDDEF_H 1
| #define HAVE_STRING_H 1
| #define HAVE_STRINGS_H 1
| #define HAVE_STDLIB_H 1
| #define HAVE_TIME_H 1
| #define HAVE_UNISTD_H 1
| #define HAVE_FCNTL_H 1
| #define HAVE_SYS_FILE_H 1
| #define HAVE_SYS_TIME_H 1
| #define TIME_WITH_SYS_TIME 1
| #define HAVE_DIRENT_H 1
| #define STRING_WITH_STRINGS 1
| #define HAVE_FCNTL 1
| #define HAVE_GETPAGESIZE 1
| #define HAVE_SETITIMER 1
| #define HAVE_SYSCONF 1
| #define HAVE_FDOPEN 1
| #define HAVE_GETUID 1
| #define HAVE_GETGID 1
| #define HAVE_STRTOULL 1
| #define HAVE_DECL_BASENAME 1
| #define HAVE_DECL_FTELLO 1
| #define HAVE_DECL_FTELLO64 1
| #define HAVE_DECL_FSEEKO 1
| #define HAVE_DECL_FSEEKO64 1
| #define HAVE_DECL_FFS 1
| #define HAVE_DECL_FREE 1
| #define HAVE_DECL_GETENV 1
| #define HAVE_DECL_MALLOC 1
| #define HAVE_DECL_REALLOC 1
| #define HAVE_DECL_STPCPY 1
| #define HAVE_DECL_STRSTR 1
| #define HAVE_DECL_SNPRINTF 1
| #define HAVE_DECL_VSNPRINTF 1
| #define HAVE_SYS_PROCFS_H 1
| #define HAVE_PRSTATUS_T 1
| #define HAVE_PRPSINFO_T 1
| /* end confdefs.h.  */
| 
| #define _SYSCALL32
| #include <sys/procfs.h>
| int
| main ()
| {
| psinfo_t avar
|   ;
|   return 0;
| }
configure:10261: result: no
configure:10264: checking for psinfo32_t in sys/procfs.h
configure:10287: mips-linux-gcc -c   conftest.c >&5
conftest.c: In function `main':
conftest.c:68: error: `psinfo32_t' undeclared (first use in this function)
conftest.c:68: error: (Each undeclared identifier is reported only once
conftest.c:68: error: for each function it appears in.)
conftest.c:68: error: syntax error before "avar"
configure:10293: $? = 1
configure: failed program was:
| /* confdefs.h.  */
| 
| #define PACKAGE_NAME ""
| #define PACKAGE_TARNAME ""
| #define PACKAGE_VERSION ""
| #define PACKAGE_STRING ""
| #define PACKAGE_BUGREPORT ""
| #define PACKAGE "bfd"
| #define VERSION "2.17.50.0.12"
| #define _GNU_SOURCE 1
| #define ENABLE_NLS 1
| #define STDC_HEADERS 1
| #define HAVE_SYS_TYPES_H 1
| #define HAVE_SYS_STAT_H 1
| #define HAVE_STDLIB_H 1
| #define HAVE_STRING_H 1
| #define HAVE_MEMORY_H 1
| #define HAVE_STRINGS_H 1
| #define HAVE_INTTYPES_H 1
| #define HAVE_STDINT_H 1
| #define HAVE_UNISTD_H 1
| #define SIZEOF_LONG_LONG 8
| #define SIZEOF_LONG 4
| #define HAVE_STDDEF_H 1
| #define HAVE_STRING_H 1
| #define HAVE_STRINGS_H 1
| #define HAVE_STDLIB_H 1
| #define HAVE_TIME_H 1
| #define HAVE_UNISTD_H 1
| #define HAVE_FCNTL_H 1
| #define HAVE_SYS_FILE_H 1
| #define HAVE_SYS_TIME_H 1
| #define TIME_WITH_SYS_TIME 1
| #define HAVE_DIRENT_H 1
| #define STRING_WITH_STRINGS 1
| #define HAVE_FCNTL 1
| #define HAVE_GETPAGESIZE 1
| #define HAVE_SETITIMER 1
| #define HAVE_SYSCONF 1
| #define HAVE_FDOPEN 1
| #define HAVE_GETUID 1
| #define HAVE_GETGID 1
| #define HAVE_STRTOULL 1
| #define HAVE_DECL_BASENAME 1
| #define HAVE_DECL_FTELLO 1
| #define HAVE_DECL_FTELLO64 1
| #define HAVE_DECL_FSEEKO 1
| #define HAVE_DECL_FSEEKO64 1
| #define HAVE_DECL_FFS 1
| #define HAVE_DECL_FREE 1
| #define HAVE_DECL_GETENV 1
| #define HAVE_DECL_MALLOC 1
| #define HAVE_DECL_REALLOC 1
| #define HAVE_DECL_STPCPY 1
| #define HAVE_DECL_STRSTR 1
| #define HAVE_DECL_SNPRINTF 1
| #define HAVE_DECL_VSNPRINTF 1
| #define HAVE_SYS_PROCFS_H 1
| #define HAVE_PRSTATUS_T 1
| #define HAVE_PRPSINFO_T 1
| /* end confdefs.h.  */
| 
| #define _SYSCALL32
| #include <sys/procfs.h>
| int
| main ()
| {
| psinfo32_t avar
|   ;
|   return 0;
| }
configure:10326: result: no
configure:10329: checking for lwpstatus_t in sys/procfs.h
configure:10352: mips-linux-gcc -c   conftest.c >&5
conftest.c: In function `main':
conftest.c:68: error: `lwpstatus_t' undeclared (first use in this function)
conftest.c:68: error: (Each undeclared identifier is reported only once
conftest.c:68: error: for each function it appears in.)
conftest.c:68: error: syntax error before "avar"
configure:10358: $? = 1
configure: failed program was:
| /* confdefs.h.  */
| 
| #define PACKAGE_NAME ""
| #define PACKAGE_TARNAME ""
| #define PACKAGE_VERSION ""
| #define PACKAGE_STRING ""
| #define PACKAGE_BUGREPORT ""
| #define PACKAGE "bfd"
| #define VERSION "2.17.50.0.12"
| #define _GNU_SOURCE 1
| #define ENABLE_NLS 1
| #define STDC_HEADERS 1
| #define HAVE_SYS_TYPES_H 1
| #define HAVE_SYS_STAT_H 1
| #define HAVE_STDLIB_H 1
| #define HAVE_STRING_H 1
| #define HAVE_MEMORY_H 1
| #define HAVE_STRINGS_H 1
| #define HAVE_INTTYPES_H 1
| #define HAVE_STDINT_H 1
| #define HAVE_UNISTD_H 1
| #define SIZEOF_LONG_LONG 8
| #define SIZEOF_LONG 4
| #define HAVE_STDDEF_H 1
| #define HAVE_STRING_H 1
| #define HAVE_STRINGS_H 1
| #define HAVE_STDLIB_H 1
| #define HAVE_TIME_H 1
| #define HAVE_UNISTD_H 1
| #define HAVE_FCNTL_H 1
| #define HAVE_SYS_FILE_H 1
| #define HAVE_SYS_TIME_H 1
| #define TIME_WITH_SYS_TIME 1
| #define HAVE_DIRENT_H 1
| #define STRING_WITH_STRINGS 1
| #define HAVE_FCNTL 1
| #define HAVE_GETPAGESIZE 1
| #define HAVE_SETITIMER 1
| #define HAVE_SYSCONF 1
| #define HAVE_FDOPEN 1
| #define HAVE_GETUID 1
| #define HAVE_GETGID 1
| #define HAVE_STRTOULL 1
| #define HAVE_DECL_BASENAME 1
| #define HAVE_DECL_FTELLO 1
| #define HAVE_DECL_FTELLO64 1
| #define HAVE_DECL_FSEEKO 1
| #define HAVE_DECL_FSEEKO64 1
| #define HAVE_DECL_FFS 1
| #define HAVE_DECL_FREE 1
| #define HAVE_DECL_GETENV 1
| #define HAVE_DECL_MALLOC 1
| #define HAVE_DECL_REALLOC 1
| #define HAVE_DECL_STPCPY 1
| #define HAVE_DECL_STRSTR 1
| #define HAVE_DECL_SNPRINTF 1
| #define HAVE_DECL_VSNPRINTF 1
| #define HAVE_SYS_PROCFS_H 1
| #define HAVE_PRSTATUS_T 1
| #define HAVE_PRPSINFO_T 1
| /* end confdefs.h.  */
| 
| #define _SYSCALL32
| #include <sys/procfs.h>
| int
| main ()
| {
| lwpstatus_t avar
|   ;
|   return 0;
| }
configure:10391: result: no
configure:10394: checking for lwpxstatus_t in sys/procfs.h
configure:10417: mips-linux-gcc -c   conftest.c >&5
conftest.c: In function `main':
conftest.c:68: error: `lwpxstatus_t' undeclared (first use in this function)
conftest.c:68: error: (Each undeclared identifier is reported only once
conftest.c:68: error: for each function it appears in.)
conftest.c:68: error: syntax error before "avar"
configure:10423: $? = 1
configure: failed program was:
| /* confdefs.h.  */
| 
| #define PACKAGE_NAME ""
| #define PACKAGE_TARNAME ""
| #define PACKAGE_VERSION ""
| #define PACKAGE_STRING ""
| #define PACKAGE_BUGREPORT ""
| #define PACKAGE "bfd"
| #define VERSION "2.17.50.0.12"
| #define _GNU_SOURCE 1
| #define ENABLE_NLS 1
| #define STDC_HEADERS 1
| #define HAVE_SYS_TYPES_H 1
| #define HAVE_SYS_STAT_H 1
| #define HAVE_STDLIB_H 1
| #define HAVE_STRING_H 1
| #define HAVE_MEMORY_H 1
| #define HAVE_STRINGS_H 1
| #define HAVE_INTTYPES_H 1
| #define HAVE_STDINT_H 1
| #define HAVE_UNISTD_H 1
| #define SIZEOF_LONG_LONG 8
| #define SIZEOF_LONG 4
| #define HAVE_STDDEF_H 1
| #define HAVE_STRING_H 1
| #define HAVE_STRINGS_H 1
| #define HAVE_STDLIB_H 1
| #define HAVE_TIME_H 1
| #define HAVE_UNISTD_H 1
| #define HAVE_FCNTL_H 1
| #define HAVE_SYS_FILE_H 1
| #define HAVE_SYS_TIME_H 1
| #define TIME_WITH_SYS_TIME 1
| #define HAVE_DIRENT_H 1
| #define STRING_WITH_STRINGS 1
| #define HAVE_FCNTL 1
| #define HAVE_GETPAGESIZE 1
| #define HAVE_SETITIMER 1
| #define HAVE_SYSCONF 1
| #define HAVE_FDOPEN 1
| #define HAVE_GETUID 1
| #define HAVE_GETGID 1
| #define HAVE_STRTOULL 1
| #define HAVE_DECL_BASENAME 1
| #define HAVE_DECL_FTELLO 1
| #define HAVE_DECL_FTELLO64 1
| #define HAVE_DECL_FSEEKO 1
| #define HAVE_DECL_FSEEKO64 1
| #define HAVE_DECL_FFS 1
| #define HAVE_DECL_FREE 1
| #define HAVE_DECL_GETENV 1
| #define HAVE_DECL_MALLOC 1
| #define HAVE_DECL_REALLOC 1
| #define HAVE_DECL_STPCPY 1
| #define HAVE_DECL_STRSTR 1
| #define HAVE_DECL_SNPRINTF 1
| #define HAVE_DECL_VSNPRINTF 1
| #define HAVE_SYS_PROCFS_H 1
| #define HAVE_PRSTATUS_T 1
| #define HAVE_PRPSINFO_T 1
| /* end confdefs.h.  */
| 
| #define _SYSCALL32
| #include <sys/procfs.h>
| int
| main ()
| {
| lwpxstatus_t avar
|   ;
|   return 0;
| }
configure:10456: result: no
configure:10459: checking for lwpstatus_t.pr_context in sys/procfs.h
configure:10482: mips-linux-gcc -c   conftest.c >&5
conftest.c: In function `main':
conftest.c:68: error: `lwpstatus_t' undeclared (first use in this function)
conftest.c:68: error: (Each undeclared identifier is reported only once
conftest.c:68: error: for each function it appears in.)
conftest.c:68: error: syntax error before "avar"
conftest.c:68: error: `avar' undeclared (first use in this function)
configure:10488: $? = 1
configure: failed program was:
| /* confdefs.h.  */
| 
| #define PACKAGE_NAME ""
| #define PACKAGE_TARNAME ""
| #define PACKAGE_VERSION ""
| #define PACKAGE_STRING ""
| #define PACKAGE_BUGREPORT ""
| #define PACKAGE "bfd"
| #define VERSION "2.17.50.0.12"
| #define _GNU_SOURCE 1
| #define ENABLE_NLS 1
| #define STDC_HEADERS 1
| #define HAVE_SYS_TYPES_H 1
| #define HAVE_SYS_STAT_H 1
| #define HAVE_STDLIB_H 1
| #define HAVE_STRING_H 1
| #define HAVE_MEMORY_H 1
| #define HAVE_STRINGS_H 1
| #define HAVE_INTTYPES_H 1
| #define HAVE_STDINT_H 1
| #define HAVE_UNISTD_H 1
| #define SIZEOF_LONG_LONG 8
| #define SIZEOF_LONG 4
| #define HAVE_STDDEF_H 1
| #define HAVE_STRING_H 1
| #define HAVE_STRINGS_H 1
| #define HAVE_STDLIB_H 1
| #define HAVE_TIME_H 1
| #define HAVE_UNISTD_H 1
| #define HAVE_FCNTL_H 1
| #define HAVE_SYS_FILE_H 1
| #define HAVE_SYS_TIME_H 1
| #define TIME_WITH_SYS_TIME 1
| #define HAVE_DIRENT_H 1
| #define STRING_WITH_STRINGS 1
| #define HAVE_FCNTL 1
| #define HAVE_GETPAGESIZE 1
| #define HAVE_SETITIMER 1
| #define HAVE_SYSCONF 1
| #define HAVE_FDOPEN 1
| #define HAVE_GETUID 1
| #define HAVE_GETGID 1
| #define HAVE_STRTOULL 1
| #define HAVE_DECL_BASENAME 1
| #define HAVE_DECL_FTELLO 1
| #define HAVE_DECL_FTELLO64 1
| #define HAVE_DECL_FSEEKO 1
| #define HAVE_DECL_FSEEKO64 1
| #define HAVE_DECL_FFS 1
| #define HAVE_DECL_FREE 1
| #define HAVE_DECL_GETENV 1
| #define HAVE_DECL_MALLOC 1
| #define HAVE_DECL_REALLOC 1
| #define HAVE_DECL_STPCPY 1
| #define HAVE_DECL_STRSTR 1
| #define HAVE_DECL_SNPRINTF 1
| #define HAVE_DECL_VSNPRINTF 1
| #define HAVE_SYS_PROCFS_H 1
| #define HAVE_PRSTATUS_T 1
| #define HAVE_PRPSINFO_T 1
| /* end confdefs.h.  */
| 
| #define _SYSCALL32
| #include <sys/procfs.h>
| int
| main ()
| {
| lwpstatus_t avar; void* aref = (void*) &avar.pr_context
|   ;
|   return 0;
| }
configure:10521: result: no
configure:10524: checking for lwpstatus_t.pr_reg in sys/procfs.h
configure:10547: mips-linux-gcc -c   conftest.c >&5
conftest.c: In function `main':
conftest.c:68: error: `lwpstatus_t' undeclared (first use in this function)
conftest.c:68: error: (Each undeclared identifier is reported only once
conftest.c:68: error: for each function it appears in.)
conftest.c:68: error: syntax error before "avar"
conftest.c:68: error: `avar' undeclared (first use in this function)
configure:10553: $? = 1
configure: failed program was:
| /* confdefs.h.  */
| 
| #define PACKAGE_NAME ""
| #define PACKAGE_TARNAME ""
| #define PACKAGE_VERSION ""
| #define PACKAGE_STRING ""
| #define PACKAGE_BUGREPORT ""
| #define PACKAGE "bfd"
| #define VERSION "2.17.50.0.12"
| #define _GNU_SOURCE 1
| #define ENABLE_NLS 1
| #define STDC_HEADERS 1
| #define HAVE_SYS_TYPES_H 1
| #define HAVE_SYS_STAT_H 1
| #define HAVE_STDLIB_H 1
| #define HAVE_STRING_H 1
| #define HAVE_MEMORY_H 1
| #define HAVE_STRINGS_H 1
| #define HAVE_INTTYPES_H 1
| #define HAVE_STDINT_H 1
| #define HAVE_UNISTD_H 1
| #define SIZEOF_LONG_LONG 8
| #define SIZEOF_LONG 4
| #define HAVE_STDDEF_H 1
| #define HAVE_STRING_H 1
| #define HAVE_STRINGS_H 1
| #define HAVE_STDLIB_H 1
| #define HAVE_TIME_H 1
| #define HAVE_UNISTD_H 1
| #define HAVE_FCNTL_H 1
| #define HAVE_SYS_FILE_H 1
| #define HAVE_SYS_TIME_H 1
| #define TIME_WITH_SYS_TIME 1
| #define HAVE_DIRENT_H 1
| #define STRING_WITH_STRINGS 1
| #define HAVE_FCNTL 1
| #define HAVE_GETPAGESIZE 1
| #define HAVE_SETITIMER 1
| #define HAVE_SYSCONF 1
| #define HAVE_FDOPEN 1
| #define HAVE_GETUID 1
| #define HAVE_GETGID 1
| #define HAVE_STRTOULL 1
| #define HAVE_DECL_BASENAME 1
| #define HAVE_DECL_FTELLO 1
| #define HAVE_DECL_FTELLO64 1
| #define HAVE_DECL_FSEEKO 1
| #define HAVE_DECL_FSEEKO64 1
| #define HAVE_DECL_FFS 1
| #define HAVE_DECL_FREE 1
| #define HAVE_DECL_GETENV 1
| #define HAVE_DECL_MALLOC 1
| #define HAVE_DECL_REALLOC 1
| #define HAVE_DECL_STPCPY 1
| #define HAVE_DECL_STRSTR 1
| #define HAVE_DECL_SNPRINTF 1
| #define HAVE_DECL_VSNPRINTF 1
| #define HAVE_SYS_PROCFS_H 1
| #define HAVE_PRSTATUS_T 1
| #define HAVE_PRPSINFO_T 1
| /* end confdefs.h.  */
| 
| #define _SYSCALL32
| #include <sys/procfs.h>
| int
| main ()
| {
| lwpstatus_t avar; void* aref = (void*) &avar.pr_reg
|   ;
|   return 0;
| }
configure:10586: result: no
configure:10589: checking for win32_pstatus_t in sys/procfs.h
configure:10612: mips-linux-gcc -c   conftest.c >&5
conftest.c: In function `main':
conftest.c:68: error: `win32_pstatus_t' undeclared (first use in this function)
conftest.c:68: error: (Each undeclared identifier is reported only once
conftest.c:68: error: for each function it appears in.)
conftest.c:68: error: syntax error before "avar"
configure:10618: $? = 1
configure: failed program was:
| /* confdefs.h.  */
| 
| #define PACKAGE_NAME ""
| #define PACKAGE_TARNAME ""
| #define PACKAGE_VERSION ""
| #define PACKAGE_STRING ""
| #define PACKAGE_BUGREPORT ""
| #define PACKAGE "bfd"
| #define VERSION "2.17.50.0.12"
| #define _GNU_SOURCE 1
| #define ENABLE_NLS 1
| #define STDC_HEADERS 1
| #define HAVE_SYS_TYPES_H 1
| #define HAVE_SYS_STAT_H 1
| #define HAVE_STDLIB_H 1
| #define HAVE_STRING_H 1
| #define HAVE_MEMORY_H 1
| #define HAVE_STRINGS_H 1
| #define HAVE_INTTYPES_H 1
| #define HAVE_STDINT_H 1
| #define HAVE_UNISTD_H 1
| #define SIZEOF_LONG_LONG 8
| #define SIZEOF_LONG 4
| #define HAVE_STDDEF_H 1
| #define HAVE_STRING_H 1
| #define HAVE_STRINGS_H 1
| #define HAVE_STDLIB_H 1
| #define HAVE_TIME_H 1
| #define HAVE_UNISTD_H 1
| #define HAVE_FCNTL_H 1
| #define HAVE_SYS_FILE_H 1
| #define HAVE_SYS_TIME_H 1
| #define TIME_WITH_SYS_TIME 1
| #define HAVE_DIRENT_H 1
| #define STRING_WITH_STRINGS 1
| #define HAVE_FCNTL 1
| #define HAVE_GETPAGESIZE 1
| #define HAVE_SETITIMER 1
| #define HAVE_SYSCONF 1
| #define HAVE_FDOPEN 1
| #define HAVE_GETUID 1
| #define HAVE_GETGID 1
| #define HAVE_STRTOULL 1
| #define HAVE_DECL_BASENAME 1
| #define HAVE_DECL_FTELLO 1
| #define HAVE_DECL_FTELLO64 1
| #define HAVE_DECL_FSEEKO 1
| #define HAVE_DECL_FSEEKO64 1
| #define HAVE_DECL_FFS 1
| #define HAVE_DECL_FREE 1
| #define HAVE_DECL_GETENV 1
| #define HAVE_DECL_MALLOC 1
| #define HAVE_DECL_REALLOC 1
| #define HAVE_DECL_STPCPY 1
| #define HAVE_DECL_STRSTR 1
| #define HAVE_DECL_SNPRINTF 1
| #define HAVE_DECL_VSNPRINTF 1
| #define HAVE_SYS_PROCFS_H 1
| #define HAVE_PRSTATUS_T 1
| #define HAVE_PRPSINFO_T 1
| /* end confdefs.h.  */
| 
| #define _SYSCALL32
| #include <sys/procfs.h>
| int
| main ()
| {
| win32_pstatus_t avar
|   ;
|   return 0;
| }
configure:10651: result: no
configure:11144: checking for gcc version with buggy 64-bit support
configure:11161: result: no
configure:11199: checking for ftello
configure:11256: mips-linux-gcc -o conftest    conftest.c  >&5
configure:11262: $? = 0
configure:11266: test -z 
			 || test ! -s conftest.err
configure:11269: $? = 0
configure:11272: test -s conftest
configure:11275: $? = 0
configure:11287: result: yes
configure:11199: checking for ftello64
configure:11256: mips-linux-gcc -o conftest    conftest.c  >&5
configure:11262: $? = 0
configure:11266: test -z 
			 || test ! -s conftest.err
configure:11269: $? = 0
configure:11272: test -s conftest
configure:11275: $? = 0
configure:11287: result: yes
configure:11199: checking for fseeko
configure:11256: mips-linux-gcc -o conftest    conftest.c  >&5
configure:11262: $? = 0
configure:11266: test -z 
			 || test ! -s conftest.err
configure:11269: $? = 0
configure:11272: test -s conftest
configure:11275: $? = 0
configure:11287: result: yes
configure:11199: checking for fseeko64
configure:11256: mips-linux-gcc -o conftest    conftest.c  >&5
configure:11262: $? = 0
configure:11266: test -z 
			 || test ! -s conftest.err
configure:11269: $? = 0
configure:11272: test -s conftest
configure:11275: $? = 0
configure:11287: result: yes
configure:11199: checking for fopen64
configure:11256: mips-linux-gcc -o conftest    conftest.c  >&5
configure:11262: $? = 0
configure:11266: test -z 
			 || test ! -s conftest.err
configure:11269: $? = 0
configure:11272: test -s conftest
configure:11275: $? = 0
configure:11287: result: yes
configure:11298: checking for off_t
configure:11322: mips-linux-gcc -c   conftest.c >&5
configure:11328: $? = 0
configure:11332: test -z 
			 || test ! -s conftest.err
configure:11335: $? = 0
configure:11338: test -s conftest.o
configure:11341: $? = 0
configure:11352: result: yes
configure:11355: checking size of off_t
configure:11385: mips-linux-gcc -c   conftest.c >&5
configure:11391: $? = 0
configure:11395: test -z 
			 || test ! -s conftest.err
configure:11398: $? = 0
configure:11401: test -s conftest.o
configure:11404: $? = 0
configure:11426: mips-linux-gcc -c   conftest.c >&5
conftest.c: In function `main':
conftest.c:104: error: size of array `test_array' is negative
configure:11432: $? = 1
configure: failed program was:
| /* confdefs.h.  */
| 
| #define PACKAGE_NAME ""
| #define PACKAGE_TARNAME ""
| #define PACKAGE_VERSION ""
| #define PACKAGE_STRING ""
| #define PACKAGE_BUGREPORT ""
| #define PACKAGE "bfd"
| #define VERSION "2.17.50.0.12"
| #define _GNU_SOURCE 1
| #define ENABLE_NLS 1
| #define STDC_HEADERS 1
| #define HAVE_SYS_TYPES_H 1
| #define HAVE_SYS_STAT_H 1
| #define HAVE_STDLIB_H 1
| #define HAVE_STRING_H 1
| #define HAVE_MEMORY_H 1
| #define HAVE_STRINGS_H 1
| #define HAVE_INTTYPES_H 1
| #define HAVE_STDINT_H 1
| #define HAVE_UNISTD_H 1
| #define SIZEOF_LONG_LONG 8
| #define SIZEOF_LONG 4
| #define HAVE_STDDEF_H 1
| #define HAVE_STRING_H 1
| #define HAVE_STRINGS_H 1
| #define HAVE_STDLIB_H 1
| #define HAVE_TIME_H 1
| #define HAVE_UNISTD_H 1
| #define HAVE_FCNTL_H 1
| #define HAVE_SYS_FILE_H 1
| #define HAVE_SYS_TIME_H 1
| #define TIME_WITH_SYS_TIME 1
| #define HAVE_DIRENT_H 1
| #define STRING_WITH_STRINGS 1
| #define HAVE_FCNTL 1
| #define HAVE_GETPAGESIZE 1
| #define HAVE_SETITIMER 1
| #define HAVE_SYSCONF 1
| #define HAVE_FDOPEN 1
| #define HAVE_GETUID 1
| #define HAVE_GETGID 1
| #define HAVE_STRTOULL 1
| #define HAVE_DECL_BASENAME 1
| #define HAVE_DECL_FTELLO 1
| #define HAVE_DECL_FTELLO64 1
| #define HAVE_DECL_FSEEKO 1
| #define HAVE_DECL_FSEEKO64 1
| #define HAVE_DECL_FFS 1
| #define HAVE_DECL_FREE 1
| #define HAVE_DECL_GETENV 1
| #define HAVE_DECL_MALLOC 1
| #define HAVE_DECL_REALLOC 1
| #define HAVE_DECL_STPCPY 1
| #define HAVE_DECL_STRSTR 1
| #define HAVE_DECL_SNPRINTF 1
| #define HAVE_DECL_VSNPRINTF 1
| #define HAVE_SYS_PROCFS_H 1
| #define HAVE_PRSTATUS_T 1
| #define HAVE_PRPSINFO_T 1
| #define HAVE_FTELLO 1
| #define HAVE_FTELLO64 1
| #define HAVE_FSEEKO 1
| #define HAVE_FSEEKO64 1
| #define HAVE_FOPEN64 1
| /* end confdefs.h.  */
| #include <stdio.h>
| #if HAVE_SYS_TYPES_H
| # include <sys/types.h>
| #endif
| #if HAVE_SYS_STAT_H
| # include <sys/stat.h>
| #endif
| #if STDC_HEADERS
| # include <stdlib.h>
| # include <stddef.h>
| #else
| # if HAVE_STDLIB_H
| #  include <stdlib.h>
| # endif
| #endif
| #if HAVE_STRING_H
| # if !STDC_HEADERS && HAVE_MEMORY_H
| #  include <memory.h>
| # endif
| # include <string.h>
| #endif
| #if HAVE_STRINGS_H
| # include <strings.h>
| #endif
| #if HAVE_INTTYPES_H
| # include <inttypes.h>
| #else
| # if HAVE_STDINT_H
| #  include <stdint.h>
| # endif
| #endif
| #if HAVE_UNISTD_H
| # include <unistd.h>
| #endif
| int
| main ()
| {
| static int test_array [1 - 2 * !(((long) (sizeof (off_t))) <= 0)];
| test_array [0] = 0
| 
|   ;
|   return 0;
| }
configure:11426: mips-linux-gcc -c   conftest.c >&5
conftest.c: In function `main':
conftest.c:104: error: size of array `test_array' is negative
configure:11432: $? = 1
configure: failed program was:
| /* confdefs.h.  */
| 
| #define PACKAGE_NAME ""
| #define PACKAGE_TARNAME ""
| #define PACKAGE_VERSION ""
| #define PACKAGE_STRING ""
| #define PACKAGE_BUGREPORT ""
| #define PACKAGE "bfd"
| #define VERSION "2.17.50.0.12"
| #define _GNU_SOURCE 1
| #define ENABLE_NLS 1
| #define STDC_HEADERS 1
| #define HAVE_SYS_TYPES_H 1
| #define HAVE_SYS_STAT_H 1
| #define HAVE_STDLIB_H 1
| #define HAVE_STRING_H 1
| #define HAVE_MEMORY_H 1
| #define HAVE_STRINGS_H 1
| #define HAVE_INTTYPES_H 1
| #define HAVE_STDINT_H 1
| #define HAVE_UNISTD_H 1
| #define SIZEOF_LONG_LONG 8
| #define SIZEOF_LONG 4
| #define HAVE_STDDEF_H 1
| #define HAVE_STRING_H 1
| #define HAVE_STRINGS_H 1
| #define HAVE_STDLIB_H 1
| #define HAVE_TIME_H 1
| #define HAVE_UNISTD_H 1
| #define HAVE_FCNTL_H 1
| #define HAVE_SYS_FILE_H 1
| #define HAVE_SYS_TIME_H 1
| #define TIME_WITH_SYS_TIME 1
| #define HAVE_DIRENT_H 1
| #define STRING_WITH_STRINGS 1
| #define HAVE_FCNTL 1
| #define HAVE_GETPAGESIZE 1
| #define HAVE_SETITIMER 1
| #define HAVE_SYSCONF 1
| #define HAVE_FDOPEN 1
| #define HAVE_GETUID 1
| #define HAVE_GETGID 1
| #define HAVE_STRTOULL 1
| #define HAVE_DECL_BASENAME 1
| #define HAVE_DECL_FTELLO 1
| #define HAVE_DECL_FTELLO64 1
| #define HAVE_DECL_FSEEKO 1
| #define HAVE_DECL_FSEEKO64 1
| #define HAVE_DECL_FFS 1
| #define HAVE_DECL_FREE 1
| #define HAVE_DECL_GETENV 1
| #define HAVE_DECL_MALLOC 1
| #define HAVE_DECL_REALLOC 1
| #define HAVE_DECL_STPCPY 1
| #define HAVE_DECL_STRSTR 1
| #define HAVE_DECL_SNPRINTF 1
| #define HAVE_DECL_VSNPRINTF 1
| #define HAVE_SYS_PROCFS_H 1
| #define HAVE_PRSTATUS_T 1
| #define HAVE_PRPSINFO_T 1
| #define HAVE_FTELLO 1
| #define HAVE_FTELLO64 1
| #define HAVE_FSEEKO 1
| #define HAVE_FSEEKO64 1
| #define HAVE_FOPEN64 1
| /* end confdefs.h.  */
| #include <stdio.h>
| #if HAVE_SYS_TYPES_H
| # include <sys/types.h>
| #endif
| #if HAVE_SYS_STAT_H
| # include <sys/stat.h>
| #endif
| #if STDC_HEADERS
| # include <stdlib.h>
| # include <stddef.h>
| #else
| # if HAVE_STDLIB_H
| #  include <stdlib.h>
| # endif
| #endif
| #if HAVE_STRING_H
| # if !STDC_HEADERS && HAVE_MEMORY_H
| #  include <memory.h>
| # endif
| # include <string.h>
| #endif
| #if HAVE_STRINGS_H
| # include <strings.h>
| #endif
| #if HAVE_INTTYPES_H
| # include <inttypes.h>
| #else
| # if HAVE_STDINT_H
| #  include <stdint.h>
| # endif
| #endif
| #if HAVE_UNISTD_H
| # include <unistd.h>
| #endif
| int
| main ()
| {
| static int test_array [1 - 2 * !(((long) (sizeof (off_t))) <= 1)];
| test_array [0] = 0
| 
|   ;
|   return 0;
| }
configure:11426: mips-linux-gcc -c   conftest.c >&5
conftest.c: In function `main':
conftest.c:104: error: size of array `test_array' is negative
configure:11432: $? = 1
configure: failed program was:
| /* confdefs.h.  */
| 
| #define PACKAGE_NAME ""
| #define PACKAGE_TARNAME ""
| #define PACKAGE_VERSION ""
| #define PACKAGE_STRING ""
| #define PACKAGE_BUGREPORT ""
| #define PACKAGE "bfd"
| #define VERSION "2.17.50.0.12"
| #define _GNU_SOURCE 1
| #define ENABLE_NLS 1
| #define STDC_HEADERS 1
| #define HAVE_SYS_TYPES_H 1
| #define HAVE_SYS_STAT_H 1
| #define HAVE_STDLIB_H 1
| #define HAVE_STRING_H 1
| #define HAVE_MEMORY_H 1
| #define HAVE_STRINGS_H 1
| #define HAVE_INTTYPES_H 1
| #define HAVE_STDINT_H 1
| #define HAVE_UNISTD_H 1
| #define SIZEOF_LONG_LONG 8
| #define SIZEOF_LONG 4
| #define HAVE_STDDEF_H 1
| #define HAVE_STRING_H 1
| #define HAVE_STRINGS_H 1
| #define HAVE_STDLIB_H 1
| #define HAVE_TIME_H 1
| #define HAVE_UNISTD_H 1
| #define HAVE_FCNTL_H 1
| #define HAVE_SYS_FILE_H 1
| #define HAVE_SYS_TIME_H 1
| #define TIME_WITH_SYS_TIME 1
| #define HAVE_DIRENT_H 1
| #define STRING_WITH_STRINGS 1
| #define HAVE_FCNTL 1
| #define HAVE_GETPAGESIZE 1
| #define HAVE_SETITIMER 1
| #define HAVE_SYSCONF 1
| #define HAVE_FDOPEN 1
| #define HAVE_GETUID 1
| #define HAVE_GETGID 1
| #define HAVE_STRTOULL 1
| #define HAVE_DECL_BASENAME 1
| #define HAVE_DECL_FTELLO 1
| #define HAVE_DECL_FTELLO64 1
| #define HAVE_DECL_FSEEKO 1
| #define HAVE_DECL_FSEEKO64 1
| #define HAVE_DECL_FFS 1
| #define HAVE_DECL_FREE 1
| #define HAVE_DECL_GETENV 1
| #define HAVE_DECL_MALLOC 1
| #define HAVE_DECL_REALLOC 1
| #define HAVE_DECL_STPCPY 1
| #define HAVE_DECL_STRSTR 1
| #define HAVE_DECL_SNPRINTF 1
| #define HAVE_DECL_VSNPRINTF 1
| #define HAVE_SYS_PROCFS_H 1
| #define HAVE_PRSTATUS_T 1
| #define HAVE_PRPSINFO_T 1
| #define HAVE_FTELLO 1
| #define HAVE_FTELLO64 1
| #define HAVE_FSEEKO 1
| #define HAVE_FSEEKO64 1
| #define HAVE_FOPEN64 1
| /* end confdefs.h.  */
| #include <stdio.h>
| #if HAVE_SYS_TYPES_H
| # include <sys/types.h>
| #endif
| #if HAVE_SYS_STAT_H
| # include <sys/stat.h>
| #endif
| #if STDC_HEADERS
| # include <stdlib.h>
| # include <stddef.h>
| #else
| # if HAVE_STDLIB_H
| #  include <stdlib.h>
| # endif
| #endif
| #if HAVE_STRING_H
| # if !STDC_HEADERS && HAVE_MEMORY_H
| #  include <memory.h>
| # endif
| # include <string.h>
| #endif
| #if HAVE_STRINGS_H
| # include <strings.h>
| #endif
| #if HAVE_INTTYPES_H
| # include <inttypes.h>
| #else
| # if HAVE_STDINT_H
| #  include <stdint.h>
| # endif
| #endif
| #if HAVE_UNISTD_H
| # include <unistd.h>
| #endif
| int
| main ()
| {
| static int test_array [1 - 2 * !(((long) (sizeof (off_t))) <= 3)];
| test_array [0] = 0
| 
|   ;
|   return 0;
| }
configure:11426: mips-linux-gcc -c   conftest.c >&5
configure:11432: $? = 0
configure:11436: test -z 
			 || test ! -s conftest.err
configure:11439: $? = 0
configure:11442: test -s conftest.o
configure:11445: $? = 0
configure:11589: mips-linux-gcc -c   conftest.c >&5
configure:11595: $? = 0
configure:11599: test -z 
			 || test ! -s conftest.err
configure:11602: $? = 0
configure:11605: test -s conftest.o
configure:11608: $? = 0
configure:11589: mips-linux-gcc -c   conftest.c >&5
configure:11595: $? = 0
configure:11599: test -z 
			 || test ! -s conftest.err
configure:11602: $? = 0
configure:11605: test -s conftest.o
configure:11608: $? = 0
configure:11705: result: 4
configure:11713: checking file_ptr type
configure:11722: result: BFD_HOST_64_BIT
configure:11742: checking for stdlib.h
configure:11747: result: yes
configure:11742: checking for unistd.h
configure:11747: result: yes
configure:11891: checking for getpagesize
configure:11979: result: yes
configure:11989: checking for working mmap
configure:12153: result: no
configure:12169: checking for madvise
configure:12226: mips-linux-gcc -o conftest    conftest.c  >&5
configure:12232: $? = 0
configure:12236: test -z 
			 || test ! -s conftest.err
configure:12239: $? = 0
configure:12242: test -s conftest
configure:12245: $? = 0
configure:12257: result: yes
configure:12169: checking for mprotect
configure:12226: mips-linux-gcc -o conftest    conftest.c  >&5
configure:12232: $? = 0
configure:12236: test -z 
			 || test ! -s conftest.err
configure:12239: $? = 0
configure:12242: test -s conftest
configure:12245: $? = 0
configure:12257: result: yes
configure:12416: creating ./config.status

## ---------------------- ##
## Running config.status. ##
## ---------------------- ##

This file was extended by config.status, which was
generated by GNU Autoconf 2.59.  Invocation command line was

  CONFIG_FILES    = 
  CONFIG_HEADERS  = 
  CONFIG_LINKS    = 
  CONFIG_COMMANDS = 
  $ ./config.status 

on linux_test.broadcom.com

config.status:774: creating ../binutils.spec
config.status:774: creating Makefile
config.status:774: creating doc/Makefile
config.status:774: creating bfd-in3.h
config.status:774: creating po/Makefile.in
config.status:871: creating config.h
config.status:1279: executing depfiles commands
config.status:1279: executing default-1 commands
config.status:1279: executing default commands

## ---------------- ##
## Cache variables. ##
## ---------------- ##

ac_cv_archive_cmds_needs_lc=yes
ac_cv_build=i386-pc-linux-gnu
ac_cv_build_alias=i386-linux
ac_cv_c_compiler_gnu=yes
ac_cv_env_CC_set=set
ac_cv_env_CC_value=mips-linux-gcc
ac_cv_env_CFLAGS_set=set
ac_cv_env_CFLAGS_value=
ac_cv_env_CPPFLAGS_set=
ac_cv_env_CPPFLAGS_value=
ac_cv_env_CPP_set=
ac_cv_env_CPP_value=
ac_cv_env_LDFLAGS_set=set
ac_cv_env_LDFLAGS_value=
ac_cv_env_build_alias_set=set
ac_cv_env_build_alias_value=i386-linux
ac_cv_env_host_alias_set=set
ac_cv_env_host_alias_value=mips-linux
ac_cv_env_target_alias_set=set
ac_cv_env_target_alias_value=mips-linux
ac_cv_exeext=
ac_cv_func_fcntl=yes
ac_cv_func_fdopen=yes
ac_cv_func_fopen64=yes
ac_cv_func_fseeko=yes
ac_cv_func_fseeko64=yes
ac_cv_func_ftello=yes
ac_cv_func_ftello64=yes
ac_cv_func_getgid=yes
ac_cv_func_getpagesize=yes
ac_cv_func_getuid=yes
ac_cv_func_madvise=yes
ac_cv_func_mmap_fixed_mapped=no
ac_cv_func_mprotect=yes
ac_cv_func_setitimer=yes
ac_cv_func_strtoull=yes
ac_cv_func_sysconf=yes
ac_cv_have_decl_basename=yes
ac_cv_have_decl_ffs=yes
ac_cv_have_decl_free=yes
ac_cv_have_decl_fseeko=yes
ac_cv_have_decl_fseeko64=yes
ac_cv_have_decl_ftello=yes
ac_cv_have_decl_ftello64=yes
ac_cv_have_decl_getenv=yes
ac_cv_have_decl_malloc=yes
ac_cv_have_decl_realloc=yes
ac_cv_have_decl_snprintf=yes
ac_cv_have_decl_stpcpy=yes
ac_cv_have_decl_strstr=yes
ac_cv_have_decl_vsnprintf=yes
ac_cv_header_dirent_dirent_h=yes
ac_cv_header_fcntl_h=yes
ac_cv_header_inttypes_h=yes
ac_cv_header_memory_h=yes
ac_cv_header_stdc=yes
ac_cv_header_stddef_h=yes
ac_cv_header_stdint_h=yes
ac_cv_header_stdlib_h=yes
ac_cv_header_string_h=yes
ac_cv_header_strings_h=yes
ac_cv_header_sys_file_h=yes
ac_cv_header_sys_procfs_h=yes
ac_cv_header_sys_stat_h=yes
ac_cv_header_sys_time_h=yes
ac_cv_header_sys_types_h=yes
ac_cv_header_time=yes
ac_cv_header_time_h=yes
ac_cv_header_unistd_h=yes
ac_cv_host=mips-unknown-linux-gnu
ac_cv_host_alias=mips-linux
ac_cv_objext=o
ac_cv_path_GMSGFMT=/usr/bin/msgfmt
ac_cv_path_MSGFMT=/usr/bin/msgfmt
ac_cv_path_MSGMERGE=/usr/bin/msgmerge
ac_cv_path_XGETTEXT=/usr/bin/xgettext
ac_cv_prog_AR=mips-linux-ar
ac_cv_prog_AWK=gawk
ac_cv_prog_CC=mips-linux-gcc
ac_cv_prog_CPP='mips-linux-gcc -E'
ac_cv_prog_RANLIB=mips-linux-ranlib
ac_cv_prog_STRIP=mips-linux-strip
ac_cv_prog_cc_can_build_shared=yes
ac_cv_prog_cc_g=yes
ac_cv_prog_cc_no_builtin=
ac_cv_prog_cc_pic=' -fPIC -DPIC'
ac_cv_prog_cc_pic_works=yes
ac_cv_prog_cc_shlib=
ac_cv_prog_cc_static=-static
ac_cv_prog_cc_static_works=yes
ac_cv_prog_cc_stdc=
ac_cv_prog_cc_wl=-Wl,
ac_cv_prog_egrep='grep -E'
ac_cv_prog_make_make_set=yes
ac_cv_search_opendir='none required'
ac_cv_search_strerror='none required'
ac_cv_sizeof_long=4
ac_cv_sizeof_long_long=8
ac_cv_sizeof_off_t=4
ac_cv_target=mips-unknown-linux-gnu
ac_cv_target_alias=mips-linux
ac_cv_type_long=yes
ac_cv_type_long_long=yes
ac_cv_type_off_t=yes
am_cv_CC_dependencies_compiler_type=gcc3
bfd_cv_build_exeext=no
bfd_cv_has_long_long=yes
bfd_cv_have_sys_procfs_type_lwpstatus_t=no
bfd_cv_have_sys_procfs_type_lwpxstatus_t=no
bfd_cv_have_sys_procfs_type_member_lwpstatus_t_pr_context=no
bfd_cv_have_sys_procfs_type_member_lwpstatus_t_pr_reg=no
bfd_cv_have_sys_procfs_type_member_prstatus32_t_pr_who=no
bfd_cv_have_sys_procfs_type_member_prstatus_t_pr_who=no
bfd_cv_have_sys_procfs_type_prpsinfo32_t=no
bfd_cv_have_sys_procfs_type_prpsinfo_t=yes
bfd_cv_have_sys_procfs_type_prstatus32_t=no
bfd_cv_have_sys_procfs_type_prstatus_t=yes
bfd_cv_have_sys_procfs_type_psinfo32_t=no
bfd_cv_have_sys_procfs_type_psinfo_t=no
bfd_cv_have_sys_procfs_type_pstatus32_t=no
bfd_cv_have_sys_procfs_type_pstatus_t=no
bfd_cv_have_sys_procfs_type_pxstatus_t=no
bfd_cv_have_sys_procfs_type_win32_pstatus_t=no
gcc_cv_header_string=yes
lt_cv_compiler_c_o=yes
lt_cv_deplibs_check_method=pass_all
lt_cv_file_magic_cmd='$MAGIC_CMD'
lt_cv_file_magic_test_file=
lt_cv_ld_reload_flag=-r
lt_cv_path_LD=mips-linux-ld
lt_cv_path_NM=mips-linux-nm
lt_cv_prog_gnu_ld=yes
lt_cv_sys_max_cmd_len=49153

## ----------------- ##
## Output variables. ##
## ----------------- ##

ACLOCAL='${SHELL} /myviews/xj1_rel2618_1_0_sview/vobs/Ref_Linux_Kernel/src/uclinux-rootfs/lib/binutils-2.17.50.0.12/missing --run aclocal-1.9'
AMDEPBACKSLASH='\'
AMDEP_FALSE='#'
AMDEP_TRUE=''
AMTAR='${SHELL} /myviews/xj1_rel2618_1_0_sview/vobs/Ref_Linux_Kernel/src/uclinux-rootfs/lib/binutils-2.17.50.0.12/missing --run tar'
AR='mips-linux-ar'
AUTOCONF='${SHELL} /myviews/xj1_rel2618_1_0_sview/vobs/Ref_Linux_Kernel/src/uclinux-rootfs/lib/binutils-2.17.50.0.12/missing --run autoconf'
AUTOHEADER='${SHELL} /myviews/xj1_rel2618_1_0_sview/vobs/Ref_Linux_Kernel/src/uclinux-rootfs/lib/binutils-2.17.50.0.12/missing --run autoheader'
AUTOMAKE='${SHELL} /myviews/xj1_rel2618_1_0_sview/vobs/Ref_Linux_Kernel/src/uclinux-rootfs/lib/binutils-2.17.50.0.12/missing --run automake-1.9'
AWK='gawk'
BFD_HOST_64BIT_LONG='0'
BFD_HOST_64_BIT='long long'
BFD_HOST_64_BIT_DEFINED='1'
BFD_HOST_LONG_LONG='1'
BFD_HOST_U_64_BIT='unsigned long long'
CATALOGS=' da.gmo es.gmo fr.gmo ja.gmo ro.gmo rw.gmo sv.gmo tr.gmo vi.gmo zh_CN.gmo da.gmo es.gmo fr.gmo ja.gmo ro.gmo rw.gmo sv.gmo tr.gmo vi.gmo zh_CN.gmo'
CATOBJEXT='.gmo'
CC='mips-linux-gcc'
CCDEPMODE='depmode=gcc3'
CC_FOR_BUILD='gcc'
CFLAGS=''
COREFILE=''
COREFLAG=''
CPP='mips-linux-gcc -E'
CPPFLAGS=''
CYGPATH_W='echo'
DATADIRNAME='share'
DEFS='-DHAVE_CONFIG_H'
DEPDIR='.deps'
ECHO_C=''
ECHO_N='-n'
ECHO_T=''
EGREP='grep -E'
EXEEXT=''
EXEEXT_FOR_BUILD=''
GENCAT='gencat'
GENINSRC_NEVER_FALSE=''
GENINSRC_NEVER_TRUE='#'
GMSGFMT='/usr/bin/msgfmt'
HDEFINES=''
INCINTL='-I${top_builddir}/../intl'
INSTALL_DATA='/usr/bin/install -c -m 644'
INSTALL_LIBBFD_FALSE='#'
INSTALL_LIBBFD_TRUE=''
INSTALL_PROGRAM='/usr/bin/install -c'
INSTALL_SCRIPT='/usr/bin/install -c'
INSTALL_STRIP_PROGRAM='${SHELL} $(install_sh) -c -s'
INSTOBJEXT='.mo'
LDFLAGS=''
LIBINTL='${top_builddir}/../intl/libintl.a'
LIBINTL_DEP='${top_builddir}/../intl/libintl.a'
LIBOBJS=''
LIBS=''
LIBTOOL='$(SHELL) $(top_builddir)/libtool'
LN_S='ln -s'
LTLIBOBJS=''
MAINT='#'
MAINTAINER_MODE_FALSE=''
MAINTAINER_MODE_TRUE='#'
MAKEINFO='makeinfo --split-size=5000000'
MKINSTALLDIRS='$(top_builddir)/.././bfd/../mkinstalldirs'
MSGFMT='/usr/bin/msgfmt'
MSGMERGE='/usr/bin/msgmerge'
NO_WERROR='-Wno-error'
OBJEXT='o'
PACKAGE='bfd'
PACKAGE_BUGREPORT=''
PACKAGE_NAME=''
PACKAGE_STRING=''
PACKAGE_TARNAME=''
PACKAGE_VERSION=''
PATH_SEPARATOR=':'
POSUB='po'
RANLIB='mips-linux-ranlib'
SET_MAKE=''
SHELL='/bin/sh'
STRIP='mips-linux-strip'
TDEFINES=' '
USE_NLS='yes'
VERSION='2.17.50.0.12'
WARN_CFLAGS='-W -Wall -Wstrict-prototypes -Wmissing-prototypes -Werror'
WIN32LDFLAGS=''
WIN32LIBADD=''
XGETTEXT='/usr/bin/xgettext'
ac_ct_AR=''
ac_ct_CC=''
ac_ct_RANLIB=''
ac_ct_STRIP=''
all_backends='$(BFD64_BACKENDS) $(BFD32_BACKENDS)'
am__fastdepCC_FALSE='#'
am__fastdepCC_TRUE=''
am__include='include'
am__leading_dot='.'
am__quote=''
am__tar='${AMTAR} chof - "$$tardir"'
am__untar='${AMTAR} xf -'
bfd64_libs='$(BFD64_LIBS)'
bfd_backends=' elf32-mips.lo elfxx-mips.lo elf-vxworks.lo elf32.lo elf.lo elflink.lo elf-strtab.lo elf-eh-frame.lo dwarf1.lo ecofflink.lo coff-mips.lo ecoff.lo elfn32-mips.lo elf64-mips.lo elf64.lo elf64-gen.lo elf32-gen.lo'
bfd_default_target_size='32'
bfd_file_ptr='BFD_HOST_64_BIT'
bfd_machines=' cpu-mips.lo'
bfd_ufile_ptr='BFD_HOST_U_64_BIT'
bfdincludedir='$(includedir)'
bfdlibdir='$(libdir)'
bindir='${exec_prefix}/bin'
build='i386-pc-linux-gnu'
build_alias='i386-linux'
build_cpu='i386'
build_os='linux-gnu'
build_vendor='pc'
datadir='${prefix}/share'
datarootdir='/usr/local/share'
docdir='/usr/local/share/doc'
exec_prefix='${prefix}'
host='mips-unknown-linux-gnu'
host_alias='mips-linux'
host_cpu='mips'
host_noncanonical='mips-linux'
host_os='linux-gnu'
host_vendor='unknown'
htmldir='/usr/local/share/doc'
includedir='${prefix}/include'
infodir='${prefix}/info'
install_sh='/myviews/xj1_rel2618_1_0_sview/vobs/Ref_Linux_Kernel/src/uclinux-rootfs/lib/binutils-2.17.50.0.12/install-sh'
libdir='${exec_prefix}/lib'
libexecdir='${exec_prefix}/libexec'
localstatedir='${prefix}/var'
mandir='${prefix}/man'
mkdir_p='mkdir -p --'
oldincludedir='/usr/include'
prefix='/usr/local'
program_transform_name='s,y,y,'
sbindir='${exec_prefix}/sbin'
sharedstatedir='${prefix}/com'
sysconfdir='${prefix}/etc'
target='mips-unknown-linux-gnu'
target_alias='mips-linux'
target_cpu='mips'
target_noncanonical='mips-linux'
target_os='linux-gnu'
target_vendor='unknown'
tdefaults=' -DDEFAULT_VECTOR=bfd_elf32_tradbigmips_vec -DSELECT_VECS='&bfd_elf32_tradbigmips_vec,&bfd_elf32_tradlittlemips_vec,&ecoff_big_vec,&ecoff_little_vec,&bfd_elf32_ntradbigmips_vec,&bfd_elf64_tradbigmips_vec,&bfd_elf32_ntradlittlemips_vec,&bfd_elf64_tradlittlemips_vec,&bfd_elf64_little_generic_vec,&bfd_elf64_big_generic_vec,&bfd_elf32_little_generic_vec,&bfd_elf32_big_generic_vec' -DSELECT_ARCHITECTURES='&bfd_mips_arch' -DHAVE_bfd_elf32_tradbigmips_vec -DHAVE_bfd_elf32_tradlittlemips_vec -DHAVE_ecoff_big_vec -DHAVE_ecoff_little_vec -DHAVE_bfd_elf32_ntradbigmips_vec -DHAVE_bfd_elf64_tradbigmips_vec -DHAVE_bfd_elf32_ntradlittlemips_vec -DHAVE_bfd_elf64_tradlittlemips_vec -DHAVE_bfd_elf64_little_generic_vec -DHAVE_bfd_elf64_big_generic_vec -DHAVE_bfd_elf32_little_generic_vec -DHAVE_bfd_elf32_big_generic_vec'
wordsize='64'

## ----------- ##
## confdefs.h. ##
## ----------- ##

#define ENABLE_NLS 1
#define HAVE_DECL_BASENAME 1
#define HAVE_DECL_FFS 1
#define HAVE_DECL_FREE 1
#define HAVE_DECL_FSEEKO 1
#define HAVE_DECL_FSEEKO64 1
#define HAVE_DECL_FTELLO 1
#define HAVE_DECL_FTELLO64 1
#define HAVE_DECL_GETENV 1
#define HAVE_DECL_MALLOC 1
#define HAVE_DECL_REALLOC 1
#define HAVE_DECL_SNPRINTF 1
#define HAVE_DECL_STPCPY 1
#define HAVE_DECL_STRSTR 1
#define HAVE_DECL_VSNPRINTF 1
#define HAVE_DIRENT_H 1
#define HAVE_FCNTL 1
#define HAVE_FCNTL_H 1
#define HAVE_FDOPEN 1
#define HAVE_FOPEN64 1
#define HAVE_FSEEKO 1
#define HAVE_FSEEKO64 1
#define HAVE_FTELLO 1
#define HAVE_FTELLO64 1
#define HAVE_GETGID 1
#define HAVE_GETPAGESIZE 1
#define HAVE_GETPAGESIZE 1
#define HAVE_GETUID 1
#define HAVE_INTTYPES_H 1
#define HAVE_MADVISE 1
#define HAVE_MEMORY_H 1
#define HAVE_MPROTECT 1
#define HAVE_PRPSINFO_T 1
#define HAVE_PRSTATUS_T 1
#define HAVE_SETITIMER 1
#define HAVE_STDDEF_H 1
#define HAVE_STDINT_H 1
#define HAVE_STDLIB_H 1
#define HAVE_STDLIB_H 1
#define HAVE_STDLIB_H 1
#define HAVE_STRINGS_H 1
#define HAVE_STRINGS_H 1
#define HAVE_STRING_H 1
#define HAVE_STRING_H 1
#define HAVE_STRTOULL 1
#define HAVE_SYSCONF 1
#define HAVE_SYS_FILE_H 1
#define HAVE_SYS_PROCFS_H 1
#define HAVE_SYS_STAT_H 1
#define HAVE_SYS_TIME_H 1
#define HAVE_SYS_TYPES_H 1
#define HAVE_TIME_H 1
#define HAVE_UNISTD_H 1
#define HAVE_UNISTD_H 1
#define HAVE_UNISTD_H 1
#define PACKAGE "bfd"
#define PACKAGE_BUGREPORT ""
#define PACKAGE_NAME ""
#define PACKAGE_STRING ""
#define PACKAGE_TARNAME ""
#define PACKAGE_VERSION ""
#define SIZEOF_LONG 4
#define SIZEOF_LONG_LONG 8
#define SIZEOF_OFF_T 4
#define STDC_HEADERS 1
#define STRING_WITH_STRINGS 1
#define TIME_WITH_SYS_TIME 1
#define VERSION "2.17.50.0.12"
#define _GNU_SOURCE 1

configure: exit 0

## ---------------------- ##
## Running config.status. ##
## ---------------------- ##

This file was extended by config.status, which was
generated by GNU Autoconf 2.59.  Invocation command line was

  CONFIG_FILES    = po/Makefile.in:po/Make-in
  CONFIG_HEADERS  = 
  CONFIG_LINKS    = 
  CONFIG_COMMANDS = 
  $ ./config.status 

on linux_test.broadcom.com

config.status:774: creating po/Makefile.in
config.status:1279: executing depfiles commands
config.status:1279: executing default-1 commands
config.status:1279: executing default commands
